{XiaYiGeLessonId: "117568", PlayPosition: "0", LearnRecordID: "0", XiaYiGeClassId: "451",…}
HighPathUrl: "c6c5c8cd-6c38-4b5a-9a1b-bc293a052a82"
LearnRecordID: "0"
LessonName: "导学课（1）（刘建波）"
LessonTypeName: "考研公共课_导学规划课_考研英语二"
LessonUrl: "http://cdnaliyunv.zhongye.net/201901/94d4eca4-9457-4be1-a83c-9d0d9eddfcca"
LowPathUrl: "7234715f-a459-4b36-bdd0-96e05c245f96"
MidPathUrl: "5dc4cfb0-beef-4045-ad38-5fcccb8f8bef"
OnePointHalfPath: ""
PlayPosition: "0"
TwoPath: ""
XiaYiGeClassId: "451"
XiaYiGeExamId: "1038"
XiaYiGeLessonId: "117568"

{XiaYiGeLessonId: "0", PlayPosition: "88", LearnRecordID: "0", XiaYiGeClassId: "0", XiaYiGeExamId: "0",…}
HighPathUrl: "b29f61e3-8572-4c43-8429-dca26956c595"
LearnRecordID: "0"
LessonName: "导学课（2）（刘建波）"
LessonTypeName: "考研公共课_导学规划课_考研英语二"
LessonUrl: "http://cdnaliyunv.zhongye.net/201902/24236eb0-db9b-40f0-8190-dd1e7b5746c4"
LowPathUrl: "7f316317-0cbf-4457-b25d-057776007fe7"
MidPathUrl: "a53068f7-10dd-418a-aa99-3a1e8f3ef83f"
OnePointHalfPath: ""
PlayPosition: "88"
TwoPath: ""
XiaYiGeClassId: "0"
XiaYiGeExamId: "0"
XiaYiGeLessonId: "0"

{XiaYiGeLessonId: "112561", PlayPosition: "9", LearnRecordID: "0", XiaYiGeClassId: "450",…}
HighPathUrl: "c07e17f5-916c-4804-acd7-a4287d03c839"
LearnRecordID: "0"
LessonName: "2020考研 统考英语 词汇：导学（1）（苗嘉）"
LessonTypeName: "考研公共课_基础精讲课_考研英语二"
LessonUrl: "http://cdnaliyunv.zhongye.net/201811/2d005474-f7c8-4401-b184-e643672cdcf5"
LowPathUrl: "624b4b76-4d2a-42d4-901f-4a8236ea84ad"
MidPathUrl: "48bd46e0-0367-4060-92e8-80bcb6284163"
OnePointHalfPath: ""
PlayPosition: "9"
TwoPath: ""
XiaYiGeClassId: "450"
XiaYiGeExamId: "1038"
XiaYiGeLessonId: "112561"

{XiaYiGeLessonId: "112564", PlayPosition: "29", LearnRecordID: "0", XiaYiGeClassId: "450",…}
HighPathUrl: "0016a231-facb-4e73-abc5-16985ce04579"
LearnRecordID: "0"
LessonName: "2020考研 统考英语 词汇：导学（2）（苗嘉）"
LessonTypeName: "考研公共课_基础精讲课_考研英语二"
LessonUrl: "http://cdnaliyunv.zhongye.net/201811/4ef6ea3b-5015-4bb4-ad48-84200d6ea60a"
LowPathUrl: "6f69104c-3bad-4cd8-a4de-5a78b25adbc8"
MidPathUrl: "9948a388-9aa0-494b-9d38-5440a64d2f16"
OnePointHalfPath: ""
PlayPosition: "29"
TwoPath: ""
XiaYiGeClassId: "450"
XiaYiGeExamId: "1038"
XiaYiGeLessonId: "112564"

{XiaYiGeLessonId: "112569", PlayPosition: "479", LearnRecordID: "0", XiaYiGeClassId: "450",…}
HighPathUrl: "fca3c53f-d518-4e66-b617-6b0b64643e94"
LearnRecordID: "0"
LessonName: "2020考研 统考英语 词汇：导学（3）（苗嘉）"
LessonTypeName: "考研公共课_基础精讲课_考研英语二"
LessonUrl: "http://cdnaliyunv.zhongye.net/201811/9ec740b5-9474-4fef-abd3-59f25efb0e09"
LowPathUrl: "857cbed1-d695-4afb-99c1-bbf1f1c6d4ca"
MidPathUrl: "b1505bc3-2191-4f35-8ac2-8cae904032b5"
OnePointHalfPath: ""
PlayPosition: "479"
TwoPath: ""
XiaYiGeClassId: "450"
XiaYiGeExamId: "1038"
XiaYiGeLessonId: "112569"

{XiaYiGeLessonId: "112621", PlayPosition: "0", LearnRecordID: "0", XiaYiGeClassId: "450",…}
HighPathUrl: "8436a027-13f8-447c-8a6e-cece66701120"
LearnRecordID: "0"
LessonName: "2020考研 统考英语 核心词汇：社会生活（1）（苗嘉）"
LessonTypeName: "考研公共课_基础精讲课_考研英语二"
LessonUrl: "http://cdnaliyunv.zhongye.net/201801/7e8e13ec-edcf-4ef5-ab4d-ea03fc8c1da6"
LowPathUrl: "4527242f-5d5a-4e6b-878e-3b6c1220d5a8"
MidPathUrl: "e168be81-c0c6-4dc2-8af1-ab6113e72aed"
OnePointHalfPath: ""
PlayPosition: "0"
TwoPath: ""
XiaYiGeClassId: "450"
XiaYiGeExamId: "1038"
XiaYiGeLessonId: "112621"

{XiaYiGeLessonId: "112622", PlayPosition: "0", LearnRecordID: "0", XiaYiGeClassId: "450",…}
HighPathUrl: "0609bec4-f68b-4d65-813d-7476cb1d9775"
LearnRecordID: "0"
LessonName: "2020考研 统考英语 核心词汇：社会生活（2）（苗嘉）"
LessonTypeName: "考研公共课_基础精讲课_考研英语二"
LessonUrl: "http://cdnaliyunv.zhongye.net/201811/8d560a9b-82f6-43b5-b645-b74446342b89"
LowPathUrl: "2c5f39af-95fb-4b26-8233-03e8a3b3a472"
MidPathUrl: "9e31354c-12b1-4821-a002-8f8febba5c66"
OnePointHalfPath: ""
PlayPosition: "0"
TwoPath: ""
XiaYiGeClassId: "450"
XiaYiGeExamId: "1038"
XiaYiGeLessonId: "112622"

{XiaYiGeLessonId: "112623", PlayPosition: "29", LearnRecordID: "0", XiaYiGeClassId: "450",…}
HighPathUrl: "66e4a154-7639-447d-9be6-4ae466c0a3a4"
LearnRecordID: "0"
LessonName: "2020考研 统考英语 核心词汇：社会生活（3）（苗嘉）"
LessonTypeName: "考研公共课_基础精讲课_考研英语二"
LessonUrl: "http://cdnaliyunv.zhongye.net/201801/4ad7058a-b36a-42c2-8b03-9bb2cfb83dc5"
LowPathUrl: "6fb5c81c-63a4-48fa-9785-02a294684fcf"
MidPathUrl: "718c41ff-261b-4585-8cad-0f1a01761aea"
OnePointHalfPath: ""
PlayPosition: "29"
TwoPath: ""
XiaYiGeClassId: "450"
XiaYiGeExamId: "1038"
XiaYiGeLessonId: "112623"

{XiaYiGeLessonId: "112625", PlayPosition: "29", LearnRecordID: "0", XiaYiGeClassId: "450",…}
HighPathUrl: "75c44e77-a07d-486c-b66e-6ae9a775412c"
LearnRecordID: "0"
LessonName: "2020考研 统考英语 核心词汇：社会生活（4）（苗嘉）"
LessonTypeName: "考研公共课_基础精讲课_考研英语二"
LessonUrl: "http://cdnaliyunv.zhongye.net/201811/21c4c914-5456-4e94-bd01-359400b92011"
LowPathUrl: "f835d521-5416-4b36-994f-8dd108446f44"
MidPathUrl: "05e0b636-d81b-4466-94c4-601ef171139d"
OnePointHalfPath: ""
PlayPosition: "29"
TwoPath: ""
XiaYiGeClassId: "450"
XiaYiGeExamId: "1038"
XiaYiGeLessonId: "112625"

{XiaYiGeLessonId: "112626", PlayPosition: "0", LearnRecordID: "0", XiaYiGeClassId: "450",…}
HighPathUrl: "39b482cf-0f25-49f1-bafc-8436ef99a97f"
LearnRecordID: "0"
LessonName: "2020考研 统考英语 核心词汇：社会生活（5）（苗嘉）"
LessonTypeName: "考研公共课_基础精讲课_考研英语二"
LessonUrl: "http://cdnaliyunv.zhongye.net/201801/33a42fe8-dced-4551-bd99-925b8e5d56f5"
LowPathUrl: "5432baeb-d476-4b6b-95ee-cf12e1b6a56f"
MidPathUrl: "930ae58b-8e20-4449-95e9-0fa6011676c9"
OnePointHalfPath: ""
PlayPosition: "0"
TwoPath: ""
XiaYiGeClassId: "450"
XiaYiGeExamId: "1038"
XiaYiGeLessonId: "112626"

{XiaYiGeLessonId: "112628", PlayPosition: "0", LearnRecordID: "0", XiaYiGeClassId: "450",…}
HighPathUrl: "ccc5270f-2912-4502-88a9-fd55a22ad53f"
LearnRecordID: "0"
LessonName: "2020考研 统考英语 核心词汇：社会生活（6）（苗嘉）"
LessonTypeName: "考研公共课_基础精讲课_考研英语二"
LessonUrl: "http://cdnaliyunv.zhongye.net/201903/bf7edc73-341c-47d5-a069-512e8722c9a7"
LowPathUrl: "3f331d02-0897-4b0f-baa6-f6f413a97dd8"
MidPathUrl: "2da9e312-0e4b-4c8c-9aa8-bb1c26411760"
OnePointHalfPath: ""
PlayPosition: "0"
TwoPath: ""
XiaYiGeClassId: "450"
XiaYiGeExamId: "1038"
XiaYiGeLessonId: "112628"

{XiaYiGeLessonId: "112629", PlayPosition: "3444", LearnRecordID: "0", XiaYiGeClassId: "450",…}
HighPathUrl: "00734b72-e92b-4795-b32d-076acf494736"
LearnRecordID: "0"
LessonName: "2020考研 统考英语 核心词汇：文化教育（1）（苗嘉）"
LessonTypeName: "考研公共课_基础精讲课_考研英语二"
LessonUrl: "http://cdnaliyunv.zhongye.net/201801/5f64df04-52d3-4e43-9b67-0f5670bc1308"
LowPathUrl: "ebac0afd-d47a-4155-a245-b25f95319d70"
MidPathUrl: "a4969de4-433c-48f1-9814-28d8d64d72d4"
OnePointHalfPath: ""
PlayPosition: "3444"
TwoPath: ""
XiaYiGeClassId: "450"
XiaYiGeExamId: "1038"
XiaYiGeLessonId: "112629"

{XiaYiGeLessonId: "127764", PlayPosition: "991", LearnRecordID: "0", XiaYiGeClassId: "450",…}
HighPathUrl: "c7eceedb-906d-4449-ac1e-9aafc8082b2b"
LearnRecordID: "0"
LessonName: "2020考研 统考英语 核心词汇：文化教育（2）（苗嘉）"
LessonTypeName: "考研公共课_基础精讲课_考研英语二"
LessonUrl: "http://cdnaliyunv.zhongye.net/201801/4a6fa8e3-592f-4da0-ac5c-237fdb4a1596"
LowPathUrl: "669c96bc-1cc5-4a89-9786-75eeb018e65d"
MidPathUrl: "6d2f10e9-2c95-4262-86a1-0b3d7dce1b65"
OnePointHalfPath: ""
PlayPosition: "991"
TwoPath: ""
XiaYiGeClassId: "450"
XiaYiGeExamId: "1038"
XiaYiGeLessonId: "127764"

{XiaYiGeLessonId: "127764", PlayPosition: "991", LearnRecordID: "0", XiaYiGeClassId: "450",…}
HighPathUrl: "c7eceedb-906d-4449-ac1e-9aafc8082b2b"
LearnRecordID: "0"
LessonName: "2020考研 统考英语 核心词汇：文化教育（2）（苗嘉）"
LessonTypeName: "考研公共课_基础精讲课_考研英语二"
LessonUrl: "http://cdnaliyunv.zhongye.net/201801/4a6fa8e3-592f-4da0-ac5c-237fdb4a1596"
LowPathUrl: "669c96bc-1cc5-4a89-9786-75eeb018e65d"
MidPathUrl: "6d2f10e9-2c95-4262-86a1-0b3d7dce1b65"
OnePointHalfPath: ""
PlayPosition: "991"
TwoPath: ""
XiaYiGeClassId: "450"
XiaYiGeExamId: "1038"
XiaYiGeLessonId: "127764"

{XiaYiGeLessonId: "112633", PlayPosition: "29", LearnRecordID: "0", XiaYiGeClassId: "450",…}
HighPathUrl: "2bd9bd82-9d9a-4cc9-af85-5a4765cfa761"
LearnRecordID: "0"
LessonName: "2020考研 统考英语 核心词汇：经济科技（1）（苗嘉）"
LessonTypeName: "考研公共课_基础精讲课_考研英语二"
LessonUrl: "http://cdnaliyunv.zhongye.net/201811/86e8cd77-9936-4654-b7ee-7c754ce9d97a"
LowPathUrl: "cdee76d0-35de-45dd-9319-42552973d332"
MidPathUrl: "8ba523ce-2305-4cc3-bdee-ca02330251e6"
OnePointHalfPath: ""
PlayPosition: "29"
TwoPath: ""
XiaYiGeClassId: "450"
XiaYiGeExamId: "1038"
XiaYiGeLessonId: "112633"

{XiaYiGeLessonId: "127765", PlayPosition: "0", LearnRecordID: "0", XiaYiGeClassId: "450",…}
HighPathUrl: "ad765986-772d-4862-aeb8-1fa8b7e564f9"
LearnRecordID: "0"
LessonName: "2020考研 统考英语 核心词汇：经济科技（2）（苗嘉）"
LessonTypeName: "考研公共课_基础精讲课_考研英语二"
LessonUrl: "http://cdnaliyunv.zhongye.net/201801/1a517706-3f98-4ea4-894e-67b6da1bd0f6"
LowPathUrl: "fc05e146-23b4-4111-b63f-69d2d3784cce"
MidPathUrl: "72acc200-0ee1-4cd8-ad67-99c509de09f5"
OnePointHalfPath: ""
PlayPosition: "0"
TwoPath: ""
XiaYiGeClassId: "450"
XiaYiGeExamId: "1038"
XiaYiGeLessonId: "127765"

{XiaYiGeLessonId: "112643", PlayPosition: "0", LearnRecordID: "0", XiaYiGeClassId: "450",…}
HighPathUrl: "746416d4-af12-490f-b14d-69e60c1fd7ad"
LearnRecordID: "0"
LessonName: "2020考研 统考英语 核心词汇：经济科技（3）（苗嘉）"
LessonTypeName: "考研公共课_基础精讲课_考研英语二"
LessonUrl: "http://cdnaliyunv.zhongye.net/201904/9aae6f11-4326-4807-a319-ec7bc6f116a2"
LowPathUrl: "6055de2b-76a0-4ba2-8efa-66d4b089a06b"
MidPathUrl: "51d23ceb-4b24-4d5f-9709-3bdb6a73973f"
OnePointHalfPath: ""
PlayPosition: "0"
TwoPath: ""
XiaYiGeClassId: "450"
XiaYiGeExamId: "1038"
XiaYiGeLessonId: "112643"

{XiaYiGeLessonId: "112644", PlayPosition: "0", LearnRecordID: "0", XiaYiGeClassId: "450",…}
HighPathUrl: "d39a835c-54a1-40fb-b7c7-a0d1f41ff95b"
LearnRecordID: "0"
LessonName: "2020考研 统考英语 核心词汇：法律政治（1）（苗嘉）"
LessonTypeName: "考研公共课_基础精讲课_考研英语二"
LessonUrl: "http://cdnaliyunv.zhongye.net/201801/7b117b61-ab16-4d55-8034-49ed3ca89a0b"
LowPathUrl: "5319ca23-90cb-4ab8-aaa7-f042f0a1fe49"
MidPathUrl: "61270902-961d-4778-9989-905605181ab5"
OnePointHalfPath: ""
PlayPosition: "0"
TwoPath: ""
XiaYiGeClassId: "450"
XiaYiGeExamId: "1038"
XiaYiGeLessonId: "112644"

{XiaYiGeLessonId: "112645", PlayPosition: "0", LearnRecordID: "0", XiaYiGeClassId: "450",…}
HighPathUrl: "98693654-66d3-42a5-908d-0e8259d22538"
LearnRecordID: "0"
LessonName: "2020考研 统考英语 核心词汇：法律政治（2）（苗嘉）"
LessonTypeName: "考研公共课_基础精讲课_考研英语二"
LessonUrl: "http://cdnaliyunv.zhongye.net/201801/b5d8f945-1a8a-4152-b638-55124d10e2f1"
LowPathUrl: "f5a3c036-e4af-44ce-840e-f2cf731f1f77"
MidPathUrl: "99789d52-5e53-4c7f-919a-77767d6baa15"
OnePointHalfPath: ""
PlayPosition: "0"
TwoPath: ""
XiaYiGeClassId: "450"
XiaYiGeExamId: "1038"
XiaYiGeLessonId: "112645"

{XiaYiGeLessonId: "117059", PlayPosition: "0", LearnRecordID: "0", XiaYiGeClassId: "450",…}
HighPathUrl: "1b12310a-793a-489b-85eb-79a3b9e0ad8c"
LearnRecordID: "0"
LessonName: "2020考研 统考英语 核心词汇：法律政治（3）（苗嘉）"
LessonTypeName: "考研公共课_基础精讲课_考研英语二"
LessonUrl: "http://cdnaliyunv.zhongye.net/201811/56d21a6b-4fd9-482e-9c0b-ef6684edf4b2"
LowPathUrl: "6e4bcc19-fb3a-436d-905a-1039a764ffa5"
MidPathUrl: "50f43a16-5b37-4642-b014-89bd4e4c7182"
OnePointHalfPath: ""
PlayPosition: "0"
TwoPath: ""
XiaYiGeClassId: "450"
XiaYiGeExamId: "1038"
XiaYiGeLessonId: "117059"

{XiaYiGeLessonId: "117060", PlayPosition: "0", LearnRecordID: "0", XiaYiGeClassId: "450",…}
HighPathUrl: "da233bff-0564-48d3-a111-859c7f331fad"
LearnRecordID: "0"
LessonName: "2020考研 统考英语 核心词汇：语境词汇（1）（刘建波）"
LessonTypeName: "考研公共课_基础精讲课_考研英语二"
LessonUrl: "http://cdnaliyunv.zhongye.net/201901/55148563-c494-46fa-8285-0ea416008f51"
LowPathUrl: "2bd9f673-c83c-4928-b0a9-41420850156b"
MidPathUrl: "6e2e59f9-5eef-4373-aa1c-13684cb4b01f"
OnePointHalfPath: ""
PlayPosition: "0"
TwoPath: ""
XiaYiGeClassId: "450"
XiaYiGeExamId: "1038"
XiaYiGeLessonId: "117060"

{XiaYiGeLessonId: "117061", PlayPosition: "0", LearnRecordID: "0", XiaYiGeClassId: "450",…}
HighPathUrl: "60c3cd59-34cc-414c-8706-de9593d7ec51"
LearnRecordID: "0"
LessonName: "2020考研 统考英语 核心词汇：语境词汇（2）（刘建波）"
LessonTypeName: "考研公共课_基础精讲课_考研英语二"
LessonUrl: "http://cdnaliyunv.zhongye.net/201901/60ac375f-9ad3-4bf6-8947-d287e44884fb"
LowPathUrl: "249fe37e-1aa0-4319-aed4-db661c70d295"
MidPathUrl: "57134434-2fe3-4ad6-8786-d8731cdf353e"
OnePointHalfPath: ""
PlayPosition: "0"
TwoPath: ""
XiaYiGeClassId: "450"
XiaYiGeExamId: "1038"
XiaYiGeLessonId: "117061"

{XiaYiGeLessonId: "117062", PlayPosition: "0", LearnRecordID: "0", XiaYiGeClassId: "450",…}
HighPathUrl: "8d0001a9-f0ad-439e-9e18-69f556efd2c9"
LearnRecordID: "0"
LessonName: "2020考研 统考英语 核心词汇：语境词汇（3）（刘建波）"
LessonTypeName: "考研公共课_基础精讲课_考研英语二"
LessonUrl: "http://cdnaliyunv.zhongye.net/201901/ed4987b6-a1c5-4f2a-8649-eadf45e53478"
LowPathUrl: "d48b2227-0452-4465-a593-3b6242f66f04"
MidPathUrl: "c9aec37f-da61-4575-a29f-773bf5e95e14"
OnePointHalfPath: ""
PlayPosition: "0"
TwoPath: ""
XiaYiGeClassId: "450"
XiaYiGeExamId: "1038"
XiaYiGeLessonId: "117062"

{XiaYiGeLessonId: "117063", PlayPosition: "0", LearnRecordID: "0", XiaYiGeClassId: "450",…}
HighPathUrl: "a059f295-ab47-4332-88b9-325ec642bea3"
LearnRecordID: "0"
LessonName: "2020考研 统考英语 核心词汇：语境词汇（4）（刘建波）"
LessonTypeName: "考研公共课_基础精讲课_考研英语二"
LessonUrl: "http://cdnaliyunv.zhongye.net/201901/6af618e6-3417-4f7a-9fee-f7f54db4ec02"
LowPathUrl: "4bba8c09-0fea-4b1c-b68a-1875bb9c2d84"
MidPathUrl: "7fc64abe-ce68-4ce7-9fdd-de633bd3a5ad"
OnePointHalfPath: ""
PlayPosition: "0"
TwoPath: ""
XiaYiGeClassId: "450"
XiaYiGeExamId: "1038"
XiaYiGeLessonId: "117063"

{XiaYiGeLessonId: "117065", PlayPosition: "0", LearnRecordID: "0", XiaYiGeClassId: "450",…}
HighPathUrl: "e42db5d6-73bf-41c1-bf26-523ad1f3162c"
LearnRecordID: "0"
LessonName: "2020考研 统考英语 核心词汇：语境词汇（5）（刘建波）"
LessonTypeName: "考研公共课_基础精讲课_考研英语二"
LessonUrl: "http://cdnaliyunv.zhongye.net/201901/69027d0a-fb11-4d50-b3ed-84e4e6977855"
LowPathUrl: "299f5bc9-664f-438d-ac8b-4b17508dd74c"
MidPathUrl: "924636bf-a3b5-4f33-b0d9-7e33cc364967"
OnePointHalfPath: ""
PlayPosition: "0"
TwoPath: ""
XiaYiGeClassId: "450"
XiaYiGeExamId: "1038"
XiaYiGeLessonId: "117065"

{XiaYiGeLessonId: "117066", PlayPosition: "0", LearnRecordID: "0", XiaYiGeClassId: "450",…}
HighPathUrl: "9726ad8f-5227-4fde-b0b1-0e27385fc07a"
LearnRecordID: "0"
LessonName: "2020考研 统考英语 核心词汇：语境词汇（6）（刘建波）"
LessonTypeName: "考研公共课_基础精讲课_考研英语二"
LessonUrl: "http://cdnaliyunv.zhongye.net/201901/8250a98c-9b83-44b8-af8d-1bbe02f6252f"
LowPathUrl: "1f997916-0094-4f18-b69c-d4958ff28da2"
MidPathUrl: "d3a999f7-93f0-49d8-abab-4bb21b4f82f2"
OnePointHalfPath: ""
PlayPosition: "0"
TwoPath: ""
XiaYiGeClassId: "450"
XiaYiGeExamId: "1038"
XiaYiGeLessonId: "117066"

{XiaYiGeLessonId: "121337", PlayPosition: "0", LearnRecordID: "0", XiaYiGeClassId: "450",…}
HighPathUrl: "44284f6a-1322-4516-956a-4b9f6ce11314"
LearnRecordID: "0"
LessonName: "2020考研 统考英语 核心词汇：语境词汇（7）（刘建波）"
LessonTypeName: "考研公共课_基础精讲课_考研英语二"
LessonUrl: "http://cdnaliyunv.zhongye.net/201901/a1c45583-8af9-484e-a810-f66837d1dfbc"
LowPathUrl: "4e85631a-c7b9-43e1-a781-32c5f9e068b8"
MidPathUrl: "7f4341e3-e769-4397-ae13-16ecaee5efe9"
OnePointHalfPath: ""
PlayPosition: "0"
TwoPath: ""
XiaYiGeClassId: "450"
XiaYiGeExamId: "1038"
XiaYiGeLessonId: "121337"

{XiaYiGeLessonId: "121338", PlayPosition: "0", LearnRecordID: "0", XiaYiGeClassId: "450",…}
HighPathUrl: "da732fb7-16b4-480b-a0a0-f0cf439d6baf"
LearnRecordID: "0"
LessonName: "2020考研 统考英语 核心词汇：语境词汇（8）（刘建波）"
LessonTypeName: "考研公共课_基础精讲课_考研英语二"
LessonUrl: "http://cdnaliyunv.zhongye.net/201903/aaacf300-8a7d-415e-aed2-bbefe0debe56"
LowPathUrl: "2da523e2-91c9-4c07-ae17-5306ad5a5a95"
MidPathUrl: "2d65b19b-6429-4ce6-bed8-e22dec9c62f1"
OnePointHalfPath: ""
PlayPosition: "0"
TwoPath: ""
XiaYiGeClassId: "450"
XiaYiGeExamId: "1038"
XiaYiGeLessonId: "121338"

{XiaYiGeLessonId: "124796", PlayPosition: "0", LearnRecordID: "0", XiaYiGeClassId: "450",…}
HighPathUrl: "24bd34ed-747f-4ca1-a11d-040916983804"
LearnRecordID: "0"
LessonName: "2020考研 统考英语 核心词汇：语境词汇（9）（刘建波）"
LessonTypeName: "考研公共课_基础精讲课_考研英语二"
LessonUrl: "http://cdnaliyunv.zhongye.net/201903/dec73341-c230-44a1-b6d9-cd7b44baff07"
LowPathUrl: "ebb90a96-02ec-4fa6-b616-23fec2246905"
MidPathUrl: "cfef59a4-4650-4922-9e1f-95ad39186699"
OnePointHalfPath: ""
PlayPosition: "0"
TwoPath: ""
XiaYiGeClassId: "450"
XiaYiGeExamId: "1038"
XiaYiGeLessonId: "124796"

{XiaYiGeLessonId: "121340", PlayPosition: "0", LearnRecordID: "0", XiaYiGeClassId: "450",…}
HighPathUrl: "d903e0af-19ea-4c63-b052-fe9c05a06e21"
LearnRecordID: "0"
LessonName: "2020考研 统考英语 核心词汇：语境词汇（10）（刘建波）"
LessonTypeName: "考研公共课_基础精讲课_考研英语二"
LessonUrl: "http://cdnaliyunv.zhongye.net/201903/c7285afc-7c5e-4b0e-ac95-92e1ad0c0c74"
LowPathUrl: "a215e4e3-24d5-493c-9336-4ca0d44a6b3f"
MidPathUrl: "e78086d1-65f7-4051-8b3b-37d1525f05c4"
OnePointHalfPath: ""
PlayPosition: "0"
TwoPath: ""
XiaYiGeClassId: "450"
XiaYiGeExamId: "1038"
XiaYiGeLessonId: "121340"

{XiaYiGeLessonId: "121341", PlayPosition: "0", LearnRecordID: "0", XiaYiGeClassId: "450",…}
HighPathUrl: "2d234851-d63b-4253-b70f-12f538c482a7"
LearnRecordID: "0"
LessonName: "2020考研 统考英语 核心词汇：语境词汇（11）（刘建波）"
LessonTypeName: "考研公共课_基础精讲课_考研英语二"
LessonUrl: "http://cdnaliyunv.zhongye.net/201903/b3f8bd54-3f78-4f21-826b-743d3f68d7bc"
LowPathUrl: "66e34b42-d6b5-4753-8f21-89f78d3bb95a"
MidPathUrl: "68f36552-8457-4077-9822-6e8e2a7e3d67"
OnePointHalfPath: ""
PlayPosition: "0"
TwoPath: ""
XiaYiGeClassId: "450"
XiaYiGeExamId: "1038"
XiaYiGeLessonId: "121341"

{XiaYiGeLessonId: "121342", PlayPosition: "23", LearnRecordID: "0", XiaYiGeClassId: "450",…}
HighPathUrl: "51771c37-5489-428b-8475-c4ad1c2de044"
LearnRecordID: "0"
LessonName: "2020考研 统考英语 核心词汇：语境词汇（12）（刘建波）"
LessonTypeName: "考研公共课_基础精讲课_考研英语二"
LessonUrl: "http://cdnaliyunv.zhongye.net/201903/9ca08fb3-c97e-4789-a7ff-03e372585379"
LowPathUrl: "93c945a1-76a5-487f-b7ae-22c0253f0c14"
MidPathUrl: "e0cad08e-f03d-4f11-a82c-a8ab3ce3da0a"
OnePointHalfPath: ""
PlayPosition: "23"
TwoPath: ""
XiaYiGeClassId: "450"
XiaYiGeExamId: "1038"
XiaYiGeLessonId: "121342"

{XiaYiGeLessonId: "121343", PlayPosition: "7", LearnRecordID: "0", XiaYiGeClassId: "450",…}
HighPathUrl: "a0c26cae-16dd-4197-981c-402e55f6a4ee"
LearnRecordID: "0"
LessonName: "2020考研 统考英语 核心词汇：语境词汇（13）（刘建波）"
LessonTypeName: "考研公共课_基础精讲课_考研英语二"
LessonUrl: "http://cdnaliyunv.zhongye.net/201903/029474af-f648-4b40-a81e-79c105bccc87"
LowPathUrl: "560efb0b-3ccc-4d9f-ad4f-f37496929191"
MidPathUrl: "0a852721-29ba-42f3-a5a1-ceb2ec9d6156"
OnePointHalfPath: ""
PlayPosition: "7"
TwoPath: ""
XiaYiGeClassId: "450"
XiaYiGeExamId: "1038"
XiaYiGeLessonId: "121343"

{XiaYiGeLessonId: "121344", PlayPosition: "0", LearnRecordID: "0", XiaYiGeClassId: "450",…}
HighPathUrl: "057eceea-a35e-4562-8db7-c023b16de5a3"
LearnRecordID: "0"
LessonName: "2020考研 统考英语 核心词汇：语境词汇（14）（刘建波）"
LessonTypeName: "考研公共课_基础精讲课_考研英语二"
LessonUrl: "http://cdnaliyunv.zhongye.net/201903/f47e022e-8be7-47f9-a345-af16b17e9936"
LowPathUrl: "0953d188-6321-4163-bdef-810e1884ef45"
MidPathUrl: "d0d2438a-afc9-46fb-9094-3cbd54bf3aaa"
OnePointHalfPath: ""
PlayPosition: "0"
TwoPath: ""
XiaYiGeClassId: "450"
XiaYiGeExamId: "1038"
XiaYiGeLessonId: "121344"

{XiaYiGeLessonId: "121345", PlayPosition: "29", LearnRecordID: "0", XiaYiGeClassId: "450",…}
HighPathUrl: "ad853510-7c55-44f1-b614-89c44da1384f"
LearnRecordID: "0"
LessonName: "2020考研 统考英语 核心词汇：语境词汇（15）（刘建波）"
LessonTypeName: "考研公共课_基础精讲课_考研英语二"
LessonUrl: "http://cdnaliyunv.zhongye.net/201903/7e5d8959-f316-42a3-9723-cb20f503119f"
LowPathUrl: "99e3c92b-4bc7-49cb-b911-269ca255e2cf"
MidPathUrl: "a5715173-f5c1-420b-ac2f-76a9ecb15466"
OnePointHalfPath: ""
PlayPosition: "29"
TwoPath: ""
XiaYiGeClassId: "450"
XiaYiGeExamId: "1038"
XiaYiGeLessonId: "121345"

{XiaYiGeLessonId: "121346", PlayPosition: "0", LearnRecordID: "0", XiaYiGeClassId: "450",…}
HighPathUrl: "8b5b9ad5-5752-47ec-8f35-808ae1513d86"
LearnRecordID: "0"
LessonName: "2020考研 统考英语 核心词汇：语境词汇（16）（刘建波）"
LessonTypeName: "考研公共课_基础精讲课_考研英语二"
LessonUrl: "http://cdnaliyunv.zhongye.net/201903/b4db0cd9-026b-4aae-840a-b61158ba7f9f"
LowPathUrl: "2f567196-08a4-4bdf-af54-2efa016033c7"
MidPathUrl: "2391774f-24c6-49ff-8aac-05198ba45007"
OnePointHalfPath: ""
PlayPosition: "0"
TwoPath: ""
XiaYiGeClassId: "450"
XiaYiGeExamId: "1038"
XiaYiGeLessonId: "121346"

{XiaYiGeLessonId: "122437", PlayPosition: "0", LearnRecordID: "0", XiaYiGeClassId: "450",…}
HighPathUrl: "0dc0934b-51a1-414d-82af-d9aa20660942"
LearnRecordID: "0"
LessonName: "2020考研 统考英语 核心词汇：语境词汇（17）（刘建波）"
LessonTypeName: "考研公共课_基础精讲课_考研英语二"
LessonUrl: "http://cdnaliyunv.zhongye.net/201903/244d9683-95d6-4895-9434-822bae3638fc"
LowPathUrl: "f22812a0-f15c-4801-af1f-8259b95bdcfa"
MidPathUrl: "a480506e-d479-4307-a912-1c3c6f2443b9"
OnePointHalfPath: ""
PlayPosition: "0"
TwoPath: ""
XiaYiGeClassId: "450"
XiaYiGeExamId: "1038"
XiaYiGeLessonId: "122437"

{XiaYiGeLessonId: "122438", PlayPosition: "0", LearnRecordID: "0", XiaYiGeClassId: "450",…}
HighPathUrl: "2d192921-28c3-4cc7-9fdb-8febe79eb358"
LearnRecordID: "0"
LessonName: "2020考研 统考英语 核心词汇：语境词汇（18）（刘建波）"
LessonTypeName: "考研公共课_基础精讲课_考研英语二"
LessonUrl: "http://cdnaliyunv.zhongye.net/201903/64d51a96-4479-49f0-8745-e5fa5c00fdb4"
LowPathUrl: "f255ced7-7a2a-4f5c-bd81-f6cb4032e9fc"
MidPathUrl: "dfa75acf-9f3a-403a-93ba-4ca3e23fd096"
OnePointHalfPath: ""
PlayPosition: "0"
TwoPath: ""
XiaYiGeClassId: "450"
XiaYiGeExamId: "1038"
XiaYiGeLessonId: "122438"

{XiaYiGeLessonId: "122439", PlayPosition: "0", LearnRecordID: "0", XiaYiGeClassId: "450",…}
HighPathUrl: "341bd5ab-0bcd-4cf0-9119-06d55d8ce72b"
LearnRecordID: "0"
LessonName: "2020考研 统考英语 核心词汇：语境词汇（19）（刘建波）"
LessonTypeName: "考研公共课_基础精讲课_考研英语二"
LessonUrl: "http://cdnaliyunv.zhongye.net/201903/c5086840-1444-45a1-a866-bf0e06220fc6"
LowPathUrl: "702259f2-1b3b-4bc1-bbac-7241b682847b"
MidPathUrl: "6300c566-2f61-4ea6-b34d-cba53c796c81"
OnePointHalfPath: ""
PlayPosition: "0"
TwoPath: ""
XiaYiGeClassId: "450"
XiaYiGeExamId: "1038"
XiaYiGeLessonId: "122439"

{XiaYiGeLessonId: "122440", PlayPosition: "0", LearnRecordID: "0", XiaYiGeClassId: "450",…}
HighPathUrl: "d3adac37-c008-49ed-860a-4f283e43076c"
LearnRecordID: "0"
LessonName: "2020考研 统考英语 核心词汇：语境词汇（20）（刘建波）"
LessonTypeName: "考研公共课_基础精讲课_考研英语二"
LessonUrl: "http://cdnaliyunv.zhongye.net/201903/effdc6e5-9ee3-41cb-b1ba-dd1375fac632"
LowPathUrl: "f256aab1-2934-4373-be37-ab9d259ab87f"
MidPathUrl: "9a383408-27d8-4e3a-b3f3-019e84fcc543"
OnePointHalfPath: ""
PlayPosition: "0"
TwoPath: ""
XiaYiGeClassId: "450"
XiaYiGeExamId: "1038"
XiaYiGeLessonId: "122440"

{XiaYiGeLessonId: "124797", PlayPosition: "0", LearnRecordID: "0", XiaYiGeClassId: "450",…}
HighPathUrl: "545c27e3-429a-446a-a321-2834f18eb7c6"
LearnRecordID: "0"
LessonName: "2020考研 统考英语 核心词汇：语境词汇（21）（刘建波）"
LessonTypeName: "考研公共课_基础精讲课_考研英语二"
LessonUrl: "http://cdnaliyunv.zhongye.net/201903/b10a5b46-1ccc-4cbc-ae7c-308448311a6f"
LowPathUrl: "66689bfb-c8f2-4d72-9890-b4d558c0ab6b"
MidPathUrl: "dae32799-a5c5-42c7-9a28-decb7edd0eb3"
OnePointHalfPath: ""
PlayPosition: "0"
TwoPath: ""
XiaYiGeClassId: "450"
XiaYiGeExamId: "1038"
XiaYiGeLessonId: "124797"

{XiaYiGeLessonId: "122427", PlayPosition: "0", LearnRecordID: "0", XiaYiGeClassId: "450",…}
HighPathUrl: "81d8b7a5-3473-4be0-9a5d-0536b180020e"
LearnRecordID: "0"
LessonName: "2020考研 统考英语 核心词汇 语境词汇（22）（刘建波）"
LessonTypeName: "考研公共课_基础精讲课_考研英语二"
LessonUrl: "http://cdnaliyunv.zhongye.net/201903/ab44da17-b26f-4000-b6a8-6e458a8dd9c3"
LowPathUrl: "5ab9e9f9-924a-4e48-beea-49226b810320"
MidPathUrl: "b43c4a70-8bb1-49f9-855b-8e7825696f3d"
OnePointHalfPath: ""
PlayPosition: "0"
TwoPath: ""
XiaYiGeClassId: "450"
XiaYiGeExamId: "1038"
XiaYiGeLessonId: "122427"

{XiaYiGeLessonId: "122428", PlayPosition: "0", LearnRecordID: "0", XiaYiGeClassId: "450",…}
HighPathUrl: "c0b581eb-5e18-4197-a0b3-dd5e6a6c0cd3"
LearnRecordID: "0"
LessonName: "2020考研 统考英语  零基础入门语法（1）（妍妮）"
LessonTypeName: "考研公共课_基础精讲课_考研英语二"
LessonUrl: "http://cdnaliyunv.zhongye.net/201811/b7693c8f-2567-42c8-b87a-302592d2194b"
LowPathUrl: "09971aa9-cae2-4b77-88e4-d286ef53be86"
MidPathUrl: "4d5a2bce-1947-4ba0-bbae-5cac9ea88541"
OnePointHalfPath: ""
PlayPosition: "0"
TwoPath: ""
XiaYiGeClassId: "450"
XiaYiGeExamId: "1038"
XiaYiGeLessonId: "122428"

{XiaYiGeLessonId: "122429", PlayPosition: "0", LearnRecordID: "0", XiaYiGeClassId: "450",…}
HighPathUrl: "bd36d13a-1da9-45e3-a5e4-cfc3ec77a880"
LearnRecordID: "0"
LessonName: "2020考研 统考英语 零基础入门语法（2）（妍妮儿）"
LessonTypeName: "考研公共课_基础精讲课_考研英语二"
LessonUrl: "http://cdnaliyunv.zhongye.net/201805/fa4cc372-bff9-4d65-bf08-27956fbeed41"
LowPathUrl: "f012c0ca-556d-4eff-a5ce-07d65f7aaed6"
MidPathUrl: "79157473-3389-4c6c-a3e0-ca5fc0d57fdb"
OnePointHalfPath: ""
PlayPosition: "0"
TwoPath: ""
XiaYiGeClassId: "450"
XiaYiGeExamId: "1038"
XiaYiGeLessonId: "122429"

{XiaYiGeLessonId: "122430", PlayPosition: "0", LearnRecordID: "0", XiaYiGeClassId: "450",…}
HighPathUrl: "df68bc70-7041-4bd0-a313-a950c85ffdbc"
LearnRecordID: "0"
LessonName: "2020考研 统考英语 零基础入门语法（3）（妍妮儿）"
LessonTypeName: "考研公共课_基础精讲课_考研英语二"
LessonUrl: "http://cdnaliyunv.zhongye.net/201805/3b985484-d814-42c8-bc20-1e783b5e9f2f"
LowPathUrl: "16cb7fcd-90e0-4b5f-931c-a079034d8564"
MidPathUrl: "1b3cfc6e-e70f-4914-a851-0f7d823ef329"
OnePointHalfPath: ""
PlayPosition: "0"
TwoPath: ""
XiaYiGeClassId: "450"
XiaYiGeExamId: "1038"
XiaYiGeLessonId: "122430"

{XiaYiGeLessonId: "112646", PlayPosition: "0", LearnRecordID: "0", XiaYiGeClassId: "450",…}
HighPathUrl: "249afa6a-5d25-4d53-9da3-04a69979d496"
LearnRecordID: "0"
LessonName: "2020考研 统考英语 零基础入门语法（4）（妍妮）"
LessonTypeName: "考研公共课_基础精讲课_考研英语二"
LessonUrl: "http://cdnaliyunv.zhongye.net/201811/9fcf2b53-a563-4eef-acda-1adc0e77f6a3"
LowPathUrl: "a8091ef5-029e-4330-8d0b-1ff852156f52"
MidPathUrl: "2124e754-10b0-440c-a8ad-0dbf0a954b87"
OnePointHalfPath: ""
PlayPosition: "0"
TwoPath: ""
XiaYiGeClassId: "450"
XiaYiGeExamId: "1038"
XiaYiGeLessonId: "112646"

{XiaYiGeLessonId: "112647", PlayPosition: "0", LearnRecordID: "0", XiaYiGeClassId: "450",…}
HighPathUrl: "a44425fb-0f3f-457b-bda6-859af38f42cd"
LearnRecordID: "0"
LessonName: "2020考研 统考英语 基础语法（1）导学（妍妮）"
LessonTypeName: "考研公共课_基础精讲课_考研英语二"
LessonUrl: "http://cdnaliyunv.zhongye.net/201803/2d190cc0-ac72-40e8-9265-5e73405098c3"
LowPathUrl: "a099d1c2-1574-46e6-9508-6a19a68312b7"
MidPathUrl: "c562490a-7406-415e-9805-0d6cb9ba49a5"
OnePointHalfPath: ""
PlayPosition: "0"
TwoPath: ""
XiaYiGeClassId: "450"
XiaYiGeExamId: "1038"
XiaYiGeLessonId: "112647"

{XiaYiGeLessonId: "112648", PlayPosition: "0", LearnRecordID: "0", XiaYiGeClassId: "450",…}
HighPathUrl: "b5db2468-c905-4965-89f0-25c4990f346d"
LearnRecordID: "0"
LessonName: "2020考研 统考英语 基础语法（2）第一章五大基本句型（妍妮）"
LessonTypeName: "考研公共课_基础精讲课_考研英语二"
LessonUrl: "http://cdnaliyunv.zhongye.net/201803/2b4591a5-4d10-4bb1-a797-6639f8ebc13d"
LowPathUrl: "4ce4460f-1a33-48ce-ab75-1a537f6125bb"
MidPathUrl: "7106f6ac-29f2-476f-bb6f-e1851ca3b621"
OnePointHalfPath: ""
PlayPosition: "0"
TwoPath: ""
XiaYiGeClassId: "450"
XiaYiGeExamId: "1038"
XiaYiGeLessonId: "112648"

{XiaYiGeLessonId: "112653", PlayPosition: "0", LearnRecordID: "0", XiaYiGeClassId: "450",…}
HighPathUrl: "da95449a-015a-46e6-9b7c-6189a2836570"
LearnRecordID: "0"
LessonName: "2020考研 统考英语 基础语法（3）第一章五大基本句型（妍妮）"
LessonTypeName: "考研公共课_基础精讲课_考研英语二"
LessonUrl: "http://cdnaliyunv.zhongye.net/201803/7a0fc915-12c1-45bd-9557-c876e19ae709"
LowPathUrl: "ccc91caf-984a-43b6-88f9-010b82b9b1aa"
MidPathUrl: "89982211-ed34-4ed4-93da-1f7a88c2021e"
OnePointHalfPath: ""
PlayPosition: "0"
TwoPath: ""
XiaYiGeClassId: "450"
XiaYiGeExamId: "1038"
XiaYiGeLessonId: "112653"

{XiaYiGeLessonId: "112654", PlayPosition: "0", LearnRecordID: "0", XiaYiGeClassId: "450",…}
HighPathUrl: "c9a86db1-6c2e-4e84-a3d4-322611fbe4c3"
LearnRecordID: "0"
LessonName: "2020考研 统考英语 基础语法（4）第二章名词性从句（妍妮）"
LessonTypeName: "考研公共课_基础精讲课_考研英语二"
LessonUrl: "http://cdnaliyunv.zhongye.net/201803/cf5cc71d-b6ed-4333-97b3-4283b34ff5d5"
LowPathUrl: "66b71d9b-a034-4e67-a70b-c1159894fc4e"
MidPathUrl: "33a6e948-3945-459c-ac86-d60a5b2eca3a"
OnePointHalfPath: ""
PlayPosition: "0"
TwoPath: ""
XiaYiGeClassId: "450"
XiaYiGeExamId: "1038"
XiaYiGeLessonId: "112654"

{XiaYiGeLessonId: "112655", PlayPosition: "0", LearnRecordID: "0", XiaYiGeClassId: "450",…}
HighPathUrl: "a9920675-61df-4b9e-ae95-12493ef517c5"
LearnRecordID: "0"
LessonName: "2020考研 统考英语 基础语法（5）第二章名词性从句（妍妮）"
LessonTypeName: "考研公共课_基础精讲课_考研英语二"
LessonUrl: "http://cdnaliyunv.zhongye.net/201803/389124e5-0c1e-4483-b024-be0e991b5864"
LowPathUrl: "09ddb563-8795-4c89-aab7-09d6e154ad2f"
MidPathUrl: "2f14edb1-6991-4401-b6b5-283612ca267b"
OnePointHalfPath: ""
PlayPosition: "0"
TwoPath: ""
XiaYiGeClassId: "450"
XiaYiGeExamId: "1038"
XiaYiGeLessonId: "112655"

{XiaYiGeLessonId: "112656", PlayPosition: "0", LearnRecordID: "0", XiaYiGeClassId: "450",…}
HighPathUrl: "0e81a312-de87-49d7-b57d-113e87bf864d"
LearnRecordID: "0"
LessonName: "2020考研 统考英语 基础语法（6）第二章名词性从句（妍妮）"
LessonTypeName: "考研公共课_基础精讲课_考研英语二"
LessonUrl: "http://cdnaliyunv.zhongye.net/201811/b84ca385-fc24-4943-b8b2-b00787a8b517"
LowPathUrl: "57bce434-c7ce-44a6-9980-646679679e35"
MidPathUrl: "f20802ca-18fc-401d-978d-a6f88fd55c4b"
OnePointHalfPath: ""
PlayPosition: "0"
TwoPath: ""
XiaYiGeClassId: "450"
XiaYiGeExamId: "1038"
XiaYiGeLessonId: "112656"

{XiaYiGeLessonId: "112657", PlayPosition: "0", LearnRecordID: "0", XiaYiGeClassId: "450",…}
HighPathUrl: "f0ff6257-6434-43a6-aee1-4a22fc415df5"
LearnRecordID: "0"
LessonName: "2020考研 统考英语 基础语法（7）第二章名词性从句（妍妮）"
LessonTypeName: "考研公共课_基础精讲课_考研英语二"
LessonUrl: "http://cdnaliyunv.zhongye.net/201803/119209b1-b1eb-444b-b847-af24ebbefee1"
LowPathUrl: "d487ba89-180d-45ae-882c-68206a8c3a6d"
MidPathUrl: "1d0911d0-a51d-4cf5-a30f-3081d0f250d3"
OnePointHalfPath: ""
PlayPosition: "0"
TwoPath: ""
XiaYiGeClassId: "450"
XiaYiGeExamId: "1038"
XiaYiGeLessonId: "112657"

{XiaYiGeLessonId: "112658", PlayPosition: "0", LearnRecordID: "0", XiaYiGeClassId: "450",…}
HighPathUrl: "53c658f4-dab5-4830-a26a-f8509bf28147"
LearnRecordID: "0"
LessonName: "2020考研 统考英语 基础语法（8）第三章 定语从句（妍妮）"
LessonTypeName: "考研公共课_基础精讲课_考研英语二"
LessonUrl: "http://cdnaliyunv.zhongye.net/201803/fe92f909-d1f4-4df0-a505-f325d9d86253"
LowPathUrl: "f6dc2b1a-f7d2-474d-a19a-b9b4f8174a19"
MidPathUrl: "666d0678-aa56-48d4-91f1-7e15f48ac937"
OnePointHalfPath: ""
PlayPosition: "0"
TwoPath: ""
XiaYiGeClassId: "450"
XiaYiGeExamId: "1038"
XiaYiGeLessonId: "112658"

{XiaYiGeLessonId: "112659", PlayPosition: "0", LearnRecordID: "0", XiaYiGeClassId: "450",…}
HighPathUrl: "f155e19a-5162-4c98-95dc-513d69fc2ae0"
LearnRecordID: "0"
LessonName: "2020考研 统考英语 基础语法（9）第三章 定语从句（妍妮）"
LessonTypeName: "考研公共课_基础精讲课_考研英语二"
LessonUrl: "http://cdnaliyunv.zhongye.net/201805/16792390-1164-407e-99c8-16a484d8d308"
LowPathUrl: "577d64c9-5b85-4411-9e4e-5180283bd7c0"
MidPathUrl: "4bbc0fe2-a591-440f-b7f0-496d4339a0d2"
OnePointHalfPath: ""
PlayPosition: "0"
TwoPath: ""
XiaYiGeClassId: "450"
XiaYiGeExamId: "1038"
XiaYiGeLessonId: "112659"

{XiaYiGeLessonId: "112660", PlayPosition: "0", LearnRecordID: "0", XiaYiGeClassId: "450",…}
HighPathUrl: "34145112-3d49-40f0-88f1-b04827816a7e"
LearnRecordID: "0"
LessonName: "2020考研 统考英语 基础语法（10）第四章 状语从句（妍妮）"
LessonTypeName: "考研公共课_基础精讲课_考研英语二"
LessonUrl: "http://cdnaliyunv.zhongye.net/201811/0035645a-4da9-4772-b2bf-a7d8345668f4"
LowPathUrl: "04fb3212-b5aa-408a-9a4c-f9c5cadb40e7"
MidPathUrl: "1cd82454-6777-436c-ada3-8bcfdb0c812c"
OnePointHalfPath: ""
PlayPosition: "0"
TwoPath: ""
XiaYiGeClassId: "450"
XiaYiGeExamId: "1038"
XiaYiGeLessonId: "112660"

{XiaYiGeLessonId: "112664", PlayPosition: "0", LearnRecordID: "0", XiaYiGeClassId: "450",…}
HighPathUrl: "7908b746-ee24-485e-9b5c-5bc9f3a4e494"
LearnRecordID: "0"
LessonName: "2020考研 统考英语 基础语法（11）第四章 状语从句（妍妮）"
LessonTypeName: "考研公共课_基础精讲课_考研英语二"
LessonUrl: "http://cdnaliyunv.zhongye.net/201803/8d1dd2a6-a252-427c-bc13-a38107f6f03f"
LowPathUrl: "cba11c3a-233c-4033-9769-9629c0067087"
MidPathUrl: "9af8eb77-234a-4c9d-a82d-2585e665273d"
OnePointHalfPath: ""
PlayPosition: "0"
TwoPath: ""
XiaYiGeClassId: "450"
XiaYiGeExamId: "1038"
XiaYiGeLessonId: "112664"

{XiaYiGeLessonId: "112665", PlayPosition: "0", LearnRecordID: "0", XiaYiGeClassId: "450",…}
HighPathUrl: "8d007af8-248a-4e24-9e84-c7de52145160"
LearnRecordID: "0"
LessonName: "2020考研 统考英语 基础语法（12）第五章 非谓语动词（妍妮）"
LessonTypeName: "考研公共课_基础精讲课_考研英语二"
LessonUrl: "http://cdnaliyunv.zhongye.net/201903/5fc73ddb-8252-4559-acfe-bcec6ec98864"
LowPathUrl: "fe9df092-a6f0-47f9-bcb6-6e917b953b65"
MidPathUrl: "3ab292c5-5485-4d8c-9fad-f52a262d9953"
OnePointHalfPath: ""
PlayPosition: "0"
TwoPath: ""
XiaYiGeClassId: "450"
XiaYiGeExamId: "1038"
XiaYiGeLessonId: "112665"

{XiaYiGeLessonId: "123641", PlayPosition: "0", LearnRecordID: "0", XiaYiGeClassId: "450",…}
HighPathUrl: "6e3d83a1-c2de-43bf-aa3f-f5a9ae6ec558"
LearnRecordID: "0"
LessonName: "2020考研 统考英语 基础语法（13）第五章 非谓语动词（妍妮）"
LessonTypeName: "考研公共课_基础精讲课_考研英语二"
LessonUrl: "http://cdnaliyunv.zhongye.net/201803/d64b35bb-93ea-4320-b53b-f6d57ebc35c7"
LowPathUrl: "b35f70b4-a0c3-4258-9733-1fb6779e34ee"
MidPathUrl: "9203ce98-9e37-4190-84b2-a67531f669ce"
OnePointHalfPath: ""
PlayPosition: "0"
TwoPath: ""
XiaYiGeClassId: "450"
XiaYiGeExamId: "1038"
XiaYiGeLessonId: "123641"

{XiaYiGeLessonId: "112669", PlayPosition: "0", LearnRecordID: "0", XiaYiGeClassId: "450",…}
HighPathUrl: "ad6169e7-998f-4026-a8d9-e9f673f3bdff"
LearnRecordID: "0"
LessonName: "2020考研 统考英语 基础语法（14）第六章 特殊句型与被动语态（妍妮）"
LessonTypeName: "考研公共课_基础精讲课_考研英语二"
LessonUrl: "http://cdnaliyunv.zhongye.net/201803/ad324c70-bfe3-4fcc-b8ab-f15bb561ee3b"
LowPathUrl: "02ea5666-2fdc-4923-b32c-28546479046a"
MidPathUrl: "6f22221d-285f-4062-b65e-7c55c5350fb4"
OnePointHalfPath: ""
PlayPosition: "0"
TwoPath: ""
XiaYiGeClassId: "450"
XiaYiGeExamId: "1038"
XiaYiGeLessonId: "112669"

{XiaYiGeLessonId: "112670", PlayPosition: "0", LearnRecordID: "0", XiaYiGeClassId: "450",…}
HighPathUrl: "cfc7b07d-5658-416a-a7cd-a68860b65ae7"
LearnRecordID: "0"
LessonName: "2020考研 统考英语 长难句（1）第一周（妍妮）"
LessonTypeName: "考研公共课_基础精讲课_考研英语二"
LessonUrl: "http://cdnaliyunv.zhongye.net/201803/d19281fc-f8ce-4ad4-aed8-673433f5288d"
LowPathUrl: "11f1650d-1982-4802-be94-8009ec76edf0"
MidPathUrl: "e4750e83-d67f-4f81-b4d1-d9e5ad5a39b6"
OnePointHalfPath: ""
PlayPosition: "0"
TwoPath: ""
XiaYiGeClassId: "450"
XiaYiGeExamId: "1038"
XiaYiGeLessonId: "112670"

{XiaYiGeLessonId: "112671", PlayPosition: "0", LearnRecordID: "0", XiaYiGeClassId: "450",…}
HighPathUrl: "b21151e2-50fb-4a65-a29f-6b19fecb77ce"
LearnRecordID: "0"
LessonName: "2020考研 统考英语 长难句（2）（第一周）（妍妮）"
LessonTypeName: "考研公共课_基础精讲课_考研英语二"
LessonUrl: "http://cdnaliyunv.zhongye.net/201803/02a1701e-d6b0-4909-a2be-9bb1bcb37459"
LowPathUrl: "2bb5d114-c3c9-4afe-ba66-1f8ed113a122"
MidPathUrl: "2463e87a-5da2-4daa-99e2-87643fe15cc9"
OnePointHalfPath: ""
PlayPosition: "0"
TwoPath: ""
XiaYiGeClassId: "450"
XiaYiGeExamId: "1038"
XiaYiGeLessonId: "112671"

{XiaYiGeLessonId: "112672", PlayPosition: "0", LearnRecordID: "0", XiaYiGeClassId: "450",…}
HighPathUrl: "2f2b021b-f7af-4001-8a6b-9f6bd38bcafe"
LearnRecordID: "0"
LessonName: "2020考研 统考英语 长难句（3）第二周（妍妮）"
LessonTypeName: "考研公共课_基础精讲课_考研英语二"
LessonUrl: "http://cdnaliyunv.zhongye.net/201803/57307d77-ed96-4300-b246-58a2667e9c3a"
LowPathUrl: "d7199baf-8512-40ab-ae4f-f2f0e0a38ee1"
MidPathUrl: "0d146b4b-df6a-4ee8-8068-52c93994f95f"
OnePointHalfPath: ""
PlayPosition: "0"
TwoPath: ""
XiaYiGeClassId: "450"
XiaYiGeExamId: "1038"
XiaYiGeLessonId: "112672"

{XiaYiGeLessonId: "112673", PlayPosition: "0", LearnRecordID: "0", XiaYiGeClassId: "450",…}
HighPathUrl: "f9c9904e-8c1b-4bcf-931d-c9114a49504c"
LearnRecordID: "0"
LessonName: "2020考研 统考英语 长难句（4）第三周（妍妮）"
LessonTypeName: "考研公共课_基础精讲课_考研英语二"
LessonUrl: "http://cdnaliyunv.zhongye.net/201803/2a295826-e910-49e0-b5d3-80ae4fd01027"
LowPathUrl: "7651f52a-bb63-4729-a092-34fa0b3b76b6"
MidPathUrl: "e5370923-c2cd-4733-9d26-73da27865187"
OnePointHalfPath: ""
PlayPosition: "0"
TwoPath: ""
XiaYiGeClassId: "450"
XiaYiGeExamId: "1038"
XiaYiGeLessonId: "112673"

{XiaYiGeLessonId: "112674", PlayPosition: "0", LearnRecordID: "0", XiaYiGeClassId: "450",…}
HighPathUrl: "d91f2782-2fa1-4527-8dd7-0989d52fb082"
LearnRecordID: "0"
LessonName: "2020考研 统考英语 长难句（5）第四、五周（妍妮）"
LessonTypeName: "考研公共课_基础精讲课_考研英语二"
LessonUrl: "http://cdnaliyunv.zhongye.net/201803/dada18a8-1b4c-48b0-98c4-e92a638ccacc"
LowPathUrl: "8a7fd0d4-6c31-4c59-a4e4-0a67d3f9ceba"
MidPathUrl: "c99a3a89-30d4-4fc2-b292-ab29a4cef47c"
OnePointHalfPath: ""
PlayPosition: "0"
TwoPath: ""
XiaYiGeClassId: "450"
XiaYiGeExamId: "1038"
XiaYiGeLessonId: "112674"

{XiaYiGeLessonId: "112675", PlayPosition: "0", LearnRecordID: "0", XiaYiGeClassId: "450",…}
HighPathUrl: "06814613-aa9c-4d53-9c7b-ac499fcbfff9"
LearnRecordID: "0"
LessonName: "2020考研 统考英语 长难句（6）第六周（妍妮）"
LessonTypeName: "考研公共课_基础精讲课_考研英语二"
LessonUrl: "http://cdnaliyunv.zhongye.net/201803/e5c967fa-b57f-41d7-a6f2-5e490083e047"
LowPathUrl: "cce5b872-310b-4a46-adb2-db772590741e"
MidPathUrl: "1b3d0d42-f883-4839-b9df-3af94d0caaed"
OnePointHalfPath: ""
PlayPosition: "0"
TwoPath: ""
XiaYiGeClassId: "450"
XiaYiGeExamId: "1038"
XiaYiGeLessonId: "112675"

{XiaYiGeLessonId: "0", PlayPosition: "0", LearnRecordID: "0", XiaYiGeClassId: "0", XiaYiGeExamId: "0",…}
HighPathUrl: "4d15dcf5-683f-4260-a5a9-68a0f6c385e1"
LearnRecordID: "0"
LessonName: "2020考研 统考英语 长难句（7）第六周（妍妮）"
LessonTypeName: "考研公共课_基础精讲课_考研英语二"
LessonUrl: "http://cdnaliyunv.zhongye.net/201811/b0a53b30-e66c-454c-b180-e4328f6698b3"
LowPathUrl: "029d09b4-6826-462c-bfd4-288fb5977b71"
MidPathUrl: "859f0a22-7e75-4b4b-b962-5bdf36b2a9f1"
OnePointHalfPath: ""
PlayPosition: "0"
TwoPath: ""
XiaYiGeClassId: "0"
XiaYiGeExamId: "0"
XiaYiGeLessonId: "0"

{XiaYiGeLessonId: "127607", PlayPosition: "1318", LearnRecordID: "0", XiaYiGeClassId: "449",…}
HighPathUrl: "0086fa17-c1ed-4246-b0f7-bc0c33c364ab"
LearnRecordID: "0"
LessonName: "统考英语 完形填空（1）（苗嘉）"
LessonTypeName: "考研公共课_系统强化课_考研英语二"
LessonUrl: "http://cdnaliyunv.zhongye.net/201904/aab9e3f6-a0f0-43f6-aabd-4602ac50d72d"
LowPathUrl: "3e4cd39b-6057-4da9-b14c-abfc40b130a1"
MidPathUrl: "37d57841-154f-4bee-9909-80f05578c434"
OnePointHalfPath: ""
PlayPosition: "1318"
TwoPath: ""
XiaYiGeClassId: "449"
XiaYiGeExamId: "1038"
XiaYiGeLessonId: "127607"

{XiaYiGeLessonId: "126755", PlayPosition: "0", LearnRecordID: "0", XiaYiGeClassId: "449",…}
HighPathUrl: "d4126277-868a-4576-8cbc-3c208b5cf95c"
LearnRecordID: "0"
LessonName: "统考英语 完形填空（2）（苗嘉）"
LessonTypeName: "考研公共课_系统强化课_考研英语二"
LessonUrl: "http://cdnaliyunv.zhongye.net/201904/c54ebfd9-3882-4a87-95ed-8b9eff39cf2a"
LowPathUrl: "5e2bd6ce-2179-4fe2-8313-445713e50f00"
MidPathUrl: "1e4587f1-0251-487e-951e-9388b4f78cc8"
OnePointHalfPath: ""
PlayPosition: "0"
TwoPath: ""
XiaYiGeClassId: "449"
XiaYiGeExamId: "1038"
XiaYiGeLessonId: "126755"

{XiaYiGeLessonId: "114120", PlayPosition: "0", LearnRecordID: "0", XiaYiGeClassId: "449",…}
HighPathUrl: "3ed9c589-95a7-4729-9c41-4cd63f6ba40c"
LearnRecordID: "0"
LessonName: "统考英语 完形填空（3）（苗嘉）"
LessonTypeName: "考研公共课_系统强化课_考研英语二"
LessonUrl: "http://cdnaliyunv.zhongye.net/201904/094bae90-6fb9-4bac-b3e9-8dc99e46cb0b"
LowPathUrl: "1b2e6510-df3f-4387-9ef0-de1710d8c59e"
MidPathUrl: "63e90b75-d289-4a89-968d-c42845388d2a"
OnePointHalfPath: ""
PlayPosition: "0"
TwoPath: ""
XiaYiGeClassId: "449"
XiaYiGeExamId: "1038"
XiaYiGeLessonId: "114120"

{XiaYiGeLessonId: "114121", PlayPosition: "0", LearnRecordID: "0", XiaYiGeClassId: "449",…}
HighPathUrl: "ee937d62-d62a-4035-bd02-e2295e6a1476"
LearnRecordID: "0"
LessonName: "统考英语 阅读理解（1）（苗嘉）"
LessonTypeName: "考研公共课_系统强化课_考研英语二"
LessonUrl: "http://cdnaliyunv.zhongye.net/201807/bc943c68-04dd-465a-90b5-8614ce33db52"
LowPathUrl: "8067c628-c6e0-4b95-989f-191930095bf6"
MidPathUrl: "c91dd560-1b0f-42f0-baa9-aa4778734191"
OnePointHalfPath: ""
PlayPosition: "0"
TwoPath: ""
XiaYiGeClassId: "449"
XiaYiGeExamId: "1038"
XiaYiGeLessonId: "114121"

{XiaYiGeLessonId: "114122", PlayPosition: "0", LearnRecordID: "0", XiaYiGeClassId: "449",…}
HighPathUrl: "8d76b9e7-848c-4f93-ba87-157b9b4a6983"
LearnRecordID: "0"
LessonName: "统考英语 阅读理解（2）（苗嘉）"
LessonTypeName: "考研公共课_系统强化课_考研英语二"
LessonUrl: "http://cdnaliyunv.zhongye.net/201807/ad3a9d9d-e1cc-498f-8e22-92c816e17838"
LowPathUrl: "8b61085c-2139-4c63-b178-c6b17cd31465"
MidPathUrl: "4d259a7b-bf8c-4c3c-a1d9-1b9619bf4f7d"
OnePointHalfPath: ""
PlayPosition: "0"
TwoPath: ""
XiaYiGeClassId: "449"
XiaYiGeExamId: "1038"
XiaYiGeLessonId: "114122"

{XiaYiGeLessonId: "114123", PlayPosition: "0", LearnRecordID: "0", XiaYiGeClassId: "449",…}
HighPathUrl: "0b6b1331-62c6-4a82-9006-71c7c99c667d"
LearnRecordID: "0"
LessonName: "统考英语 阅读理解（3）（苗嘉）"
LessonTypeName: "考研公共课_系统强化课_考研英语二"
LessonUrl: "http://cdnaliyunv.zhongye.net/201807/00654076-debd-4f42-a32d-cc8c8a9da8e3"
LowPathUrl: "4c2a130a-d41b-4ae3-a36c-0d5dbb999219"
MidPathUrl: "a12a6c4c-8809-471b-8299-8ab7f8968c57"
OnePointHalfPath: ""
PlayPosition: "0"
TwoPath: ""
XiaYiGeClassId: "449"
XiaYiGeExamId: "1038"
XiaYiGeLessonId: "114123"

{XiaYiGeLessonId: "114124", PlayPosition: "0", LearnRecordID: "0", XiaYiGeClassId: "449",…}
HighPathUrl: "bb0c662a-e1e6-4b1c-abb8-c0bc52516c8c"
LearnRecordID: "0"
LessonName: "统考英语 阅读理解（4）（苗嘉）"
LessonTypeName: "考研公共课_系统强化课_考研英语二"
LessonUrl: "http://cdnaliyunv.zhongye.net/201807/c66e4984-e353-44e6-8443-27de0939a4a3"
LowPathUrl: "8cc60c4b-b415-4ae6-8f6d-2a04b6b885c9"
MidPathUrl: "2c244c61-9b02-497e-b918-d5395447b39a"
OnePointHalfPath: ""
PlayPosition: "0"
TwoPath: ""
XiaYiGeClassId: "449"
XiaYiGeExamId: "1038"
XiaYiGeLessonId: "114124"

{XiaYiGeLessonId: "114125", PlayPosition: "0", LearnRecordID: "0", XiaYiGeClassId: "449",…}
HighPathUrl: "f7cb3e38-5c2f-4ec7-a47e-c072e1c3d9dc"
LearnRecordID: "0"
LessonName: "考研英语 阅读理解（5）（苗嘉）"
LessonTypeName: "考研公共课_系统强化课_考研英语二"
LessonUrl: "http://cdnaliyunv.zhongye.net/201807/a46cc96d-7243-4709-b9f0-f44139bc4149"
LowPathUrl: "90fcf124-66b6-4a95-8bed-dccf852e99a4"
MidPathUrl: "92a2c06d-33dd-4027-b741-29796a70af2c"
OnePointHalfPath: ""
PlayPosition: "0"
TwoPath: ""
XiaYiGeClassId: "449"
XiaYiGeExamId: "1038"
XiaYiGeLessonId: "114125"

{XiaYiGeLessonId: "114126", PlayPosition: "0", LearnRecordID: "0", XiaYiGeClassId: "449",…}
HighPathUrl: "e0f6c6b8-4591-4b58-8444-10f4834ab893"
LearnRecordID: "0"
LessonName: "统考英语 阅读理解（6）（苗嘉）"
LessonTypeName: "考研公共课_系统强化课_考研英语二"
LessonUrl: "http://cdnaliyunv.zhongye.net/201807/da517924-44f3-48ca-8184-b6bf86abc17f"
LowPathUrl: "00a4c988-a6d2-452e-99ed-2c689f6d6792"
MidPathUrl: "0abe151a-3537-43c1-a937-3db9e14619f2"
OnePointHalfPath: ""
PlayPosition: "0"
TwoPath: ""
XiaYiGeClassId: "449"
XiaYiGeExamId: "1038"
XiaYiGeLessonId: "114126"

{XiaYiGeLessonId: "114131", PlayPosition: "0", LearnRecordID: "0", XiaYiGeClassId: "449",…}
HighPathUrl: "62a51092-3a4d-4035-bce1-ee44dbd897a3"
LearnRecordID: "0"
LessonName: "统考英语 阅读理解（7）（苗嘉）"
LessonTypeName: "考研公共课_系统强化课_考研英语二"
LessonUrl: "http://cdnaliyunv.zhongye.net/201807/22bf6c8a-6ee7-47b4-b35f-0e3fd8789349"
LowPathUrl: "6df1b3cd-6f40-4157-ac84-482430f4cea4"
MidPathUrl: "96e6b46e-ee23-4854-997c-43b46bdf9711"
OnePointHalfPath: ""
PlayPosition: "0"
TwoPath: ""
XiaYiGeClassId: "449"
XiaYiGeExamId: "1038"
XiaYiGeLessonId: "114131"

{XiaYiGeLessonId: "114135", PlayPosition: "0", LearnRecordID: "0", XiaYiGeClassId: "449",…}
HighPathUrl: "f5061e01-d37c-4b8f-a991-801484c6f34e"
LearnRecordID: "0"
LessonName: "统考英语 阅读理解（8）（苗嘉）"
LessonTypeName: "考研公共课_系统强化课_考研英语二"
LessonUrl: "http://cdnaliyunv.zhongye.net/201710/3bc8e039-e52c-4fd5-b8e9-bb39b7074c1b"
LowPathUrl: "99aa50c4-1ab9-4dda-a1b5-09adc33305fd"
MidPathUrl: "6e5b2cae-14c3-443f-ab04-907926a7cff5"
OnePointHalfPath: ""
PlayPosition: "0"
TwoPath: ""
XiaYiGeClassId: "449"
XiaYiGeExamId: "1038"
XiaYiGeLessonId: "114135"

{XiaYiGeLessonId: "114138", PlayPosition: "0", LearnRecordID: "0", XiaYiGeClassId: "449",…}
HighPathUrl: "81cea253-a0a7-47a0-9454-12ef95a6db0b"
LearnRecordID: "0"
LessonName: "统考英语 阅读理解（9）（苗嘉）"
LessonTypeName: "考研公共课_系统强化课_考研英语二"
LessonUrl: "http://cdnaliyunv.zhongye.net/201708/b8f39baa-56b4-4d67-b6af-e9429013dfd2"
LowPathUrl: "d5fafed2-b65c-4312-b64d-a39587d9c35c"
MidPathUrl: "7554752f-5822-430b-892c-bcb7ac573aba"
OnePointHalfPath: ""
PlayPosition: "0"
TwoPath: ""
XiaYiGeClassId: "449"
XiaYiGeExamId: "1038"
XiaYiGeLessonId: "114138"

{XiaYiGeLessonId: "114141", PlayPosition: "0", LearnRecordID: "0", XiaYiGeClassId: "449",…}
HighPathUrl: "c698c1e9-3d7e-45ae-8499-64b72ead39ba"
LearnRecordID: "0"
LessonName: "统考英语  阅读理解（10）（苗嘉）"
LessonTypeName: "考研公共课_系统强化课_考研英语二"
LessonUrl: "http://cdnaliyunv.zhongye.net/201708/8e09dd04-21ed-4f2c-8a4e-5712cbd66972"
LowPathUrl: "7b6dd714-dcfe-4cfe-988f-cab9a2112873"
MidPathUrl: "e8cbc5e5-b4b1-49cc-b307-cc37f475b6ca"
OnePointHalfPath: ""
PlayPosition: "0"
TwoPath: ""
XiaYiGeClassId: "449"
XiaYiGeExamId: "1038"
XiaYiGeLessonId: "114141"

{XiaYiGeLessonId: "114144", PlayPosition: "0", LearnRecordID: "0", XiaYiGeClassId: "449",…}
HighPathUrl: "73386472-03be-443f-a228-bab6d0e124ac"
LearnRecordID: "0"
LessonName: "统考英语 阅读理解（11）（苗嘉）"
LessonTypeName: "考研公共课_系统强化课_考研英语二"
LessonUrl: "http://cdnaliyunv.zhongye.net/201708/1aa2bcc4-7ec7-4281-ab46-46e0532affec"
LowPathUrl: "4fa0ab18-1469-4f76-be55-0ffe7320d83f"
MidPathUrl: "9a9a1ba9-10f1-4a2d-a490-10e788c56559"
OnePointHalfPath: ""
PlayPosition: "0"
TwoPath: ""
XiaYiGeClassId: "449"
XiaYiGeExamId: "1038"
XiaYiGeLessonId: "114144"

{XiaYiGeLessonId: "114147", PlayPosition: "0", LearnRecordID: "0", XiaYiGeClassId: "449",…}
HighPathUrl: "a4082a1d-a23f-4d54-9757-c327f7a2c188"
LearnRecordID: "0"
LessonName: "统考英语 阅读理解（12）（苗嘉）"
LessonTypeName: "考研公共课_系统强化课_考研英语二"
LessonUrl: "http://cdnaliyunv.zhongye.net/201708/f5331c8b-c5ce-46bd-9d36-14cff4ddc311"
LowPathUrl: "d6b0684e-ed7b-4358-b35d-dd768cdbcc78"
MidPathUrl: "069cc999-ac10-4444-95af-4ba81801c363"
OnePointHalfPath: ""
PlayPosition: "0"
TwoPath: ""
XiaYiGeClassId: "449"
XiaYiGeExamId: "1038"
XiaYiGeLessonId: "114147"

{XiaYiGeLessonId: "114148", PlayPosition: "0", LearnRecordID: "0", XiaYiGeClassId: "449",…}
HighPathUrl: "9ea2bc67-35bb-4942-a519-0a4ea8f63b0a"
LearnRecordID: "0"
LessonName: "统考英语 阅读理解（13）（苗嘉）"
LessonTypeName: "考研公共课_系统强化课_考研英语二"
LessonUrl: "http://cdnaliyunv.zhongye.net/201708/b86265bf-722d-4b93-90e4-9f0763716cab"
LowPathUrl: "3a588adc-86aa-4269-b23e-ac4eedf5737c"
MidPathUrl: "0f291926-76a7-4d37-b64e-a3b75451ab54"
OnePointHalfPath: ""
PlayPosition: "0"
TwoPath: ""
XiaYiGeClassId: "449"
XiaYiGeExamId: "1038"
XiaYiGeLessonId: "114148"

{XiaYiGeLessonId: "126747", PlayPosition: "0", LearnRecordID: "0", XiaYiGeClassId: "449",…}
HighPathUrl: "78d6ac8e-b19f-484f-b98a-574dde1897fb"
LearnRecordID: "0"
LessonName: "统考英语 阅读理解（14）（苗嘉）"
LessonTypeName: "考研公共课_系统强化课_考研英语二"
LessonUrl: "http://cdnaliyunv.zhongye.net/201708/169e39d9-49df-4a73-b6e2-0431a91e253d"
LowPathUrl: "3458cfc1-35dd-47c3-83b5-f0aae9ba9f77"
MidPathUrl: "1f5d746a-8731-4cf8-a5c6-049fb78f8f96"
OnePointHalfPath: ""
PlayPosition: "0"
TwoPath: ""
XiaYiGeClassId: "449"
XiaYiGeExamId: "1038"
XiaYiGeLessonId: "126747"

{XiaYiGeLessonId: "126748", PlayPosition: "0", LearnRecordID: "0", XiaYiGeClassId: "449",…}
HighPathUrl: "0704e8ca-e9d0-4820-8cfe-86c09c59aec7"
LearnRecordID: "0"
LessonName: "统考英语 新题型（1）（苗嘉）"
LessonTypeName: "考研公共课_系统强化课_考研英语二"
LessonUrl: "http://cdnaliyunv.zhongye.net/201709/d2b5bc43-bd57-46d7-9b1f-c864dcff354c"
LowPathUrl: "e69412bd-94af-451c-a288-e29144013cb8"
MidPathUrl: "d4374524-bd36-4946-8c8e-944ac7c181d7"
OnePointHalfPath: ""
PlayPosition: "0"
TwoPath: ""
XiaYiGeClassId: "449"
XiaYiGeExamId: "1038"
XiaYiGeLessonId: "126748"

{XiaYiGeLessonId: "126749", PlayPosition: "0", LearnRecordID: "0", XiaYiGeClassId: "449",…}
HighPathUrl: "4e3c9a8c-e256-4f44-a0f4-75da59242b15"
LearnRecordID: "0"
LessonName: "统考英语 新题型（2）（苗嘉）"
LessonTypeName: "考研公共课_系统强化课_考研英语二"
LessonUrl: "http://cdnaliyunv.zhongye.net/201709/398fa0bb-e331-47af-9940-776dfbdc70a9"
LowPathUrl: "1f68ddbe-c5b9-4103-aeba-33696f49d075"
MidPathUrl: "e4170a1f-0726-41cf-9094-ef6b7f729742"
OnePointHalfPath: ""
PlayPosition: "0"
TwoPath: ""
XiaYiGeClassId: "449"
XiaYiGeExamId: "1038"
XiaYiGeLessonId: "126749"

{XiaYiGeLessonId: "126750", PlayPosition: "0", LearnRecordID: "0", XiaYiGeClassId: "449",…}
HighPathUrl: "4c1761bb-b52f-470a-85be-babc538c1372"
LearnRecordID: "0"
LessonName: "统考英语 翻译（1）（苗嘉）"
LessonTypeName: "考研公共课_系统强化课_考研英语二"
LessonUrl: "http://cdnaliyunv.zhongye.net/201904/dfcbc530-5ad6-4bda-80bd-1fb30c2f745a"
LowPathUrl: "ce142a5d-34a4-4d4b-a66a-5ebce5315624"
MidPathUrl: "0a7fc86e-d99b-4519-8c68-d2847f7ee17d"
OnePointHalfPath: ""
PlayPosition: "0"
TwoPath: ""
XiaYiGeClassId: "449"
XiaYiGeExamId: "1038"
XiaYiGeLessonId: "126750"

{XiaYiGeLessonId: "126751", PlayPosition: "0", LearnRecordID: "0", XiaYiGeClassId: "449",…}
HighPathUrl: "42b6c5dd-0313-4f71-90d6-17a0e2354d84"
LearnRecordID: "0"
LessonName: "统考英语 翻译（2）（苗嘉）"
LessonTypeName: "考研公共课_系统强化课_考研英语二"
LessonUrl: "http://cdnaliyunv.zhongye.net/201904/27946741-e5f2-4fdb-94b6-10d1412ee743"
LowPathUrl: "d127599a-4447-41f5-a316-fc5a71a83990"
MidPathUrl: "26db2e94-5dad-44b1-9c4a-2118fd9f2cd4"
OnePointHalfPath: ""
PlayPosition: "0"
TwoPath: ""
XiaYiGeClassId: "449"
XiaYiGeExamId: "1038"
XiaYiGeLessonId: "126751"

{XiaYiGeLessonId: "131344", PlayPosition: "0", LearnRecordID: "0", XiaYiGeClassId: "449",…}
HighPathUrl: "85eccb0b-4125-4ac2-8dc2-c164da6acec3"
LearnRecordID: "0"
LessonName: "统考英语 翻译（3）（苗嘉）"
LessonTypeName: "考研公共课_系统强化课_考研英语二"
LessonUrl: "http://cdnaliyunv.zhongye.net/201904/774a0ec9-39c3-4c01-8741-891e7e1ab7eb"
LowPathUrl: "0299582a-1696-41d0-928b-0268d50998b9"
MidPathUrl: "8e69c935-60af-4903-a73f-384ed713dc9f"
OnePointHalfPath: ""
PlayPosition: "0"
TwoPath: ""
XiaYiGeClassId: "449"
XiaYiGeExamId: "1038"
XiaYiGeLessonId: "131344"

{XiaYiGeLessonId: "131345", PlayPosition: "0", LearnRecordID: "0", XiaYiGeClassId: "449",…}
HighPathUrl: "ddd656bd-dbca-4594-8ded-5227895a719f"
LearnRecordID: "0"
LessonName: "统考英语 翻译（4）（苗嘉）"
LessonTypeName: "考研公共课_系统强化课_考研英语二"
LessonUrl: "http://cdnaliyunv.zhongye.net/201905/7569df93-1e39-4c79-96ea-2c6ee4150a3b"
LowPathUrl: "dce5a98e-85c8-4c50-80b2-8cb24fe898ad"
MidPathUrl: "0b6afeab-980b-4acc-8097-3ec2c3456932"
OnePointHalfPath: ""
PlayPosition: "0"
TwoPath: ""
XiaYiGeClassId: "449"
XiaYiGeExamId: "1038"
XiaYiGeLessonId: "131345"

{XiaYiGeLessonId: "126752", PlayPosition: "0", LearnRecordID: "0", XiaYiGeClassId: "449",…}
HighPathUrl: "8c8dcf04-63d4-4a8e-9fb9-22aad440459d"
LearnRecordID: "0"
LessonName: "统考英语 翻译（5）（苗嘉）"
LessonTypeName: "考研公共课_系统强化课_考研英语二"
LessonUrl: "http://cdnaliyunv.zhongye.net/201905/940dfadb-8a20-47e1-bfdd-0f34f65f40b2"
LowPathUrl: "af7ccfbd-b4fb-4f10-9909-d70baa684a9d"
MidPathUrl: "38bc48d0-63eb-4ebb-a204-c5f48130882a"
OnePointHalfPath: ""
PlayPosition: "0"
TwoPath: ""
XiaYiGeClassId: "449"
XiaYiGeExamId: "1038"
XiaYiGeLessonId: "126752"

{XiaYiGeLessonId: "127269", PlayPosition: "0", LearnRecordID: "0", XiaYiGeClassId: "449",…}
HighPathUrl: "dcb436ae-97b4-4479-981e-0546b9975e89"
LearnRecordID: "0"
LessonName: "统考英语 小作文（1）（苗嘉）"
LessonTypeName: "考研公共课_系统强化课_考研英语二"
LessonUrl: "http://cdnaliyunv.zhongye.net/201904/f079b7ae-3455-4142-afc5-2eb032cef3b2"
LowPathUrl: "d15f1f90-2131-447d-816c-46d4419968fc"
MidPathUrl: "7fd18601-c432-4675-9c90-66e42a240dbe"
OnePointHalfPath: ""
PlayPosition: "0"
TwoPath: ""
XiaYiGeClassId: "449"
XiaYiGeExamId: "1038"
XiaYiGeLessonId: "127269"

{XiaYiGeLessonId: "130582", PlayPosition: "0", LearnRecordID: "0", XiaYiGeClassId: "449",…}
HighPathUrl: "bd9a0351-b135-47f0-a1ad-e8a8a8164daf"
LearnRecordID: "0"
LessonName: "统考英语 小作文（2）（苗嘉）"
LessonTypeName: "考研公共课_系统强化课_考研英语二"
LessonUrl: "http://cdnaliyunv.zhongye.net/201904/b925647c-9459-4f2c-a1c6-ebea6a9da660"
LowPathUrl: "29fbb4b6-2239-4765-8433-cd188b18c75f"
MidPathUrl: "6f25b004-e0a8-4d8e-a052-853b009d7c51"
OnePointHalfPath: ""
PlayPosition: "0"
TwoPath: ""
XiaYiGeClassId: "449"
XiaYiGeExamId: "1038"
XiaYiGeLessonId: "130582"

{XiaYiGeLessonId: "130583", PlayPosition: "0", LearnRecordID: "0", XiaYiGeClassId: "449",…}
HighPathUrl: "e6008643-6d4e-4e0b-9a1b-64f7eb66b94a"
LearnRecordID: "0"
LessonName: "统考英语 小作文（3）（苗嘉）"
LessonTypeName: "考研公共课_系统强化课_考研英语二"
LessonUrl: "http://cdnaliyunv.zhongye.net/201905/fa54c1b0-9ee5-4652-af26-90a4b19cdceb"
LowPathUrl: "8f3a961f-4be6-4520-9124-3947fdcaa625"
MidPathUrl: "a3f2f531-dd2b-4715-8f59-ace8a709f71d"
OnePointHalfPath: ""
PlayPosition: "0"
TwoPath: ""
XiaYiGeClassId: "449"
XiaYiGeExamId: "1038"
XiaYiGeLessonId: "130583"

{XiaYiGeLessonId: "126753", PlayPosition: "0", LearnRecordID: "0", XiaYiGeClassId: "449",…}
HighPathUrl: "3dda8086-c271-4f07-b623-086c0ed02775"
LearnRecordID: "0"
LessonName: "统考英语 小作文（4）（苗嘉）"
LessonTypeName: "考研公共课_系统强化课_考研英语二"
LessonUrl: "http://cdnaliyunv.zhongye.net/201905/ee8ce088-a063-416a-a0ab-a3f7b801e2d3"
LowPathUrl: "a74ba7de-cc74-4c3e-a5f1-830f5b9cf89a"
MidPathUrl: "2844ad9c-bf04-44ca-b37e-9f37c23f8191"
OnePointHalfPath: ""
PlayPosition: "0"
TwoPath: ""
XiaYiGeClassId: "449"
XiaYiGeExamId: "1038"
XiaYiGeLessonId: "126753"

{XiaYiGeLessonId: "126754", PlayPosition: "0", LearnRecordID: "0", XiaYiGeClassId: "449",…}
HighPathUrl: "56e619f4-7c96-499c-9038-6b3ee061bdb5"
LearnRecordID: "0"
LessonName: "统考英语 小作文（5）（苗嘉）"
LessonTypeName: "考研公共课_系统强化课_考研英语二"
LessonUrl: "http://cdnaliyunv.zhongye.net/201904/d0578a8b-5941-44ad-94dc-967dc36764c0"
LowPathUrl: "0c232016-9b2b-4b56-a87a-64458ad659ef"
MidPathUrl: "7bdfcfa3-1ccc-4fc3-9afd-c99b8defc8bb"
OnePointHalfPath: ""
PlayPosition: "0"
TwoPath: ""
XiaYiGeClassId: "449"
XiaYiGeExamId: "1038"
XiaYiGeLessonId: "126754"

{XiaYiGeLessonId: "127126", PlayPosition: "0", LearnRecordID: "0", XiaYiGeClassId: "449",…}
HighPathUrl: "15ec5666-c0fa-4b8e-88f3-78eac8d697d4"
LearnRecordID: "0"
LessonName: "统考英语 小作文（6）（苗嘉）"
LessonTypeName: "考研公共课_系统强化课_考研英语二"
LessonUrl: "http://cdnaliyunv.zhongye.net/201904/ad1eba8f-2bb7-4355-ad99-fba4a0dd64c7"
LowPathUrl: "f5a0dc0a-37cf-4dab-986f-4d1e09984866"
MidPathUrl: "ae60754a-c4a9-4783-aced-0af0f5731c81"
OnePointHalfPath: ""
PlayPosition: "0"
TwoPath: ""
XiaYiGeClassId: "449"
XiaYiGeExamId: "1038"
XiaYiGeLessonId: "127126"

{XiaYiGeLessonId: "130714", PlayPosition: "0", LearnRecordID: "0", XiaYiGeClassId: "449",…}
HighPathUrl: "528535ff-35ab-4117-963a-89e7d0d27842"
LearnRecordID: "0"
LessonName: "统考英语 小作文（7）（苗嘉）"
LessonTypeName: "考研公共课_系统强化课_考研英语二"
LessonUrl: "http://cdnaliyunv.zhongye.net/201904/afb2c014-4b79-4a21-b8bd-0f49a7905d9a"
LowPathUrl: "28b75a5f-a717-4201-9edd-dcffd73c9c5b"
MidPathUrl: "3b60178e-db52-4835-9e66-6b877a7296c6"
OnePointHalfPath: ""
PlayPosition: "0"
TwoPath: ""
XiaYiGeClassId: "449"
XiaYiGeExamId: "1038"
XiaYiGeLessonId: "130714"

{XiaYiGeLessonId: "130584", PlayPosition: "0", LearnRecordID: "0", XiaYiGeClassId: "449",…}
HighPathUrl: "18fa29d6-5bd6-4c39-af5c-5ef3cf0ce8a6"
LearnRecordID: "0"
LessonName: "统考英语 大作文（1）（苗嘉）"
LessonTypeName: "考研公共课_系统强化课_考研英语二"
LessonUrl: "http://cdnaliyunv.zhongye.net/201905/2d585dfe-b263-4803-80a8-25ae8a6ba1e2"
LowPathUrl: "899b0a2b-1a9b-47f6-93d6-293d5289f25e"
MidPathUrl: "0b2be58b-eac3-4625-888d-d01a83dbbe22"
OnePointHalfPath: ""
PlayPosition: "0"
TwoPath: ""
XiaYiGeClassId: "449"
XiaYiGeExamId: "1038"
XiaYiGeLessonId: "130584"

{XiaYiGeLessonId: "130585", PlayPosition: "0", LearnRecordID: "0", XiaYiGeClassId: "449",…}
HighPathUrl: "389e9162-9ca6-42de-886a-993b2c947ccf"
LearnRecordID: "0"
LessonName: "统考英语 大作文（2）（苗嘉）"
LessonTypeName: "考研公共课_系统强化课_考研英语二"
LessonUrl: "http://cdnaliyunv.zhongye.net/201905/f5cd2588-5bd2-4f03-9a0e-5ddc87fc6369"
LowPathUrl: "6b52bcf8-bcd2-4499-984b-78e74b4d6109"
MidPathUrl: "75640377-2544-45b4-8d9b-41c48508479a"
OnePointHalfPath: ""
PlayPosition: "0"
TwoPath: ""
XiaYiGeClassId: "449"
XiaYiGeExamId: "1038"
XiaYiGeLessonId: "130585"

{XiaYiGeLessonId: "0", PlayPosition: "0", LearnRecordID: "0", XiaYiGeClassId: "0", XiaYiGeExamId: "0",…}
HighPathUrl: "8be86903-d8e7-4454-b47b-f52b32c3ce7b"
LearnRecordID: "0"
LessonName: "统考英语 大作文（3）（苗嘉）"
LessonTypeName: "考研公共课_系统强化课_考研英语二"
LessonUrl: "http://cdnaliyunv.zhongye.net/201905/4355ab54-ccd2-4b47-95c6-15e61db493b2"
LowPathUrl: "191bea8b-fba4-4ff9-9b70-e7325432ba17"
MidPathUrl: "3d2d757c-91d6-4bb2-bf82-78cb2e029c0d"
OnePointHalfPath: ""
PlayPosition: "0"
TwoPath: ""
XiaYiGeClassId: "0"
XiaYiGeExamId: "0"
XiaYiGeLessonId: "0"

