1minute:UI_Bundles/ui/prefabs/versionupdate.unity3d
1minute:Lua_Bundles/Lua_Bundles
1minute:UI_Bundles/UI_Bundles
1minute:World_Bundles/World_Bundles
1minute:UI_Bundles/ui/depends/atlas/bigbg/bg_loading.unity3d
1minute:UI_Bundles/ui/depends/atlas/newcommon.unity3d
1minute:UI_Bundles/ui/shaders.unity3d
1minute:UI_Bundles/ui/depends/resdata/shaders.unity3d
1minute:UI_Bundles/ui/font.unity3d
1minute:UI_Bundles/ui/prefabs/start/firstres.unity3d
1minute:Lua_Bundles/lua.unity3d
1minute:Lua_Bundles/lua/model.unity3d
1minute:Lua_Bundles/lua/net.unity3d
1minute:Lua_Bundles/lua/data.unity3d
1minute:Lua_Bundles/lua/config.unity3d
1minute:World_Bundles/depends/assetsraw/scene/cs_roleui_zhengli/textures/textures.unity3d
1minute:World_Bundles/depends/assetsraw/scene/cs_xsc_zhengli/texture/textures.unity3d
1minute:World_Bundles/shaders.unity3d
1minute:World_Bundles/depends/assetsraw/scene/cs_roleui_zhengli/mesh.unity3d
1minute:World_Bundles/depends/assetsraw/scene/cs_zc_zhengli/textures/textures.unity3d
1minute:World_Bundles/depends/assetsraw/scene/feijiu_zhengli/cs_alg/textures.unity3d
1minute:World_Bundles/depends/standard image effects (pro only)/sources/shaders/bloomandflares/shaders.unity3d
1minute:World_Bundles/depends/assetsraw/effect/textures/glow/textures.unity3d
1minute:World_Bundles/depends/assetsraw/effect/textures/mask/textures.unity3d
1minute:World_Bundles/depends/assetsraw/effect/textures/test_zhanshi/textures.unity3d
1minute:World_Bundles/depends/assetsraw/effect/textures/lgl/textures.unity3d
1minute:World_Bundles/depends/assetsraw/effect/textures/trail/textures.unity3d
1minute:World_Bundles/depends/assetsraw/effect/textures/wenli/textures.unity3d
1minute:World_Bundles/depends/assetsraw/effect/textures/xulie/textures.unity3d
1minute:World_Bundles/depends/assetsraw/animation/player/zhanshi/l_m_1_02/textures.unity3d
1minute:World_Bundles/depends/assetsraw/animation/player/zhanshi/zhanshi_m_wuqi/zhanshi_m_wuqi_10/textures.unity3d
1minute:World_Bundles/depends/assetsraw/effect/mesh/longjuanfeng_zhuti.fbm/textures.unity3d
1minute:World_Bundles/depends/assetsraw/effect/textures/object/textures.unity3d
1minute:World_Bundles/depends/assetsraw/effect/textures/ui/textures.unity3d
1minute:World_Bundles/depends/assetsraw/effect/textures/path/psds.unity3d
1minute:World_Bundles/depends/assetsraw/effect/textures/path/textures.unity3d
1minute:World_Bundles/sound/scene/denglu.unity3d
1minute:World_Bundles/depends/assetsraw/scene/cs_roleui_zhengli/materials/mats.unity3d
1minute:World_Bundles/depends/assetsraw/scene/cs_xsc_zhengli/effects.unity3d
1minute:World_Bundles/depends/assetsraw/scene/cs_xsc_zhengli/materials/mats.unity3d
1minute:World_Bundles/depends/assetsraw/effect/textures/glow.unity3d
1minute:World_Bundles/depends/assetsraw/effect/textures/xulie.unity3d
1minute:World_Bundles/depends/assetsraw/effect/mesh/materials/mats.unity3d
1minute:World_Bundles/depends/assetsraw/effect/textures/path/materials/mats.unity3d
1minute:World_Bundles/depends/assetsraw/scene/cs_roleui_zhengli/perfabs.unity3d
1minute:World_Bundles/effect/scence/cs_zc_01/sf_huoyan02.unity3d
1minute:World_Bundles/depends/assetsraw/effect/mesh/fbxs.unity3d
1minute:World_Bundles/mapobj/guangxian_vfx.unity3d
1minute:World_Bundles/scenes/roleui.unity3d
1minute:World_Bundles/scenes/loginui.unity3d
1minute:UI_Bundles/ui/prefabs/root/firstres.unity3d
1minute:UI_Bundles/ui/depends/atlas/common.unity3d
1minute:UI_Bundles/ui/depends/atlas/login.unity3d
1minute:UI_Bundles/ui/depends/atlas/uimain.unity3d
1minute:UI_Bundles/ui/prefabs/login/firstres.unity3d
1minute:Lua_Bundles/lua/ui/login.unity3d
1minute:World_Bundles/depends/assetsraw/effect/models/fx_chongjibo02.fbm/textures.unity3d
1minute:World_Bundles/depends/assetsraw/effect/textures/object.unity3d
1minute:World_Bundles/depends/assetsraw/effect/textures/smoke/textures.unity3d
1minute:World_Bundles/depends/assetsraw/effect/textures/smoke.unity3d
1minute:World_Bundles/depends/assetsraw/effect/textures/ui/dragon.unity3d
1minute:World_Bundles/effect/animation/dragon_an.unity3d
1minute:World_Bundles/effect/animation/uf_dragon_an 2.unity3d
1minute:World_Bundles/effect/ui/uf_dragon_an.unity3d
1minute:Lua_Bundles/data.unity3d
1minute:UI_Bundles/ui/depends/atlas/itemico.unity3d
1minute:UI_Bundles/ui/atlas/itemico.unity3d
1minute:UI_Bundles/ui/atlas/login.unity3d
1minute:World_Bundles/sound/ui.unity3d
1minute:Lua_Bundles/data/skill.unity3d
2minute:UI_Bundles/ui/depends/atlas/effectanniu.unity3d
2minute:UI_Bundles/ui/depends/atlas/equip.unity3d
2minute:UI_Bundles/ui/depends/atlas/skillicon.unity3d
2minute:UI_Bundles/ui/depends/atlas/stoneico.unity3d
2minute:UI_Bundles/ui/depends/atlas/tipaward.unity3d
2minute:UI_Bundles/ui/depends/resdata/effect/animation/anims.unity3d
2minute:UI_Bundles/ui/prefabs/common/firstres.unity3d
2minute:Lua_Bundles/lua/ui/common.unity3d
2minute:UI_Bundles/ui/depends/atlas/headicons.unity3d
2minute:UI_Bundles/ui/prefabs/roleselect/firstres.unity3d
2minute:Lua_Bundles/lua/ui/roleselect.unity3d
2minute:UI_Bundles/ui/depends/atlas/uimain2.unity3d
2minute:UI_Bundles/ui/atlas/uimain2.unity3d
2minute:World_Bundles/effect/ui/uf_xuanzerenwutouxiang.unity3d
2minute:UI_Bundles/ui/prefabs/uianimation/firstres.unity3d
2minute:World_Bundles/sound/role.unity3d
2minute:World_Bundles/depends/assetsraw/animation/player/zhanshi/zhanshi_m_7/textures.unity3d
2minute:World_Bundles/depends/assetsraw/effect/textures/sanshe_ring/textures.unity3d
2minute:World_Bundles/depends/assetsraw/effect/textures/sanshe_ring.unity3d
2minute:World_Bundles/depends/assetsraw/scene/scene_texture/cubemap/cubemaps.unity3d
2minute:World_Bundles/depends/assetsraw/animation/player/zhanshi/zhanshi_m_6.unity3d
2minute:World_Bundles/depends/assetsraw/effect/models/3dss.unity3d
2minute:World_Bundles/depends/assetsraw/effect/textures/daoguang/textures.unity3d
2minute:World_Bundles/depends/assetsraw/effect/models/materials/mats.unity3d
2minute:World_Bundles/depends/assetsraw/effect/models/fbxs.unity3d
2minute:World_Bundles/depends/assetsraw/effect/textures/lgl/zhanshi_m_1_pre_dl_tx.unity3d
2minute:World_Bundles/depends/assetsraw/animation/huanling/bianshen_huoyan/bianshen_huoyan_1/textures.unity3d
2minute:World_Bundles/depends/assetsraw/animation/monster/dragon_boss/textures.unity3d
2minute:World_Bundles/depends/assetsraw/animation/player/cike/cike_w_wq/cike_w_wuqi_1/textures.unity3d
2minute:World_Bundles/depends/assetsraw/animation/player/cike/cike_w_wq/cike_w_wuqi_10/textures.unity3d
2minute:World_Bundles/depends/assetsraw/effect/textures/crack/textures.unity3d
2minute:World_Bundles/depends/assetsraw/effect/textures/electric/textures.unity3d
2minute:World_Bundles/depends/assetsraw/effect/textures/fazheng/textures.unity3d
2minute:World_Bundles/depends/assetsraw/effect/textures/fazheng.unity3d
2minute:World_Bundles/depends/assetsraw/effect/textures/fire/textures.unity3d
2minute:World_Bundles/depends/assetsraw/effect/textures/flare/textures.unity3d
2minute:World_Bundles/depends/assetsraw/effect/textures/lgl/cs_zc_03_shuijing_01/textures.unity3d
2minute:World_Bundles/depends/assetsraw/effect/textures/water/textures.unity3d
2minute:World_Bundles/depends/assetsraw/effect/textures/wenli.unity3d
2minute:World_Bundles/depends/assetsraw/effect/textures/material.unity3d
2minute:World_Bundles/depends/igsoft_resources.unity3d
2minute:World_Bundles/depends/assetsraw/effect/textures/test_zhanshi.unity3d
2minute:World_Bundles/effect/animation/zhanshi_zhanshiliuguang 1.unity3d
2minute:World_Bundles/effect/animation/zhanshi_m_3_pre_fx02.unity3d
2minute:World_Bundles/animation/player/zhanshi/zhanshi_m_6/zhanshi_m_6_pre_dl.unity3d
2minute:World_Bundles/depends/assetsraw/animation/player/zhanshi/zhanshi_m_wuqi/zhanshi_m_wuqi_10.unity3d
2minute:World_Bundles/depends/assetsraw/scene/scene_texture/cubemap/factoryroom.unity3d
2minute:World_Bundles/depends/assetsraw/animation/player/zhanshi/zhanshi_m_wuqi/zhanshi_m_wuqi_6.unity3d
2minute:World_Bundles/depends/assetsraw/animation/player/zhanshi/zhanshi_m_wuqi/zhanshi_m_wuqi_7.unity3d
2minute:World_Bundles/animation/player/zhanshi/zhanshi_m_wuqi/zhanshi_m_wuqi_6/zhanshi_m_wuqi_6_pre.unity3d
2minute:World_Bundles/depends/projector.unity3d
2minute:World_Bundles/effect/common/fx_shadow_pro.unity3d
2minute:World_Bundles/sound/skill.unity3d
2minute:World_Bundles/scenes/loadingscene.unity3d
2minute:World_Bundles/depends/assetsraw/animation/player/zhanshi/zhanshi_m_6/textures.unity3d
2minute:World_Bundles/depends/assetsraw/effect/textures/flare.unity3d
2minute:World_Bundles/effect/common/fx_select_lv.unity3d
2minute:World_Bundles/depends/assetsraw/animation/mount/mount_horse_001.unity3d
2minute:World_Bundles/animation/mount/mount_horse_001/mount_horse_001_pre.unity3d
2minute:UI_Bundles/ui/prefabs/panelfightui/firstres.unity3d
2minute:World_Bundles/effect/ui/uf_loading_glow.unity3d
2minute:World_Bundles/effect/ui/uf_loading_time.unity3d
2minute:UI_Bundles/ui/atlas/raw/bg_loading2.unity3d
2minute:UI_Bundles/ui/atlas/raw/bg_loading3.unity3d
2minute:UI_Bundles/ui/depends/atlas/bigbg/bg_loading4.unity3d
2minute:UI_Bundles/ui/atlas/raw/bg_loading4.unity3d
2minute:World_Bundles/depends/assetsraw/prefabs.unity3d
2minute:World_Bundles/depends/assetsraw/scene/cs_xsc_zhengli/mesh.unity3d
2minute:World_Bundles/depends/assetsraw/effect/textures/water.unity3d
2minute:World_Bundles/depends/assetsraw/scene/cs_fb_06_zhengli/textures/textures.unity3d
2minute:World_Bundles/depends/assetsraw/scene/cs_zc_zhengli/materials/mats.unity3d
2minute:World_Bundles/depends/assetsraw/scene/feijiu_zhengli/cs_yw_zhaoze/textures.unity3d
2minute:World_Bundles/depends/assetsraw/scene/feijiu_zhengli/fbxs.unity3d
2minute:World_Bundles/depends/assetsraw/scene/cs_zc_zhengli/mesh.unity3d
2minute:World_Bundles/depends/assetsraw/scene/feijiu_zhengli/cs_alg.unity3d
2minute:World_Bundles/depends/assetsraw/scene/water/textures.unity3d
2minute:World_Bundles/depends/t4m.unity3d
2minute:World_Bundles/depends/assetsraw/effect/scene_effect/cs_zc_01.unity3d
2minute:World_Bundles/effect/scence/sf_effect/sf_portal.unity3d
2minute:World_Bundles/mapobj/guangxian_vfx_xsc.unity3d
2minute:World_Bundles/scene/camera/fbcamera.unity3d
2minute:World_Bundles/sound/scene/xinshoucun.unity3d
2minute:World_Bundles/depends/assetsraw/scene/cs_fb_06_zhengli/materials/mats.unity3d
2minute:World_Bundles/depends/assetsraw/scene/feijiu_zhengli/cs_yw_zhaoze.unity3d
2minute:World_Bundles/depends/assetsraw/scene/water/mats.unity3d
2minute:World_Bundles/effect/scence/cs_zc_02/cs_zc_03_penquan.unity3d
2minute:World_Bundles/depends/assetsraw/scene/cs_xsc_zhengli/perfabs.unity3d
2minute:World_Bundles/depends/assetsraw/scene/cs_zc_zhengli/perfabs.unity3d
2minute:World_Bundles/scenes/cs_yw_xsc02.unity3d
2minute:Lua_Bundles/data/mapdata.unity3d
2minute:World_Bundles/skill/skillbase.unity3d
2minute:World_Bundles/skill/cell/damage.unity3d
2minute:World_Bundles/skill/cell/framestop.unity3d
2minute:World_Bundles/depends/assetsraw/effect/textures/blood.unity3d
2minute:World_Bundles/effect/skill/hurt/fodder_blood01.unity3d
2minute:World_Bundles/depends/assetsraw/animation/monster/mon041_shouchengshibing.unity3d
2minute:World_Bundles/animation/monster/mon041_shouchengshibing/mon041_shouchengshibing_pre.unity3d
2minute:World_Bundles/depends/assetsraw/animation/monster/mon030_gebulin001.unity3d
2minute:World_Bundles/animation/monster/mon030_gebulin001/mon030_gebulin001_pre.unity3d
2minute:World_Bundles/depends/assetsraw/animation/monster/mon004_kulouzhanshi.unity3d
2minute:World_Bundles/animation/monster/mon004_kulouzhanshi/mon004_kulouzhanshi_pre.unity3d
2minute:World_Bundles/depends/assetsraw/animation/monster/mon019_jidilangzhu.unity3d
2minute:World_Bundles/depends/assetsraw/animation/monster/mon020_judulangzhu.unity3d
2minute:World_Bundles/animation/monster/mon020_judulangzhu/mon020_judulangzhu_pre.unity3d
2minute:World_Bundles/depends/assetsraw/animation/monster/mon008_lang.unity3d
2minute:World_Bundles/animation/monster/mon008_lang/mon008_lang_pre.unity3d
2minute:World_Bundles/depends/assetsraw/effect/animation.unity3d
2minute:World_Bundles/depends/assetsraw/effect/textures/electric.unity3d
2minute:World_Bundles/effect/monster/mon021_shandianmolang/mon021_shandianmolang_attack001.unity3d
2minute:World_Bundles/depends/assetsraw/animation/monster/mon016_binglang.unity3d
2minute:World_Bundles/depends/assetsraw/animation/monster/mon021_shandianmolang.unity3d
2minute:World_Bundles/animation/monster/mon021_shandianmolang/mon021_shandianmolang_pre.unity3d
2minute:World_Bundles/depends/assetsraw/animation/monster/mon022_bianyishirenhua.unity3d
2minute:World_Bundles/animation/monster/mon022_bianyishirenhua/mon022_bianyishirenhua_pre.unity3d
2minute:World_Bundles/effect/monster/cike_boss_pre/cike_boss_attack001.unity3d
2minute:World_Bundles/effect/monster/cike_boss_pre/cike_boss_skill001.unity3d
2minute:World_Bundles/effect/monster/cike_boss_pre/cike_boss_skill002.unity3d
2minute:World_Bundles/depends/assetsraw/animation/monster/cike_boss.unity3d
2minute:World_Bundles/animation/monster/cike_boss/cike_boss_pre.unity3d
2minute:World_Bundles/depends/assetsraw/animation/monster/mon005_cike.unity3d
2minute:World_Bundles/animation/monster/mon005_cike/mon005_cike_pre.unity3d
2minute:World_Bundles/depends/assetsraw/animation/monster/mon042_fakuangdeshibing.unity3d
2minute:World_Bundles/animation/monster/mon042_fakuangdeshibing/mon042_fakuangdeshibing_pre.unity3d
2minute:World_Bundles/depends/assetsraw/animation/npc/npc015_tulongzhe.unity3d
2minute:World_Bundles/animation/npc/npc015_tulongzhe/npc015_tulongzhe_pre.unity3d
2minute:World_Bundles/depends/assetsraw/animation/npc/npc011_yuyanjia.unity3d
2minute:World_Bundles/animation/npc/npc011_yuyanjia/npc011_yuyanjia_pre.unity3d
2minute:World_Bundles/depends/assetsraw/animation/npc/npc009_qishenshizhe.unity3d
2minute:World_Bundles/depends/assetsraw/animation/pet/pet_nangua004.unity3d
2minute:World_Bundles/animation/npc/npc009_qishenshizhe/npc009_qishenshizhe_pre.unity3d
2minute:World_Bundles/depends/assetsraw/animation/npc/npc006_jianxinvwu.unity3d
2minute:World_Bundles/animation/npc/npc006_jianxinvwu/npc006_jianxinvwu_pre.unity3d
2minute:World_Bundles/depends/assetsraw/animation/npc/npc017_cunguan.unity3d
2minute:World_Bundles/animation/npc/npc017_cunguan/npc017_cunguan_pre.unity3d
2minute:World_Bundles/depends/assetsraw/animation/npc/shibing_a.unity3d
2minute:World_Bundles/animation/npc/shibing_a/shibing_a_pre.unity3d
2minute:World_Bundles/depends/assetsraw/animation/npc/npc014_lina.unity3d
2minute:World_Bundles/animation/npc/npc014_lina/npc014_lina_pre.unity3d
2minute:World_Bundles/depends/assetsraw/animation/npc/npc010_nvpulala.unity3d
2minute:World_Bundles/animation/npc/npc010_nvpulala/npc010_nvpulala_pre.unity3d
2minute:World_Bundles/depends/assetsraw/animation/npc/npc021_lieren.unity3d
2minute:World_Bundles/animation/npc/npc021_lieren/npc021_lieren_pre.unity3d
2minute:World_Bundles/depends/assetsraw/animation/npc/npc020_qiaofu.unity3d
2minute:World_Bundles/animation/npc/npc020_qiaofu/npc020_qiaofu_pre.unity3d
2minute:World_Bundles/depends/assetsraw/animation/npc/shibing_b.unity3d
2minute:World_Bundles/animation/npc/shibing_b/shibing_b_pre.unity3d
2minute:World_Bundles/depends/assetsraw/animation/npc/npc005.unity3d
2minute:World_Bundles/animation/npc/npc005/npc005_pre.unity3d
2minute:World_Bundles/depends/assetsraw/animation/npc/npc016_maihuashaonv.unity3d
2minute:World_Bundles/animation/npc/npc016_maihuashaonv/npc016_maihuashaonv_pre.unity3d
2minute:World_Bundles/depends/assetsraw/animation/npc/npc022_ma.unity3d
2minute:World_Bundles/animation/npc/npc022_ma/npc022_ma_pre.unity3d
2minute:World_Bundles/animation/collection/cs_caijiwu_emptything.unity3d
2minute:World_Bundles/animation/collection/cs_caijiwu_bushoujia.unity3d
2minute:World_Bundles/depends/assetsraw/scene/scene_texture/thing/cs_fb_thing/textures.unity3d
2minute:World_Bundles/depends/assetsraw/scene/scene_texture/thing/scn033/textures.unity3d
2minute:World_Bundles/depends/assetsraw/scene/scene_texture/thing/materials/mats.unity3d
2minute:World_Bundles/animation/collection/cs_caijiwu_maoyaozhuo.unity3d
2minute:World_Bundles/animation/collection/cs_caijiwu_xiakucao.unity3d
2minute:World_Bundles/depends/assetsraw/animation/player/zhanshi/zhanshi_m_wuqi/zhanshi_m_wuqi_1.unity3d
2minute:World_Bundles/depends/assetsraw/scene/scene_texture/cubemap/map1.unity3d
2minute:World_Bundles/depends/assetsraw/animation/player/zhanshi/zhanshi_m_wuqi/zhanshi_m_wuqi_3.unity3d
2minute:World_Bundles/depends/assetsraw/effect/skill/wuqi_models/zhanshi_m_wuqi_3.unity3d
2minute:World_Bundles/animation/collection/cs_caijiwu_wuqi.unity3d
2minute:World_Bundles/effect/scence/sf_effect/sf_chuansongmen.unity3d
2minute:World_Bundles/depends/assetsraw/animation/player/zhanshi/zhanshi_m_0.unity3d
2minute:World_Bundles/animation/player/zhanshi/zhanshi_m_0/zhanshi_m_0_pre.unity3d
2minute:World_Bundles/depends/assetsraw/animation/huanling/bianshen_huoyan/bianshen_huoyan_1.unity3d
2minute:World_Bundles/animation/huanling/bianshen_huoyan/bianshen_huoyan_1/bianshen_huoyan_1_pre.unity3d
2minute:World_Bundles/skill/camera/smallshock.unity3d
2minute:World_Bundles/depends/assetsraw/effect/textures/crack.unity3d
2minute:World_Bundles/depends/assetsraw/effect/textures/daoguang.unity3d
2minute:World_Bundles/depends/assetsraw/effect/textures/lgl/zhanshi_m_0_attack01_03.unity3d
2minute:World_Bundles/effect/skill/player/zhanshi_m_0/zhanshi_m_0_skill001.unity3d
2minute:World_Bundles/effect/skill/hurt/fx_beiji02.unity3d
2minute:World_Bundles/skill/camera/zoomdash.unity3d
2minute:World_Bundles/skill/cell/curvemove.unity3d
2minute:World_Bundles/effect/animation/zhanshi_huanying01.unity3d
2minute:World_Bundles/effect/animation/zhanshi_huanying (1).unity3d
2minute:World_Bundles/effect/skill/player/zhanshi_m_0/zhanshi_m_0_skill002.unity3d
2minute:World_Bundles/effect/skill/player/zhanshi_m_0/zhanshi_m_0_skill004.unity3d
2minute:World_Bundles/skill/camera/bigshock.unity3d
2minute:World_Bundles/depends/assetsraw/effect/textures/lgl/materials/mats.unity3d
2minute:World_Bundles/depends/assetsraw/effect/textures/lgl/zhanshi_m_0_skill003.unity3d
2minute:World_Bundles/effect/animation/rongyanguai 1.unity3d
2minute:World_Bundles/effect/animation/rongyanguai.unity3d
2minute:World_Bundles/effect/animation/gameobject 3.unity3d
2minute:World_Bundles/effect/skill/player/zhanshi_m_0/zhanshi_m_0_skill003.unity3d
2minute:World_Bundles/skill/camera/zoomlight.unity3d
2minute:World_Bundles/effect/skill/player/zhanshi_m_0/zhanshi_m_0_attack01.unity3d
2minute:World_Bundles/effect/skill/player/zhanshi_m_0/zhanshi_m_0_attack02.unity3d
2minute:World_Bundles/effect/animation/zhanshi_tuci_niuqu.unity3d
2minute:World_Bundles/effect/animation/uv_niuqu.unity3d
2minute:World_Bundles/effect/skill/player/zhanshi_m_0/zhanshi_m_0_attack03.unity3d
2minute:World_Bundles/skill/camera/zoommid.unity3d
2minute:World_Bundles/effect/skill/player/zhanshi_m_0/test4.unity3d
2minute:World_Bundles/depends/assetsraw/effect/textures/lgl/fx_buff_jiaxue.unity3d
2minute:World_Bundles/depends/assetsraw/effect/textures/lgl/fx_buff_shengji.unity3d
2minute:World_Bundles/depends/assetsraw/effect/textures/lgl/fx_level_up.unity3d
2minute:World_Bundles/effect/skill/buff/fx_buff_shengji.unity3d
2minute:World_Bundles/depends/assetsraw/effect/textures/lgl/fx_bf_fuhuo.unity3d
2minute:World_Bundles/effect/skill/buff/fx_buff_fuhuo.unity3d
2minute:World_Bundles/effect/zuoqi/mount_vfx.unity3d
2minute:World_Bundles/effect/scence/sf_effect/sf_spawn_vfx.unity3d
2minute:World_Bundles/effect/skill/hurt/fodder_blood02.unity3d
2minute:World_Bundles/effect/skill/hurt/fodder_blood03.unity3d
2minute:World_Bundles/effect/skill/hurt/fodder_blood04.unity3d
2minute:World_Bundles/effect/skill/hurt/fodder_blood05.unity3d
2minute:World_Bundles/depends/assetsraw/effect/skill/ui/anims.unity3d
2minute:World_Bundles/effect/ui/uf_huanlingheti.unity3d
2minute:World_Bundles/effect/skill/fit/fx_huanlinght.unity3d
2minute:World_Bundles/effect/common/fx_shadow.unity3d
2minute:UI_Bundles/ui/depends/atlas/hero.unity3d
2minute:UI_Bundles/ui/depends/atlas/hp.unity3d
2minute:UI_Bundles/ui/depends/atlas/luckdraw.unity3d
2minute:UI_Bundles/ui/depends/atlas/title.unity3d
2minute:UI_Bundles/ui/prefabs/hpbar/firstres.unity3d
2minute:UI_Bundles/ui/depends/atlas/drop.unity3d
2minute:UI_Bundles/ui/prefabs/drop/firstres.unity3d
2minute:World_Bundles/depends/assetsraw/effect/skill/remain.unity3d
2minute:World_Bundles/effect/skill/remain/fx_diaoluo_baoxiang.unity3d
2minute:World_Bundles/effect/skill/remain/fx_diaoluo_hujian.unity3d
2minute:World_Bundles/effect/skill/remain/fx_diaoluo_huwan.unity3d
2minute:World_Bundles/effect/skill/remain/fx_diaoluo_jiezhi.unity3d
2minute:World_Bundles/effect/skill/remain/fx_diaoluo_kuzi.unity3d
2minute:World_Bundles/effect/skill/remain/fx_diaoluo_longdan.unity3d
2minute:World_Bundles/effect/skill/remain/fx_diaoluo_peishi.unity3d
2minute:World_Bundles/effect/skill/remain/fx_diaoluo_wuqi.unity3d
2minute:World_Bundles/effect/skill/remain/fx_diaoluo_xianglian.unity3d
2minute:World_Bundles/effect/skill/remain/fx_diaoluo_xiezi.unity3d
2minute:World_Bundles/effect/skill/remain/fx_diaoluo_yaodai.unity3d
2minute:World_Bundles/effect/skill/remain/fx_diaoluo_yifu.unity3d
2minute:World_Bundles/effect/common/money_s.unity3d
2minute:World_Bundles/effect/skill/remain/fx_diaoluo_jinbi.unity3d
2minute:World_Bundles/effect/common/fx_baoxiangpinzhi_lv.unity3d
2minute:World_Bundles/effect/common/fx_baoxiangpinzhi_lan.unity3d
2minute:World_Bundles/effect/common/fx_baoxiangpinzhi_zi.unity3d
2minute:World_Bundles/effect/common/fx_baoxiangpinzhi_cheng.unity3d
2minute:World_Bundles/effect/common/fx_baoxiangpinzhi_jin.unity3d
2minute:World_Bundles/effect/common/fx_baoxiangpinzhi_hong.unity3d
2minute:UI_Bundles/ui/anim.unity3d
2minute:UI_Bundles/ui/depends/assetsraw/animation/baojia/materials/textures.unity3d
2minute:UI_Bundles/ui/depends/assetsraw/effect/textures/wenli/textures.unity3d
2minute:UI_Bundles/ui/depends/assetsraw/effect/mesh/materials/mats.unity3d
2minute:UI_Bundles/ui/depends/assetsraw/effect/models/object/textures.unity3d
2minute:UI_Bundles/ui/depends/assetsraw/effect/skill/ui/anims.unity3d
2minute:UI_Bundles/ui/depends/assetsraw/effect/textures/fire/textures.unity3d
2minute:UI_Bundles/ui/depends/assetsraw/effect/textures/flare/textures.unity3d
2minute:UI_Bundles/ui/depends/assetsraw/effect/textures/glow/textures.unity3d
2minute:UI_Bundles/ui/depends/assetsraw/effect/textures/glow/materials/mats.unity3d
2minute:UI_Bundles/ui/depends/assetsraw/effect/textures/lgl/textures.unity3d
2minute:UI_Bundles/ui/depends/assetsraw/effect/textures/mask/textures.unity3d
2minute:UI_Bundles/ui/depends/assetsraw/effect/textures/path/textures.unity3d
2minute:UI_Bundles/ui/depends/assetsraw/effect/textures/material/mats.unity3d
2minute:UI_Bundles/ui/depends/assetsraw/effect/textures/sanshe_ring/textures.unity3d
2minute:UI_Bundles/ui/depends/assetsraw/effect/textures/sanshe_ring/materials/mats.unity3d
2minute:UI_Bundles/ui/depends/assetsraw/effect/textures/sanshe_ring/psds.unity3d
2minute:UI_Bundles/ui/depends/assetsraw/effect/textures/smoke/textures.unity3d
2minute:UI_Bundles/ui/depends/assetsraw/effect/textures/test_zhanshi/textures.unity3d
2minute:UI_Bundles/ui/depends/assetsraw/effect/textures/ui/auto/guaji/textures.unity3d
2minute:UI_Bundles/ui/depends/assetsraw/effect/textures/ui/auto/xunlu/textures.unity3d
2minute:UI_Bundles/ui/depends/assetsraw/effect/textures/ui/textures.unity3d
2minute:UI_Bundles/ui/depends/assetsraw/effect/textures/xulie/textures.unity3d
2minute:UI_Bundles/ui/depends/atlas/bigbg/zd_hs.unity3d
2minute:UI_Bundles/ui/depends/atlas/heroequip.unity3d
2minute:UI_Bundles/ui/depends/atlas/qualityeffect.unity3d
2minute:UI_Bundles/ui/depends/atlas/vip.unity3d
2minute:UI_Bundles/ui/prefabs/uimain/firstres.unity3d
2minute:UI_Bundles/ui/depends/atlas/bigbg/commonback.unity3d
2minute:UI_Bundles/ui/depends/atlas/bigbg/commonback1.unity3d
2minute:UI_Bundles/ui/prefabs/activity/firstres.unity3d
2minute:Lua_Bundles/lua/ui/main.unity3d
2minute:UI_Bundles/ui/atlas/uimain.unity3d
2minute:World_Bundles/effect/ui/uf_vip.unity3d
2minute:World_Bundles/effect/ui/uf_shouchong1yuan.unity3d
2minute:World_Bundles/effect/ui/uf_uijiantou.unity3d
2minute:Lua_Bundles/lua/ui/task.unity3d
2minute:UI_Bundles/ui/atlas/newcommon.unity3d
2minute:UI_Bundles/ui/prefabs/joystick/firstres.unity3d
2minute:World_Bundles/depends/assetsraw/animation/player/zhanshi/zhanshi_m_wuqi/zhanshi_m_wuqi_0.unity3d
2minute:World_Bundles/animation/player/zhanshi/zhanshi_m_wuqi/zhanshi_m_wuqi_0/zhanshi_m_wuqi_0_pre.unity3d
2minute:World_Bundles/sound/common.unity3d
2minute:UI_Bundles/ui/depends/atlas/bigbg/rendertextures.unity3d
2minute:UI_Bundles/ui/prefabs/npc/firstres.unity3d
2minute:Lua_Bundles/lua/ui/npc.unity3d
2minute:World_Bundles/depends/assetsraw/effect/skill/ui/controllers.unity3d
2minute:World_Bundles/effect/ui/uf_tiaoguoanniu.unity3d
2minute:World_Bundles/material/rtmaterial.unity3d
2minute:World_Bundles/effect/ui/uf_xinjinengkaiqi.unity3d
2minute:World_Bundles/effect/ui/uf_wanchengrenwu.unity3d
2minute:UI_Bundles/ui/depends/atlas/uieffect.unity3d
2minute:UI_Bundles/ui/prefabs/flyattr/firstres.unity3d
2minute:UI_Bundles/ui/atlas/uieffect.unity3d
2minute:World_Bundles/effect/ui/uf_zhanli.unity3d
2minute:UI_Bundles/ui/prefabs/task/firstres.unity3d
2minute:World_Bundles/effect/ui/uf_fire_fx.unity3d
2minute:UI_Bundles/ui/depends/atlas/bigbg/back_zhuangtailan.unity3d
2minute:UI_Bundles/ui/depends/atlas/bigbg/bg_rw.unity3d
2minute:UI_Bundles/ui/depends/atlas/bigbg/equipstar_bg1.unity3d
2minute:UI_Bundles/ui/depends/atlas/bigbg/equipstar_guang.unity3d
2minute:UI_Bundles/ui/depends/atlas/bigbg/equipstar_zou.unity3d
2minute:UI_Bundles/ui/depends/atlas/equipcollect.unity3d
2minute:UI_Bundles/ui/depends/resdata/material/mats.unity3d
2minute:UI_Bundles/ui/prefabs/equip/firstres.unity3d
2minute:Lua_Bundles/lua/ui/equip.unity3d
2minute:UI_Bundles/ui/atlas/equipico.unity3d
2minute:UI_Bundles/ui/atlas/common.unity3d
2minute:UI_Bundles/ui/prefabs/bag/firstres.unity3d
2minute:World_Bundles/animation/player/zhanshi/zhanshi_m_wuqi/zhanshi_m_wuqi_1/zhanshi_m_wuqi_1_pre.unity3d
2minute:World_Bundles/effect/skill/remain/fx_zhuangzhuangbei.unity3d
2minute:UI_Bundles/ui/depends/atlas/activity.unity3d
2minute:UI_Bundles/ui/depends/atlas/vip3.unity3d
2minute:UI_Bundles/ui/prefabs/sevendaylogin/firstres.unity3d
2minute:Lua_Bundles/lua/ui/sevendaylogin.unity3d
2minute:UI_Bundles/ui/atlas/effectanniu.unity3d
2minute:UI_Bundles/ui/depends/atlas/sevenday.unity3d
2minute:UI_Bundles/ui/depends/atlas/skilleffect.unity3d
2minute:UI_Bundles/ui/prefabs/roleinfo/firstres.unity3d
2minute:World_Bundles/depends/assetsraw/animation/player/cike/cike_w_wq/cike_w_wuqi_10.unity3d
2minute:World_Bundles/depends/assetsraw/animation/player/zhanshi/zhanshi_m_wuqi/zhanshi_m_wuqi_4.unity3d
2minute:World_Bundles/animation/player/zhanshi/zhanshi_m_wuqi/zhanshi_m_wuqi_4/zhanshi_m_wuqi_4_pre.unity3d
2minute:UI_Bundles/ui/atlas/title.unity3d
2minute:UI_Bundles/ui/atlas/qualityeffect.unity3d
2minute:UI_Bundles/ui/atlas/vip.unity3d
2minute:Lua_Bundles/lua/ui/bag.unity3d
2minute:World_Bundles/effect/common/fx_select.unity3d
2minute:World_Bundles/sound/hit.unity3d
2minute:UI_Bundles/ui/prefabs/flytext/firstres.unity3d
2minute:UI_Bundles/ui/prefabs/fixedflytext/firstres.unity3d
2minute:World_Bundles/effect/ui/uf_jinengtishi_cd.unity3d
3minute:World_Bundles/effect/ui/uf_wangzhevip.unity3d
3minute:World_Bundles/effect/ui/uf_gmfor_vfx.unity3d
3minute:UI_Bundles/ui/depends/atlas/map/1.unity3d
3minute:UI_Bundles/ui/depends/atlas/minimap.unity3d
3minute:UI_Bundles/ui/prefabs/map.unity3d
3minute:Lua_Bundles/lua/ui/map.unity3d
3minute:UI_Bundles/ui/depends/atlas/map/10.unity3d
3minute:UI_Bundles/ui/depends/atlas/map/12.unity3d
3minute:UI_Bundles/ui/atlas/map.unity3d
3minute:UI_Bundles/ui/atlas/minimap.unity3d
3minute:World_Bundles/effect/ui/uf_beibaoshijian.unity3d
3minute:UI_Bundles/ui/prefabs/social/firstres.unity3d
3minute:Lua_Bundles/lua/ui/social.unity3d
3minute:UI_Bundles/ui/prefabs/social.unity3d
3minute:UI_Bundles/ui/prefabs/uistrong/firstres.unity3d
3minute:Lua_Bundles/lua/ui/strong.unity3d
3minute:Lua_Bundles/lua/ui/equip/equipcollect.unity3d
3minute:World_Bundles/effect/ui/uf_zongzhanlizouguang.unity3d
3minute:UI_Bundles/ui/prefabs/arena/firstres.unity3d
3minute:World_Bundles/depends/assetsraw/animation/player/zhanshi/zhanshi_m_1.unity3d
3minute:World_Bundles/animation/player/zhanshi/zhanshi_m_1/zhanshi_m_1_pre.unity3d
3minute:World_Bundles/effect/ui/uf_xingongnengkaiqi.unity3d
3minute:UI_Bundles/ui/depends/atlas/bigbg/lottery.unity3d
3minute:UI_Bundles/ui/depends/atlas/bigbg/lottery1.unity3d
3minute:UI_Bundles/ui/depends/atlas/bigbg/lottery3.unity3d
3minute:UI_Bundles/ui/depends/atlas/herotwo.unity3d
3minute:UI_Bundles/ui/prefabs/wing/firstres.unity3d
3minute:Lua_Bundles/lua/ui/wing.unity3d
3minute:UI_Bundles/ui/atlas/raw/lottery.unity3d
4minute:UI_Bundles/ui/depends/atlas/heroeffect.unity3d
4minute:UI_Bundles/ui/depends/atlas/qualityeffect2.unity3d
4minute:UI_Bundles/ui/depends/atlas/unlock.unity3d
4minute:UI_Bundles/ui/prefabs/bag.unity3d
4minute:UI_Bundles/ui/atlas/equip.unity3d
4minute:UI_Bundles/ui/depends/atlas/itemico2.unity3d
4minute:UI_Bundles/ui/atlas/itemico2.unity3d
4minute:UI_Bundles/ui/depends/atlas/bigbg/back_modeltips.unity3d
4minute:UI_Bundles/ui/depends/atlas/bigbg/vipdi.unity3d
4minute:UI_Bundles/ui/depends/atlas/heroico.unity3d
4minute:UI_Bundles/ui/depends/atlas/vip2.unity3d
4minute:UI_Bundles/ui/prefabs/uivip/firstres.unity3d
4minute:Lua_Bundles/lua/ui/uiviplua.unity3d
4minute:World_Bundles/animation/title/title_02zsvip.unity3d
4minute:UI_Bundles/ui/atlas/vip2.unity3d
4minute:World_Bundles/depends/assetsraw/animation/player/zhanshi/l_m_1_05.unity3d
4minute:World_Bundles/depends/assetsraw/animation/player/zhanshi/zhanshi_m_wuqi/l_w_1_05.unity3d
4minute:World_Bundles/animation/player/zhanshi/l_m_1_05/l_m_1_05_pre_show.unity3d
4minute:World_Bundles/depends/assetsraw/animation/shenmo/shenmo_005.unity3d
4minute:World_Bundles/animation/shenmo/shenmo_005/shenmo_005_pre_2.unity3d
4minute:World_Bundles/depends/assetsraw/scene/scene_fbx/cs_fb_thing.unity3d
4minute:World_Bundles/animation/scene/ca_fb_thing_baoxiang.unity3d
4minute:World_Bundles/depends/assetsraw/animation/shenmo/shenmo_002.unity3d
4minute:World_Bundles/animation/shenmo/shenmo_002/shenmo_002_pre_2.unity3d
4minute:World_Bundles/depends/assetsraw/animation/mount/mount_dog_009.unity3d
4minute:World_Bundles/animation/mount/mount_dog_009/mount_dog_009_pre.unity3d
4minute:UI_Bundles/ui/atlas/stoneico.unity3d
4minute:World_Bundles/animation/scene/ca_fb_thing_baoshi01.unity3d
4minute:World_Bundles/animation/scene/ca_fb_thing_baoshi.unity3d
4minute:World_Bundles/animation/scene/ca_fb_thing_baoshi03.unity3d
4minute:World_Bundles/animation/scene/ca_fb_thing_baoshi02.unity3d
4minute:UI_Bundles/ui/depends/atlas/bigbg/lottery2.unity3d
4minute:UI_Bundles/ui/depends/atlas/bigbg/mallbg.unity3d
4minute:UI_Bundles/ui/prefabs/uirecharge/firstres.unity3d
4minute:Lua_Bundles/lua/ui/recharge.unity3d
4minute:UI_Bundles/ui/atlas/hero.unity3d
4minute:World_Bundles/depends/assetsraw/animation/npc/npc004_shangrennv.unity3d
4minute:World_Bundles/animation/npc/npc004_shangrennv/npc004_shangrennv_pre.unity3d
4minute:UI_Bundles/ui/atlas/headicons.unity3d
4minute:World_Bundles/skill/cell/framestopex.unity3d
4minute:World_Bundles/effect/ui/uf_zhuangbei_kaiqishuxing.unity3d
4minute:World_Bundles/effect/ui/uf_zhuangbei_shoujishuxing.unity3d
4minute:World_Bundles/depends/assetsraw/animation/player/zhanshi/zhanshi_m_2.unity3d
4minute:World_Bundles/animation/player/zhanshi/zhanshi_m_2/zhanshi_m_2_pre.unity3d
4minute:World_Bundles/depends/assetsraw/animation/player/zhanshi/zhanshi_m_3.unity3d
4minute:World_Bundles/animation/player/zhanshi/zhanshi_m_3/zhanshi_m_3_pre.unity3d
4minute:UI_Bundles/ui/depends/atlas/arena.unity3d
4minute:UI_Bundles/ui/depends/atlas/bigbg/bg_zq.unity3d
4minute:UI_Bundles/ui/depends/atlas/newcommonout.unity3d
4minute:UI_Bundles/ui/prefabs/ride/firstres.unity3d
4minute:Lua_Bundles/lua/ui/ride.unity3d
4minute:World_Bundles/effect/ui/uf_jineng_scene_fx.unity3d
4minute:World_Bundles/effect/ui/uf_xingji.unity3d
4minute:World_Bundles/depends/assetsraw/effect/textures/ui/materials/mats.unity3d
4minute:World_Bundles/effect/ui/uf_shengxingchenggong.unity3d
4minute:World_Bundles/effect/ui/uf_fanli.unity3d
4minute:World_Bundles/depends/assetsraw/animation/wing/wing_17_fantianlun.unity3d
4minute:World_Bundles/animation/wing/wing_17_fantianlun/wing_17_fantianlun_pre.unity3d
4minute:UI_Bundles/ui/atlas/vip3.unity3d
4minute:UI_Bundles/ui/prefabs/chat/firstres.unity3d
4minute:Lua_Bundles/lua/ui/chat.unity3d
4minute:UI_Bundles/ui/depends/atlas/emoji.unity3d
4minute:UI_Bundles/ui/prefabs/chat.unity3d
4minute:UI_Bundles/ui/atlas/emoji.unity3d
4minute:UI_Bundles/ui/depends/atlas/examset.unity3d
4minute:UI_Bundles/ui/prefabs/uiturntable/firstres.unity3d
4minute:Lua_Bundles/lua/ui/uiturntable.unity3d
4minute:World_Bundles/effect/ui/uf_xinyunlunpan.unity3d
5minute:World_Bundles/depends/assetsraw/animation/mount/mount_bawanglong_020.unity3d
5minute:World_Bundles/animation/mount/mount_bawanglong_020/zq_pf_bawanglong_pre.unity3d
5minute:Lua_Bundles/lua/ui/roleinfo.unity3d
5minute:Lua_Bundles/lua/ui/skill.unity3d
5minute:World_Bundles/effect/ui/uf_jinengshuxing_up.unity3d
5minute:UI_Bundles/ui/atlas/skilleffect.unity3d
5minute:World_Bundles/effect/ui/uf_jinengxuanze.unity3d
5minute:World_Bundles/effect/ui/uf_jinengtishi_up.unity3d
5minute:World_Bundles/effect/ui/uf_jinengshengji.unity3d
5minute:Lua_Bundles/lua/ui/herotitle.unity3d
5minute:UI_Bundles/ui/atlas/sevenday.unity3d
5minute:UI_Bundles/ui/materials.unity3d
6minute:World_Bundles/depends/assetsraw/effect/textures/trail.unity3d
6minute:World_Bundles/depends/assetsraw/effect/textures/lgl/cs_zc_03_shuijing_01.unity3d
6minute:World_Bundles/effect/scence/cs_zc_02/cs_zc_03jingtipangfangwu.unity3d
6minute:World_Bundles/sound/scene/junlincheng.unity3d
6minute:World_Bundles/effect/scence/cs_zc_02/cs_zc_03jingti.unity3d
6minute:World_Bundles/effect/scence/cs_zc_02/cs_zc_03_shuijing_01.unity3d
6minute:World_Bundles/scenes/cs_zc_03_1.unity3d
6minute:UI_Bundles/ui/atlas/hp.unity3d
6minute:World_Bundles/depends/assetsraw/animation/wing/wing_1.unity3d
6minute:World_Bundles/animation/wing/wing_1/effect/fx_wing_1_pre.unity3d
6minute:World_Bundles/animation/player/zhanshi/zhanshi_m_wuqi/zhanshi_m_wuqi_3/zhanshi_m_wuqi_3_pre.unity3d
6minute:UI_Bundles/ui/depends/atlas/bigbg/back_tablist.unity3d
6minute:UI_Bundles/ui/depends/atlas/bigbg/loginsigin.unity3d
6minute:UI_Bundles/ui/depends/atlas/businessset.unity3d
6minute:UI_Bundles/ui/depends/atlas/fuli.unity3d
6minute:UI_Bundles/ui/prefabs/uifuli/firstres.unity3d
6minute:Lua_Bundles/lua/ui/uifuli.unity3d
6minute:UI_Bundles/ui/atlas/businessset.unity3d
6minute:World_Bundles/depends/assetsraw/animation/shenmo/shenmo_010.unity3d
6minute:World_Bundles/animation/shenmo/shenmo_010/shenmo_010_pre_1.unity3d
6minute:World_Bundles/effect/ui/uf_lightcircle.unity3d
6minute:Lua_Bundles/lua/ui/uisevendaygoal.unity3d
6minute:World_Bundles/depends/assetsraw/scene/scene_fbx/thing/jinbixiang.unity3d
6minute:World_Bundles/depends/assetsraw/scene/scene_texture/jz/cs_yw/textures.unity3d
6minute:World_Bundles/depends/assetsraw/scene/scene_texture/thing/gy/textures.unity3d
6minute:World_Bundles/depends/assetsraw/scene/scene_texture/thing/textures.unity3d
6minute:World_Bundles/depends/assetsraw/scene/scene_material/thing/mats.unity3d
6minute:World_Bundles/animation/scene/jinbixiang_lan.unity3d
6minute:World_Bundles/animation/scene/jinbixiang_hong.unity3d
6minute:World_Bundles/effect/scence/sf_jinbibaoxiang.unity3d
6minute:World_Bundles/effect/scence/sf_jinbibaoxiang_vip.unity3d
6minute:World_Bundles/depends/assetsraw/animation/npc/npc008_cat.unity3d
6minute:World_Bundles/animation/npc/npc008_cat/npc008_cat_pre.unity3d
6minute:UI_Bundles/ui/prefabs/setting/firstres.unity3d
6minute:Lua_Bundles/lua/ui/setting.unity3d
6minute:World_Bundles/depends/assetsraw/animation/player/cike/cike_w_6.unity3d
6minute:World_Bundles/depends/assetsraw/animation/player/cike/cike_w_wq/l_w_2_05/textures.unity3d
6minute:World_Bundles/depends/assetsraw/animation/player/cike/l_m_2_05.unity3d
6minute:World_Bundles/animation/player/cike/l_m_2_05/l_m_2_05_pre.unity3d
6minute:World_Bundles/depends/assetsraw/animation/wing/wing_1_1.unity3d
6minute:World_Bundles/depends/assetsraw/animation/wing/wing_1_1/textures.unity3d
6minute:World_Bundles/animation/wing/wing_1_1/effect/wing_1_1_pre.unity3d
6minute:World_Bundles/depends/assetsraw/animation/player/cike/cike_w_wq/l_w_2_05.unity3d
6minute:World_Bundles/animation/player/cike/cike_w_wq/l_w_2_05/l_w_2_05_pre.unity3d
6minute:World_Bundles/depends/assetsraw/animation/npc/npc012_xungengren.unity3d
6minute:World_Bundles/animation/npc/npc012_xungengren/npc012_xungengren_pre.unity3d
6minute:World_Bundles/depends/assetsraw/animation/mount/mount_horse_002_1.unity3d
6minute:World_Bundles/animation/mount/mount_horse_002_1/mount_horse_002_1_pre.unity3d
6minute:World_Bundles/depends/assetsraw/animation/mount/mount_yezhu_014.unity3d
6minute:World_Bundles/animation/mount/mount_yezhu_014/mount_yezhu_014_pre.unity3d
6minute:World_Bundles/depends/assetsraw/animation/mount/mount_lang_003.unity3d
6minute:World_Bundles/animation/mount/mount_lang_003/mount_lang_003_pre.unity3d
6minute:UI_Bundles/ui/prefabs/tipskill/firstres.unity3d
6minute:Lua_Bundles/lua/ui/tipskill.unity3d
6minute:UI_Bundles/ui/atlas/skillicon.unity3d
7minute:World_Bundles/depends/assetsraw/animation/mount/mount_xunmenglong_015.unity3d
7minute:World_Bundles/animation/mount/mount_xunmenglong_015/mount_xunmenglong_015_pre.unity3d
7minute:World_Bundles/depends/assetsraw/scene/scene_texture/jz/cs_fb_04/textures.unity3d
7minute:World_Bundles/depends/assetsraw/scene/scene_texture/zb/cs_yw_shamo/textures.unity3d
7minute:World_Bundles/depends/assetsraw/scene/scene_fbx/thing/materials/mats.unity3d
7minute:World_Bundles/animation/collection/cs_caijiwu_jinggai.unity3d
7minute:World_Bundles/depends/assetsraw/animation/npc/npc013_meimo.unity3d
7minute:World_Bundles/animation/npc/npc013_meimo/npc013_meimo_pre.unity3d
7minute:World_Bundles/depends/assetsraw/effect/textures/fire.unity3d
7minute:World_Bundles/effect/ui/uf_dazhaotixing.unity3d
7minute:World_Bundles/animation/player/zhanshi/zhanshi_m_wuqi/l_w_1_05/l_m_1_05_pre.unity3d
7minute:World_Bundles/animation/player/zhanshi/l_m_1_05/l_m_1_05_pre.unity3d
7minute:World_Bundles/effect/skill/player/zhanshi_m_0/fx_zhanshi_vip_jineng.unity3d
7minute:World_Bundles/depends/assetsraw/scene/cs_fb_06_zhengli/mesh.unity3d
7minute:World_Bundles/mapobj/guangxian_vfx02.unity3d
7minute:World_Bundles/sound/scene/fight.unity3d
7minute:World_Bundles/depends/assetsraw/scene/cs_fb_06_zhengli/perfabs.unity3d
7minute:World_Bundles/scenes/cs_fb_06.unity3d
7minute:UI_Bundles/ui/depends/assetsraw/effect/textures/flare/materials/mats.unity3d
7minute:UI_Bundles/ui/depends/atlas/fightui.unity3d
7minute:UI_Bundles/ui/depends/resdata/effect/animation/controllers.unity3d
7minute:UI_Bundles/ui/prefabs/dungeon/firstres.unity3d
7minute:Lua_Bundles/lua/ui/dungeon.unity3d
7minute:UI_Bundles/ui/depends/atlas/bigbg/bg_zy.unity3d
7minute:UI_Bundles/ui/depends/atlas/uifamiliar.unity3d
7minute:UI_Bundles/ui/prefabs/newwing/firstres.unity3d
7minute:Lua_Bundles/lua/ui/newwing.unity3d
7minute:World_Bundles/depends/assetsraw/animation/wing/wing_2.unity3d
7minute:World_Bundles/animation/wing/wing_2/effect/fx_wing_2_pre.unity3d
7minute:World_Bundles/depends/assetsraw/animation/wing/wing_0.unity3d
7minute:World_Bundles/animation/wing/wing_0/effect/fx_wing_0_pre.unity3d
7minute:World_Bundles/depends/assetsraw/animation/wing/wing_3.unity3d
7minute:World_Bundles/animation/wing/wing_3/effect/fx_wing_3_pre.unity3d
7minute:World_Bundles/depends/assetsraw/animation/wing/wing_4.unity3d
7minute:World_Bundles/animation/wing/wing_4/effect/fx_wing_4_pre.unity3d
7minute:World_Bundles/depends/assetsraw/animation/wing/wing_5.unity3d
7minute:World_Bundles/animation/wing/wing_5/effect/fx_wing_5_pre.unity3d
7minute:World_Bundles/depends/assetsraw/animation/wing/wing_7.unity3d
7minute:World_Bundles/animation/wing/wing_7/effect/fx_wing_7_pre.unity3d
7minute:World_Bundles/depends/assetsraw/animation/wing/wing_8.unity3d
7minute:World_Bundles/animation/wing/wing_8/effect/fx_wing_8_pre.unity3d
7minute:World_Bundles/depends/assetsraw/animation/wing/wing_9.unity3d
7minute:World_Bundles/depends/assetsraw/animation/wing/wing_9/textures.unity3d
7minute:World_Bundles/animation/wing/wing_9/effect/fx_wing_9_pre.unity3d
7minute:World_Bundles/effect/ui/uf_zhumanshengji.unity3d
8minute:World_Bundles/effect/ui/uf_zhuangbei_shoujiwancheng.unity3d
8minute:World_Bundles/depends/assetsraw/animation/monster/mon017_meimo.unity3d
8minute:World_Bundles/animation/monster/mon017_meimo/mon017_meimo_pre.unity3d
8minute:World_Bundles/depends/assetsraw/effect/skill/monster.unity3d
8minute:UI_Bundles/ui/atlas/drop.unity3d
8minute:World_Bundles/effect/ui/uf_qianghua_1k.unity3d
8minute:World_Bundles/effect/ui/uf_qianghuachenggong.unity3d
8minute:World_Bundles/forshader/rimramp.unity3d
8minute:World_Bundles/depends/assetsraw/effect/textures/ui/shu.unity3d
8minute:World_Bundles/depends/assetsraw/scene/cs_zc_02/fbx/ds.unity3d
8minute:World_Bundles/depends/assetsraw/scene/cs_zc_02/texture/ds/textures.unity3d
8minute:World_Bundles/depends/assetsraw/scene/scene_fbx/jz/materials/mats.unity3d
8minute:World_Bundles/depends/assetsraw/scene/scene_fbx/st/cs_yw_guowang.unity3d
8minute:World_Bundles/depends/assetsraw/scene/scene_fbx/thing/cs_yw_guowang.unity3d
8minute:World_Bundles/depends/assetsraw/scene/scene_texture/dm/cs_boss_dm/textures.unity3d
8minute:World_Bundles/depends/assetsraw/scene/scene_texture/dm/cs_yw_guowang_dm/textures.unity3d
8minute:World_Bundles/depends/assetsraw/scene/scene_fbx/water/fbxs.unity3d
8minute:World_Bundles/depends/assetsraw/scene/scene_fbx/zb/cs_yw_guowang.unity3d
8minute:World_Bundles/depends/assetsraw/scene/scene_texture/st/cs_yw_guowang/textures.unity3d
8minute:World_Bundles/depends/assetsraw/scene/scene_texture/water/textures.unity3d
8minute:World_Bundles/depends/assetsraw/scene/scene_texture/zb/cs_yw_guowang/textures.unity3d
8minute:World_Bundles/depends/t4mobj/terrains/texture/textures.unity3d
8minute:World_Bundles/sound/scene/forst.unity3d
8minute:World_Bundles/depends/assetsraw/animation/npc/npc003_junguan.unity3d
8minute:World_Bundles/depends/assetsraw/scene/cs_zc_02/scene_material/ds.unity3d
8minute:World_Bundles/depends/assetsraw/scene/scene_fbx/jz/cs_yw_guowang.unity3d
8minute:World_Bundles/depends/assetsraw/scene/scene_fbx/walksurface/materials/mats.unity3d
8minute:World_Bundles/depends/assetsraw/scene/scene_material/jz/mats.unity3d
8minute:World_Bundles/depends/assetsraw/scene/scene_material/st/cs_yw_guowang.unity3d
8minute:World_Bundles/depends/assetsraw/scene/scene_material/zb/cs_yw_guowang.unity3d
8minute:World_Bundles/depends/assetsraw/scene/scene_material/water/mats.unity3d
8minute:World_Bundles/effect/scence/cs_zc_01/sf_chuansongmen02.unity3d
8minute:World_Bundles/animation/npc/npc003_junguan/npc003_junguan_pre.unity3d
8minute:World_Bundles/depends/assetsraw/scene/scene_prefab/jz/cs_hd_guowang.unity3d
8minute:World_Bundles/scenes/cs_yw_forst01.unity3d
8minute:World_Bundles/effect/monster/mon017_meimo/mon017_meimo_attack001.unity3d
8minute:World_Bundles/effect/monster/mon017_meimo/mon017_meimo_attack002.unity3d
8minute:World_Bundles/effect/monster/mon017_meimo/mon017_meimo_skill001.unity3d
8minute:World_Bundles/effect/monster/jinglingjulong_boss/jinglingjulong_boss_attack001.unity3d
8minute:World_Bundles/effect/monster/jinglingjulong_boss/jinglingjulong_boss_skill002.unity3d
8minute:World_Bundles/effect/monster/morisiqishi_jihuang_boss/morisiqishi_jihuang_boss_skill001.unity3d
8minute:World_Bundles/effect/monster/morisiqishi_jihuang_boss/morisiqishi_jihuang_boss_skill002.unity3d
8minute:World_Bundles/effect/monster/shairennvyao_003_boss/shairennvyao_attack001.unity3d
8minute:World_Bundles/effect/monster/shairennvyao_003_boss/shairennvyao_skill001.unity3d
8minute:World_Bundles/animation/monster/mon019_jidilangzhu/mon019_jidilangzhu_pre.unity3d
8minute:World_Bundles/depends/assetsraw/animation/mount/mount_xiniu_004.unity3d
8minute:World_Bundles/animation/mount/mount_xiniu_004/mount_xiniu_004_pre.unity3d