1minute:UI_Bundles/ui/prefabs/versionupdate.unity3d
1minute:Lua_Bundles/Lua_Bundles
1minute:UI_Bundles/UI_Bundles
1minute:World_Bundles/World_Bundles
1minute:UI_Bundles/ui/depends/atlas/bigbg/bg_loading.unity3d
1minute:UI_Bundles/ui/depends/atlas/newcommon.unity3d
1minute:UI_Bundles/ui/shaders.unity3d
1minute:UI_Bundles/ui/depends/resdata/shaders.unity3d
1minute:UI_Bundles/ui/font.unity3d
1minute:UI_Bundles/ui/prefabs/start/firstres.unity3d
1minute:Lua_Bundles/lua.unity3d
1minute:Lua_Bundles/lua/model.unity3d
1minute:Lua_Bundles/lua/net.unity3d
1minute:Lua_Bundles/lua/data.unity3d
1minute:Lua_Bundles/lua/config.unity3d
1minute:World_Bundles/depends/assetsraw/scene/cs_roleui_zhengli/textures/textures.unity3d
1minute:World_Bundles/depends/assetsraw/scene/cs_xsc_zhengli/texture/textures.unity3d
1minute:World_Bundles/shaders.unity3d
1minute:World_Bundles/depends/assetsraw/scene/cs_roleui_zhengli/mesh.unity3d
1minute:World_Bundles/depends/assetsraw/scene/cs_zc_zhengli/textures/textures.unity3d
1minute:World_Bundles/depends/assetsraw/scene/feijiu_zhengli/cs_alg/textures.unity3d
1minute:World_Bundles/depends/standard image effects (pro only)/sources/shaders/bloomandflares/shaders.unity3d
1minute:World_Bundles/depends/assetsraw/effect/textures/glow/textures.unity3d
1minute:World_Bundles/depends/assetsraw/effect/textures/mask/textures.unity3d
1minute:World_Bundles/depends/assetsraw/effect/textures/test_zhanshi/textures.unity3d
1minute:World_Bundles/depends/assetsraw/effect/textures/lgl/textures.unity3d
1minute:World_Bundles/depends/assetsraw/effect/textures/trail/textures.unity3d
1minute:World_Bundles/depends/assetsraw/effect/textures/wenli/textures.unity3d
1minute:World_Bundles/depends/assetsraw/effect/textures/xulie/textures.unity3d
1minute:World_Bundles/depends/assetsraw/animation/player/zhanshi/l_m_1_02/textures.unity3d
1minute:World_Bundles/depends/assetsraw/animation/player/zhanshi/zhanshi_m_wuqi/zhanshi_m_wuqi_10/textures.unity3d
1minute:World_Bundles/depends/assetsraw/effect/mesh/longjuanfeng_zhuti.fbm/textures.unity3d
1minute:World_Bundles/depends/assetsraw/effect/textures/object/textures.unity3d
1minute:World_Bundles/depends/assetsraw/effect/textures/ui/textures.unity3d
1minute:World_Bundles/depends/assetsraw/effect/textures/path/psds.unity3d
1minute:World_Bundles/depends/assetsraw/effect/textures/path/textures.unity3d
1minute:World_Bundles/sound/scene/denglu.unity3d
1minute:World_Bundles/depends/assetsraw/scene/cs_xsc_zhengli/effects.unity3d
1minute:World_Bundles/depends/assetsraw/scene/cs_roleui_zhengli/materials/mats.unity3d
1minute:World_Bundles/depends/assetsraw/scene/cs_xsc_zhengli/materials/mats.unity3d
1minute:World_Bundles/depends/assetsraw/effect/textures/glow.unity3d
1minute:World_Bundles/depends/assetsraw/effect/textures/xulie.unity3d
1minute:World_Bundles/depends/assetsraw/effect/mesh/materials/mats.unity3d
1minute:World_Bundles/depends/assetsraw/effect/textures/path/materials/mats.unity3d
1minute:World_Bundles/depends/assetsraw/scene/cs_roleui_zhengli/perfabs.unity3d
1minute:World_Bundles/effect/scence/cs_zc_01/sf_huoyan02.unity3d
1minute:World_Bundles/depends/assetsraw/effect/mesh/fbxs.unity3d
1minute:World_Bundles/mapobj/guangxian_vfx.unity3d
1minute:World_Bundles/scenes/roleui.unity3d
1minute:World_Bundles/scenes/loginui.unity3d
1minute:UI_Bundles/ui/prefabs/root/firstres.unity3d
1minute:UI_Bundles/ui/depends/atlas/common.unity3d
1minute:UI_Bundles/ui/depends/atlas/login.unity3d
1minute:UI_Bundles/ui/depends/atlas/uimain.unity3d
1minute:UI_Bundles/ui/prefabs/login/firstres.unity3d
1minute:Lua_Bundles/lua/ui/login.unity3d
1minute:World_Bundles/depends/assetsraw/effect/models/fx_chongjibo02.fbm/textures.unity3d
1minute:World_Bundles/depends/assetsraw/effect/textures/object.unity3d
1minute:World_Bundles/depends/assetsraw/effect/textures/smoke/textures.unity3d
1minute:World_Bundles/depends/assetsraw/effect/textures/smoke.unity3d
1minute:World_Bundles/depends/assetsraw/effect/textures/ui/dragon.unity3d
1minute:World_Bundles/effect/animation/dragon_an.unity3d
1minute:World_Bundles/effect/animation/uf_dragon_an 2.unity3d
1minute:World_Bundles/effect/ui/uf_dragon_an.unity3d
1minute:Lua_Bundles/data.unity3d
1minute:UI_Bundles/ui/prefabs/bulletin/firstres.unity3d
1minute:Lua_Bundles/lua/ui/uibulletin.unity3d
1minute:UI_Bundles/ui/prefabs/uianimation/firstres.unity3d
1minute:World_Bundles/sound/ui.unity3d
1minute:UI_Bundles/ui/depends/atlas/itemico.unity3d
1minute:UI_Bundles/ui/atlas/itemico.unity3d
1minute:UI_Bundles/ui/atlas/login.unity3d
1minute:UI_Bundles/ui/depends/atlas/effectanniu.unity3d
1minute:UI_Bundles/ui/depends/atlas/equip.unity3d
1minute:UI_Bundles/ui/depends/atlas/skillicon.unity3d
1minute:UI_Bundles/ui/depends/atlas/stoneico.unity3d
1minute:UI_Bundles/ui/depends/atlas/tipaward.unity3d
1minute:UI_Bundles/ui/depends/resdata/effect/animation/anims.unity3d
1minute:UI_Bundles/ui/prefabs/common/firstres.unity3d
1minute:Lua_Bundles/lua/ui/common.unity3d
1minute:UI_Bundles/ui/depends/atlas/headicons.unity3d
1minute:UI_Bundles/ui/prefabs/roleselect/firstres.unity3d
1minute:Lua_Bundles/lua/ui/roleselect.unity3d
1minute:UI_Bundles/ui/depends/atlas/uimain2.unity3d
1minute:UI_Bundles/ui/atlas/uimain2.unity3d
1minute:World_Bundles/effect/ui/uf_xuanzerenwutouxiang.unity3d
1minute:World_Bundles/sound/role.unity3d
1minute:World_Bundles/depends/assetsraw/animation/player/zhanshi/zhanshi_m_7/textures.unity3d
1minute:World_Bundles/depends/assetsraw/effect/textures/sanshe_ring/textures.unity3d
1minute:World_Bundles/depends/assetsraw/effect/textures/sanshe_ring.unity3d
1minute:World_Bundles/depends/assetsraw/scene/scene_texture/cubemap/cubemaps.unity3d
1minute:World_Bundles/depends/assetsraw/animation/player/zhanshi/zhanshi_m_6.unity3d
1minute:World_Bundles/depends/assetsraw/effect/models/3dss.unity3d
1minute:World_Bundles/depends/assetsraw/effect/textures/daoguang/textures.unity3d
1minute:World_Bundles/depends/assetsraw/effect/models/materials/mats.unity3d
1minute:World_Bundles/depends/assetsraw/effect/models/fbxs.unity3d
1minute:World_Bundles/depends/assetsraw/effect/textures/lgl/zhanshi_m_1_pre_dl_tx.unity3d
1minute:World_Bundles/depends/assetsraw/animation/huanling/bianshen_huoyan/bianshen_huoyan_1/textures.unity3d
1minute:World_Bundles/depends/assetsraw/animation/monster/dragon_boss/textures.unity3d
1minute:World_Bundles/depends/assetsraw/animation/player/cike/cike_w_wq/cike_w_wuqi_1/textures.unity3d
1minute:World_Bundles/depends/assetsraw/animation/player/cike/cike_w_wq/cike_w_wuqi_10/textures.unity3d
1minute:World_Bundles/depends/assetsraw/effect/textures/crack/textures.unity3d
1minute:World_Bundles/depends/assetsraw/effect/textures/electric/textures.unity3d
1minute:World_Bundles/depends/assetsraw/effect/textures/fazheng/textures.unity3d
1minute:World_Bundles/depends/assetsraw/effect/textures/fazheng.unity3d
1minute:World_Bundles/depends/assetsraw/effect/textures/fire/textures.unity3d
1minute:World_Bundles/depends/assetsraw/effect/textures/flare/textures.unity3d
1minute:World_Bundles/depends/assetsraw/effect/textures/lgl/cs_zc_03_shuijing_01/textures.unity3d
1minute:World_Bundles/depends/assetsraw/effect/textures/water/textures.unity3d
1minute:World_Bundles/depends/assetsraw/effect/textures/wenli.unity3d
1minute:World_Bundles/depends/assetsraw/effect/textures/material.unity3d
1minute:World_Bundles/depends/igsoft_resources.unity3d
2minute:World_Bundles/depends/assetsraw/effect/textures/test_zhanshi.unity3d
2minute:World_Bundles/effect/animation/zhanshi_zhanshiliuguang 1.unity3d
2minute:World_Bundles/effect/animation/zhanshi_m_3_pre_fx02.unity3d
2minute:World_Bundles/animation/player/zhanshi/zhanshi_m_6/zhanshi_m_6_pre_dl.unity3d
2minute:World_Bundles/depends/assetsraw/animation/player/zhanshi/zhanshi_m_wuqi/zhanshi_m_wuqi_10.unity3d
2minute:World_Bundles/depends/assetsraw/scene/scene_texture/cubemap/factoryroom.unity3d
2minute:World_Bundles/depends/assetsraw/animation/player/zhanshi/zhanshi_m_wuqi/zhanshi_m_wuqi_6.unity3d
2minute:World_Bundles/depends/assetsraw/animation/player/zhanshi/zhanshi_m_wuqi/zhanshi_m_wuqi_7.unity3d
2minute:World_Bundles/animation/player/zhanshi/zhanshi_m_wuqi/zhanshi_m_wuqi_6/zhanshi_m_wuqi_6_pre.unity3d
2minute:World_Bundles/depends/projector.unity3d
2minute:World_Bundles/effect/common/fx_shadow_pro.unity3d
2minute:World_Bundles/sound/skill.unity3d
2minute:World_Bundles/depends/assetsraw/animation/player/cike/cike_w_6.unity3d
2minute:World_Bundles/animation/player/cike/cike_w_6/cike_w_6_pre_dl.unity3d
2minute:World_Bundles/depends/assetsraw/animation/player/cike/cike_w_wq/cike_w_wuqi_10.unity3d
2minute:World_Bundles/depends/assetsraw/animation/player/cike/cike_w_wq/cike_w_wuqi_6.unity3d
2minute:World_Bundles/animation/player/cike/cike_w_wq/cike_w_wuqi_6/cike_w_wuqi_6_pre.unity3d
2minute:Lua_Bundles/data/skill.unity3d
2minute:World_Bundles/scenes/loadingscene.unity3d
2minute:World_Bundles/depends/assetsraw/animation/player/zhanshi/zhanshi_m_6/textures.unity3d
2minute:World_Bundles/depends/assetsraw/effect/textures/flare.unity3d
2minute:World_Bundles/effect/common/fx_select_lv.unity3d
2minute:World_Bundles/depends/assetsraw/animation/mount/mount_horse_001.unity3d
2minute:World_Bundles/animation/mount/mount_horse_001/mount_horse_001_pre.unity3d
2minute:UI_Bundles/ui/prefabs/panelfightui/firstres.unity3d
2minute:World_Bundles/effect/ui/uf_loading_glow.unity3d
2minute:World_Bundles/effect/ui/uf_loading_time.unity3d
2minute:UI_Bundles/ui/atlas/raw/bg_loading2.unity3d
2minute:UI_Bundles/ui/atlas/raw/bg_loading3.unity3d
2minute:UI_Bundles/ui/depends/atlas/bigbg/bg_loading4.unity3d
2minute:UI_Bundles/ui/atlas/raw/bg_loading4.unity3d
2minute:World_Bundles/depends/assetsraw/prefabs.unity3d
2minute:World_Bundles/depends/assetsraw/scene/cs_xsc_zhengli/mesh.unity3d
2minute:World_Bundles/depends/assetsraw/effect/textures/water.unity3d
2minute:World_Bundles/depends/assetsraw/scene/cs_fb_06_zhengli/textures/textures.unity3d
2minute:World_Bundles/depends/assetsraw/scene/cs_zc_zhengli/materials/mats.unity3d
2minute:World_Bundles/depends/assetsraw/scene/feijiu_zhengli/cs_yw_zhaoze/textures.unity3d
2minute:World_Bundles/depends/assetsraw/scene/feijiu_zhengli/fbxs.unity3d
2minute:World_Bundles/depends/assetsraw/scene/cs_zc_zhengli/mesh.unity3d
2minute:World_Bundles/depends/assetsraw/scene/feijiu_zhengli/cs_alg.unity3d
2minute:World_Bundles/depends/assetsraw/scene/water/textures.unity3d
2minute:World_Bundles/depends/t4m.unity3d
2minute:World_Bundles/depends/assetsraw/effect/scene_effect/cs_zc_01.unity3d
2minute:World_Bundles/effect/scence/sf_effect/sf_portal.unity3d
2minute:World_Bundles/mapobj/guangxian_vfx_xsc.unity3d
2minute:World_Bundles/scene/camera/fbcamera.unity3d
2minute:World_Bundles/sound/scene/xinshoucun.unity3d
2minute:World_Bundles/depends/assetsraw/scene/cs_fb_06_zhengli/materials/mats.unity3d
2minute:World_Bundles/depends/assetsraw/scene/feijiu_zhengli/cs_yw_zhaoze.unity3d
2minute:World_Bundles/depends/assetsraw/scene/water/mats.unity3d
2minute:World_Bundles/effect/scence/cs_zc_02/cs_zc_03_penquan.unity3d
2minute:World_Bundles/depends/assetsraw/scene/cs_zc_zhengli/perfabs.unity3d
2minute:World_Bundles/depends/assetsraw/scene/cs_xsc_zhengli/perfabs.unity3d
2minute:World_Bundles/scenes/cs_yw_xsc02.unity3d
2minute:Lua_Bundles/data/mapdata.unity3d
2minute:World_Bundles/skill/skillbase.unity3d
2minute:World_Bundles/skill/cell/damage.unity3d
2minute:World_Bundles/skill/cell/framestop.unity3d
2minute:World_Bundles/depends/assetsraw/effect/textures/blood.unity3d
2minute:World_Bundles/effect/skill/hurt/fodder_blood01.unity3d
2minute:World_Bundles/depends/assetsraw/animation/monster/mon041_shouchengshibing.unity3d
2minute:World_Bundles/animation/monster/mon041_shouchengshibing/mon041_shouchengshibing_pre.unity3d
2minute:World_Bundles/depends/assetsraw/animation/monster/mon030_gebulin001.unity3d
2minute:World_Bundles/animation/monster/mon030_gebulin001/mon030_gebulin001_pre.unity3d
2minute:World_Bundles/depends/assetsraw/animation/monster/mon004_kulouzhanshi.unity3d
2minute:World_Bundles/animation/monster/mon004_kulouzhanshi/mon004_kulouzhanshi_pre.unity3d
2minute:World_Bundles/depends/assetsraw/animation/monster/mon019_jidilangzhu.unity3d
2minute:World_Bundles/depends/assetsraw/animation/monster/mon020_judulangzhu.unity3d
2minute:World_Bundles/animation/monster/mon020_judulangzhu/mon020_judulangzhu_pre.unity3d
2minute:World_Bundles/depends/assetsraw/animation/monster/mon008_lang.unity3d
2minute:World_Bundles/animation/monster/mon008_lang/mon008_lang_pre.unity3d
2minute:World_Bundles/depends/assetsraw/effect/animation.unity3d
2minute:World_Bundles/depends/assetsraw/effect/textures/electric.unity3d
2minute:World_Bundles/effect/monster/mon021_shandianmolang/mon021_shandianmolang_attack001.unity3d
2minute:World_Bundles/depends/assetsraw/animation/monster/mon016_binglang.unity3d
2minute:World_Bundles/depends/assetsraw/animation/monster/mon021_shandianmolang.unity3d
2minute:World_Bundles/animation/monster/mon021_shandianmolang/mon021_shandianmolang_pre.unity3d
2minute:World_Bundles/depends/assetsraw/animation/monster/mon022_bianyishirenhua.unity3d
2minute:World_Bundles/animation/monster/mon022_bianyishirenhua/mon022_bianyishirenhua_pre.unity3d
2minute:World_Bundles/effect/monster/cike_boss_pre/cike_boss_attack001.unity3d
2minute:World_Bundles/effect/monster/cike_boss_pre/cike_boss_skill001.unity3d
2minute:World_Bundles/effect/monster/cike_boss_pre/cike_boss_skill002.unity3d
2minute:World_Bundles/depends/assetsraw/animation/monster/cike_boss.unity3d
2minute:World_Bundles/animation/monster/cike_boss/cike_boss_pre.unity3d
2minute:World_Bundles/depends/assetsraw/animation/monster/mon005_cike.unity3d
2minute:World_Bundles/animation/monster/mon005_cike/mon005_cike_pre.unity3d
2minute:World_Bundles/depends/assetsraw/animation/monster/mon042_fakuangdeshibing.unity3d
2minute:World_Bundles/animation/monster/mon042_fakuangdeshibing/mon042_fakuangdeshibing_pre.unity3d
2minute:World_Bundles/depends/assetsraw/animation/npc/npc015_tulongzhe.unity3d
2minute:World_Bundles/animation/npc/npc015_tulongzhe/npc015_tulongzhe_pre.unity3d
2minute:World_Bundles/depends/assetsraw/animation/npc/npc011_yuyanjia.unity3d
2minute:World_Bundles/animation/npc/npc011_yuyanjia/npc011_yuyanjia_pre.unity3d
2minute:World_Bundles/depends/assetsraw/animation/npc/npc009_qishenshizhe.unity3d
2minute:World_Bundles/depends/assetsraw/animation/pet/pet_nangua004.unity3d
2minute:World_Bundles/animation/npc/npc009_qishenshizhe/npc009_qishenshizhe_pre.unity3d
2minute:World_Bundles/depends/assetsraw/animation/npc/npc006_jianxinvwu.unity3d
2minute:World_Bundles/animation/npc/npc006_jianxinvwu/npc006_jianxinvwu_pre.unity3d
2minute:World_Bundles/depends/assetsraw/animation/npc/npc017_cunguan.unity3d
2minute:World_Bundles/animation/npc/npc017_cunguan/npc017_cunguan_pre.unity3d
2minute:World_Bundles/depends/assetsraw/animation/npc/shibing_a.unity3d
2minute:World_Bundles/animation/npc/shibing_a/shibing_a_pre.unity3d
2minute:World_Bundles/depends/assetsraw/animation/npc/npc014_lina.unity3d
2minute:World_Bundles/animation/npc/npc014_lina/npc014_lina_pre.unity3d
2minute:World_Bundles/depends/assetsraw/animation/npc/npc010_nvpulala.unity3d
2minute:World_Bundles/animation/npc/npc010_nvpulala/npc010_nvpulala_pre.unity3d
2minute:World_Bundles/depends/assetsraw/animation/npc/npc021_lieren.unity3d
2minute:World_Bundles/animation/npc/npc021_lieren/npc021_lieren_pre.unity3d
2minute:World_Bundles/depends/assetsraw/animation/npc/npc020_qiaofu.unity3d
2minute:World_Bundles/animation/npc/npc020_qiaofu/npc020_qiaofu_pre.unity3d
2minute:World_Bundles/depends/assetsraw/animation/npc/shibing_b.unity3d
2minute:World_Bundles/animation/npc/shibing_b/shibing_b_pre.unity3d
2minute:World_Bundles/depends/assetsraw/animation/npc/npc005.unity3d
2minute:World_Bundles/animation/npc/npc005/npc005_pre.unity3d
2minute:World_Bundles/depends/assetsraw/animation/npc/npc016_maihuashaonv.unity3d
2minute:World_Bundles/animation/npc/npc016_maihuashaonv/npc016_maihuashaonv_pre.unity3d
2minute:World_Bundles/depends/assetsraw/animation/npc/npc022_ma.unity3d
2minute:World_Bundles/animation/npc/npc022_ma/npc022_ma_pre.unity3d
2minute:World_Bundles/animation/collection/cs_caijiwu_emptything.unity3d
2minute:World_Bundles/animation/collection/cs_caijiwu_bushoujia.unity3d
2minute:World_Bundles/depends/assetsraw/scene/scene_texture/thing/cs_fb_thing/textures.unity3d
2minute:World_Bundles/depends/assetsraw/scene/scene_texture/thing/scn033/textures.unity3d
2minute:World_Bundles/depends/assetsraw/scene/scene_texture/thing/materials/mats.unity3d
2minute:World_Bundles/animation/collection/cs_caijiwu_maoyaozhuo.unity3d
2minute:World_Bundles/animation/collection/cs_caijiwu_xiakucao.unity3d
2minute:World_Bundles/depends/assetsraw/animation/player/zhanshi/zhanshi_m_wuqi/zhanshi_m_wuqi_1.unity3d
2minute:World_Bundles/depends/assetsraw/scene/scene_texture/cubemap/map1.unity3d
2minute:World_Bundles/depends/assetsraw/animation/player/zhanshi/zhanshi_m_wuqi/zhanshi_m_wuqi_3.unity3d
2minute:World_Bundles/depends/assetsraw/effect/skill/wuqi_models/zhanshi_m_wuqi_3.unity3d
2minute:World_Bundles/animation/collection/cs_caijiwu_wuqi.unity3d
2minute:World_Bundles/effect/scence/sf_effect/sf_chuansongmen.unity3d
2minute:World_Bundles/depends/assetsraw/animation/player/cike/cike_w_0.unity3d
2minute:World_Bundles/animation/player/cike/cike_w_0/cike_w_0_pre.unity3d
2minute:World_Bundles/depends/assetsraw/animation/player/zhanshi/zhanshi_m_0.unity3d
2minute:World_Bundles/animation/player/zhanshi/zhanshi_m_0/zhanshi_m_0_pre.unity3d
2minute:World_Bundles/depends/assetsraw/animation/huanling/bianshen_huoyan/bianshen_huoyan_1.unity3d
2minute:World_Bundles/animation/huanling/bianshen_huoyan/bianshen_huoyan_1/bianshen_huoyan_1_pre.unity3d
2minute:World_Bundles/skill/camera/smallshock.unity3d
2minute:World_Bundles/skill/cell/stealthcell.unity3d
2minute:World_Bundles/depends/assetsraw/effect/textures/crack.unity3d
2minute:World_Bundles/effect/animation/cike_suduxian_02.unity3d
2minute:World_Bundles/effect/animation/cike_huanying 1.unity3d
2minute:World_Bundles/effect/skill/player/cike_w_1/cike_w_1_skill001.unity3d
2minute:World_Bundles/effect/skill/hurt/fx_beiji02.unity3d
2minute:World_Bundles/skill/camera/zoomdash.unity3d
2minute:World_Bundles/skill/cell/curvemove.unity3d
2minute:World_Bundles/effect/skill/player/cike_w_1/cike_w_1_skill004.unity3d
2minute:World_Bundles/effect/animation/cike_skill002_xuandao.unity3d
2minute:World_Bundles/effect/animation/xuandao.unity3d
2minute:World_Bundles/effect/skill/player/cike_w_1/cike_w_1_skill002.unity3d
2minute:World_Bundles/depends/assetsraw/animation/player/cike/cike_w_wq/cike_w_wuqi_1.unity3d
2minute:World_Bundles/effect/animation/cike_skill003_dao.unity3d
2minute:World_Bundles/effect/animation/dao.unity3d
2minute:World_Bundles/effect/animation/cike_skill003_dao1.unity3d
2minute:World_Bundles/effect/animation/dao02.unity3d
2minute:World_Bundles/effect/animation/cike_skill003_dao3.unity3d
2minute:World_Bundles/effect/animation/dao04.unity3d
2minute:World_Bundles/effect/animation/cike_skill003_paodai.unity3d
2minute:World_Bundles/effect/animation/piaodai01 (1).unity3d
2minute:World_Bundles/effect/skill/player/cike_w_1/cike_w_1_skill003.unity3d
2minute:World_Bundles/skill/camera/zoomlight.unity3d
2minute:World_Bundles/depends/assetsraw/effect/textures/daoguang.unity3d
2minute:World_Bundles/effect/skill/player/cike_w_1/cike_w_1_attack01.unity3d
2minute:World_Bundles/effect/skill/player/cike_w_1/cike_w_1_attack02.unity3d
2minute:World_Bundles/effect/skill/player/cike_w_1/cike_w_1_attack03.unity3d
2minute:World_Bundles/skill/camera/zoommid.unity3d
2minute:World_Bundles/effect/skill/player/cike_w_1/cike_chongfeng.unity3d
2minute:World_Bundles/depends/assetsraw/effect/textures/lgl/fx_buff_jiaxue.unity3d
2minute:World_Bundles/depends/assetsraw/effect/textures/lgl/fx_buff_shengji.unity3d
2minute:World_Bundles/depends/assetsraw/effect/textures/lgl/fx_level_up.unity3d
2minute:World_Bundles/effect/skill/buff/fx_buff_shengji.unity3d
2minute:World_Bundles/depends/assetsraw/effect/textures/lgl/fx_bf_fuhuo.unity3d
2minute:World_Bundles/effect/skill/buff/fx_buff_fuhuo.unity3d
2minute:World_Bundles/effect/zuoqi/mount_vfx.unity3d
2minute:World_Bundles/effect/scence/sf_effect/sf_spawn_vfx.unity3d
2minute:World_Bundles/effect/skill/hurt/fodder_blood02.unity3d
2minute:World_Bundles/effect/skill/hurt/fodder_blood03.unity3d
2minute:World_Bundles/effect/skill/hurt/fodder_blood04.unity3d
2minute:World_Bundles/effect/skill/hurt/fodder_blood05.unity3d
2minute:World_Bundles/depends/assetsraw/effect/skill/ui/anims.unity3d
2minute:World_Bundles/effect/ui/uf_huanlingheti.unity3d
2minute:World_Bundles/depends/assetsraw/effect/textures/lgl/zhanshi_m_0_skill003.unity3d
2minute:World_Bundles/effect/skill/fit/fx_huanlinght.unity3d
2minute:World_Bundles/effect/common/fx_shadow.unity3d
2minute:UI_Bundles/ui/depends/atlas/hero.unity3d
2minute:UI_Bundles/ui/depends/atlas/hp.unity3d
2minute:UI_Bundles/ui/depends/atlas/luckdraw.unity3d
2minute:UI_Bundles/ui/depends/atlas/title.unity3d
2minute:UI_Bundles/ui/prefabs/hpbar/firstres.unity3d
2minute:UI_Bundles/ui/depends/atlas/drop.unity3d
2minute:UI_Bundles/ui/prefabs/drop/firstres.unity3d
2minute:World_Bundles/depends/assetsraw/effect/skill/remain.unity3d
2minute:World_Bundles/effect/skill/remain/fx_diaoluo_baoxiang.unity3d
2minute:World_Bundles/effect/skill/remain/fx_diaoluo_hujian.unity3d
2minute:World_Bundles/effect/skill/remain/fx_diaoluo_huwan.unity3d
2minute:World_Bundles/effect/skill/remain/fx_diaoluo_jiezhi.unity3d
2minute:World_Bundles/effect/skill/remain/fx_diaoluo_kuzi.unity3d
2minute:World_Bundles/effect/skill/remain/fx_diaoluo_longdan.unity3d
2minute:World_Bundles/effect/skill/remain/fx_diaoluo_peishi.unity3d
2minute:World_Bundles/effect/skill/remain/fx_diaoluo_wuqi.unity3d
2minute:World_Bundles/effect/skill/remain/fx_diaoluo_xianglian.unity3d
2minute:World_Bundles/effect/skill/remain/fx_diaoluo_xiezi.unity3d
2minute:World_Bundles/effect/skill/remain/fx_diaoluo_yaodai.unity3d
2minute:World_Bundles/effect/skill/remain/fx_diaoluo_yifu.unity3d
2minute:World_Bundles/effect/common/money_s.unity3d
2minute:World_Bundles/effect/skill/remain/fx_diaoluo_jinbi.unity3d
2minute:World_Bundles/effect/common/fx_baoxiangpinzhi_lv.unity3d
2minute:World_Bundles/effect/common/fx_baoxiangpinzhi_lan.unity3d
2minute:World_Bundles/effect/common/fx_baoxiangpinzhi_zi.unity3d
2minute:World_Bundles/effect/common/fx_baoxiangpinzhi_cheng.unity3d
2minute:World_Bundles/effect/common/fx_baoxiangpinzhi_jin.unity3d
2minute:World_Bundles/effect/common/fx_baoxiangpinzhi_hong.unity3d
2minute:UI_Bundles/ui/anim.unity3d
2minute:UI_Bundles/ui/depends/assetsraw/animation/baojia/materials/textures.unity3d
2minute:UI_Bundles/ui/depends/assetsraw/effect/textures/wenli/textures.unity3d
2minute:UI_Bundles/ui/depends/assetsraw/effect/mesh/materials/mats.unity3d
2minute:UI_Bundles/ui/depends/assetsraw/effect/models/object/textures.unity3d
2minute:UI_Bundles/ui/depends/assetsraw/effect/skill/ui/anims.unity3d
2minute:UI_Bundles/ui/depends/assetsraw/effect/textures/fire/textures.unity3d
2minute:UI_Bundles/ui/depends/assetsraw/effect/textures/flare/textures.unity3d
2minute:UI_Bundles/ui/depends/assetsraw/effect/textures/glow/textures.unity3d
2minute:UI_Bundles/ui/depends/assetsraw/effect/textures/glow/materials/mats.unity3d
2minute:UI_Bundles/ui/depends/assetsraw/effect/textures/lgl/textures.unity3d
2minute:UI_Bundles/ui/depends/assetsraw/effect/textures/mask/textures.unity3d
2minute:UI_Bundles/ui/depends/assetsraw/effect/textures/path/textures.unity3d
2minute:UI_Bundles/ui/depends/assetsraw/effect/textures/material/mats.unity3d
2minute:UI_Bundles/ui/depends/assetsraw/effect/textures/sanshe_ring/textures.unity3d
2minute:UI_Bundles/ui/depends/assetsraw/effect/textures/sanshe_ring/materials/mats.unity3d
2minute:UI_Bundles/ui/depends/assetsraw/effect/textures/sanshe_ring/psds.unity3d
2minute:UI_Bundles/ui/depends/assetsraw/effect/textures/smoke/textures.unity3d
2minute:UI_Bundles/ui/depends/assetsraw/effect/textures/test_zhanshi/textures.unity3d
2minute:UI_Bundles/ui/depends/assetsraw/effect/textures/ui/auto/guaji/textures.unity3d
2minute:UI_Bundles/ui/depends/assetsraw/effect/textures/ui/auto/xunlu/textures.unity3d
2minute:UI_Bundles/ui/depends/assetsraw/effect/textures/ui/textures.unity3d
2minute:UI_Bundles/ui/depends/assetsraw/effect/textures/xulie/textures.unity3d
2minute:UI_Bundles/ui/depends/atlas/bigbg/zd_hs.unity3d
2minute:UI_Bundles/ui/depends/atlas/heroequip.unity3d
2minute:UI_Bundles/ui/depends/atlas/qualityeffect.unity3d
2minute:UI_Bundles/ui/depends/atlas/vip.unity3d
2minute:UI_Bundles/ui/prefabs/uimain/firstres.unity3d
2minute:UI_Bundles/ui/depends/atlas/bigbg/commonback.unity3d
2minute:UI_Bundles/ui/depends/atlas/bigbg/commonback1.unity3d
2minute:UI_Bundles/ui/prefabs/activity/firstres.unity3d
2minute:Lua_Bundles/lua/ui/main.unity3d
2minute:UI_Bundles/ui/atlas/uimain.unity3d
2minute:World_Bundles/effect/ui/uf_vip.unity3d
2minute:World_Bundles/effect/ui/uf_shouchong1yuan.unity3d
2minute:World_Bundles/effect/ui/uf_uijiantou.unity3d
2minute:Lua_Bundles/lua/ui/task.unity3d
2minute:UI_Bundles/ui/atlas/newcommon.unity3d
2minute:UI_Bundles/ui/prefabs/joystick/firstres.unity3d
2minute:World_Bundles/depends/assetsraw/animation/player/cike/cike_w_wq/cike_w_wuqi_0.unity3d
2minute:World_Bundles/animation/player/cike/cike_w_wq/cike_w_wuqi_0/cike_w_wuqi_0_pre.unity3d
2minute:World_Bundles/sound/common.unity3d
2minute:UI_Bundles/ui/depends/atlas/bigbg/rendertextures.unity3d
2minute:UI_Bundles/ui/prefabs/npc/firstres.unity3d
2minute:Lua_Bundles/lua/ui/npc.unity3d
2minute:World_Bundles/depends/assetsraw/effect/skill/ui/controllers.unity3d
2minute:World_Bundles/effect/ui/uf_tiaoguoanniu.unity3d
2minute:World_Bundles/material/rtmaterial.unity3d
2minute:World_Bundles/effect/ui/uf_xinjinengkaiqi.unity3d
2minute:World_Bundles/effect/ui/uf_wanchengrenwu.unity3d
2minute:UI_Bundles/ui/depends/atlas/uieffect.unity3d
2minute:UI_Bundles/ui/prefabs/flyattr/firstres.unity3d
2minute:UI_Bundles/ui/atlas/uieffect.unity3d
2minute:World_Bundles/effect/ui/uf_zhanli.unity3d
2minute:UI_Bundles/ui/prefabs/task/firstres.unity3d
2minute:World_Bundles/effect/ui/uf_fire_fx.unity3d
2minute:UI_Bundles/ui/depends/atlas/bigbg/back_zhuangtailan.unity3d
2minute:UI_Bundles/ui/depends/atlas/bigbg/bg_rw.unity3d
2minute:UI_Bundles/ui/depends/atlas/bigbg/equipstar_bg1.unity3d
2minute:UI_Bundles/ui/depends/atlas/bigbg/equipstar_guang.unity3d
2minute:UI_Bundles/ui/depends/atlas/bigbg/equipstar_zou.unity3d
2minute:UI_Bundles/ui/depends/atlas/equipcollect.unity3d
2minute:UI_Bundles/ui/depends/resdata/material/mats.unity3d
2minute:UI_Bundles/ui/prefabs/equip/firstres.unity3d
2minute:Lua_Bundles/lua/ui/equip.unity3d
2minute:UI_Bundles/ui/atlas/equipico.unity3d
2minute:UI_Bundles/ui/atlas/common.unity3d
2minute:UI_Bundles/ui/prefabs/bag/firstres.unity3d
2minute:World_Bundles/effect/ui/uf_wangzhevip.unity3d
2minute:UI_Bundles/ui/atlas/qualityeffect.unity3d
2minute:World_Bundles/depends/assetsraw/effect/textures/lgl/materials/mats.unity3d
2minute:World_Bundles/effect/ui/uf_gmfor_vfx.unity3d
2minute:World_Bundles/animation/player/cike/cike_w_wq/cike_w_wuqi_1/cike_w_wuqi_1_pre.unity3d
2minute:World_Bundles/effect/skill/remain/fx_zhuangzhuangbei.unity3d
2minute:Lua_Bundles/lua/ui/bag.unity3d
2minute:World_Bundles/effect/common/fx_select.unity3d
2minute:World_Bundles/sound/hit.unity3d
2minute:UI_Bundles/ui/prefabs/flytext/firstres.unity3d
2minute:World_Bundles/effect/skill/buff/fx_buff_xuanyun.unity3d
2minute:UI_Bundles/ui/prefabs/fixedflytext/firstres.unity3d
2minute:World_Bundles/effect/ui/uf_jinengtishi_cd.unity3d
3minute:World_Bundles/effect/ui/uf_beibaoshijian.unity3d
3minute:UI_Bundles/ui/prefabs/social/firstres.unity3d
3minute:Lua_Bundles/lua/ui/social.unity3d
3minute:UI_Bundles/ui/prefabs/social.unity3d
3minute:UI_Bundles/ui/atlas/effectanniu.unity3d
3minute:World_Bundles/effect/ui/uf_xingongnengkaiqi.unity3d
3minute:UI_Bundles/ui/depends/atlas/bigbg/lottery.unity3d
3minute:UI_Bundles/ui/depends/atlas/bigbg/lottery1.unity3d
3minute:UI_Bundles/ui/depends/atlas/bigbg/lottery3.unity3d
3minute:UI_Bundles/ui/depends/atlas/herotwo.unity3d
3minute:UI_Bundles/ui/prefabs/wing/firstres.unity3d
3minute:Lua_Bundles/lua/ui/wing.unity3d
3minute:UI_Bundles/ui/atlas/raw/lottery.unity3d
3minute:UI_Bundles/ui/prefabs/chat/firstres.unity3d
3minute:Lua_Bundles/lua/ui/chat.unity3d
3minute:UI_Bundles/ui/depends/atlas/sevenday.unity3d
3minute:UI_Bundles/ui/depends/atlas/skilleffect.unity3d
3minute:UI_Bundles/ui/prefabs/roleinfo/firstres.unity3d
3minute:Lua_Bundles/lua/ui/roleinfo.unity3d
3minute:World_Bundles/effect/ui/uf_zongzhanlizouguang.unity3d
3minute:World_Bundles/effect/ui/uf_jineng_scene_fx.unity3d
3minute:World_Bundles/depends/assetsraw/animation/player/cike/l_m_2_01.unity3d
3minute:World_Bundles/animation/player/cike/l_m_2_01/l_m_2_01_pre.unity3d
3minute:World_Bundles/depends/assetsraw/animation/player/cike/cike_w_wq/l_w_2_01.unity3d
3minute:World_Bundles/animation/player/cike/cike_w_wq/l_w_2_01/l_w_2_01_pre.unity3d
3minute:World_Bundles/depends/assetsraw/animation/player/cike/cike_w_wq/l_w_2_05/textures.unity3d
3minute:World_Bundles/depends/assetsraw/animation/player/cike/l_m_2_05.unity3d
3minute:World_Bundles/animation/player/cike/l_m_2_05/l_m_2_05_pre.unity3d
3minute:World_Bundles/depends/assetsraw/animation/player/cike/cike_w_wq/l_w_2_05.unity3d
3minute:World_Bundles/animation/player/cike/cike_w_wq/l_w_2_05/l_w_2_05_pre.unity3d
3minute:World_Bundles/depends/assetsraw/animation/player/cike/l_m_2_03.unity3d
3minute:World_Bundles/animation/player/cike/l_m_2_03/l_m_2_03_pre.unity3d
3minute:World_Bundles/depends/assetsraw/animation/player/cike/cike_w_wq/l_w_2_03.unity3d
3minute:World_Bundles/animation/player/cike/cike_w_wq/l_w_2_03/l_w_2_03_pre.unity3d
3minute:Lua_Bundles/lua/ui/herotitle.unity3d
3minute:UI_Bundles/ui/atlas/sevenday.unity3d
3minute:UI_Bundles/ui/atlas/title.unity3d
3minute:Lua_Bundles/lua/ui/equip/equipcollect.unity3d
3minute:UI_Bundles/ui/prefabs/arena/firstres.unity3d
3minute:World_Bundles/depends/assetsraw/animation/player/cike/cike_w_1.unity3d
3minute:World_Bundles/animation/player/cike/cike_w_1/cike_w_1_pre.unity3d
3minute:World_Bundles/depends/assetsraw/animation/player/cike/cike_w_2.unity3d
3minute:World_Bundles/animation/player/cike/cike_w_2/cike_w_2_pre.unity3d
3minute:World_Bundles/depends/assetsraw/animation/player/cike/cike_w_3.unity3d
3minute:World_Bundles/animation/player/cike/cike_w_3/cike_w_3_pre.unity3d
3minute:World_Bundles/effect/ui/uf_zhuangbei_kaiqishuxing.unity3d
3minute:World_Bundles/effect/ui/uf_zhuangbei_shoujishuxing.unity3d
3minute:UI_Bundles/ui/atlas/headicons.unity3d
3minute:UI_Bundles/ui/depends/atlas/activity.unity3d
3minute:UI_Bundles/ui/depends/atlas/vip3.unity3d
3minute:UI_Bundles/ui/prefabs/sevendaylogin/firstres.unity3d
3minute:Lua_Bundles/lua/ui/sevendaylogin.unity3d
3minute:World_Bundles/depends/assetsraw/animation/player/cike/cike_w_wq/cike_w_wuqi_4.unity3d
3minute:World_Bundles/animation/player/cike/cike_w_wq/cike_w_wuqi_4/cike_w_wuqi_4_ui.unity3d
3minute:UI_Bundles/ui/atlas/vip.unity3d
3minute:World_Bundles/effect/skill/remain/fx_yujing_yuan.unity3d
3minute:World_Bundles/skill/cell/framestopex.unity3d
4minute:World_Bundles/effect/skill/remain/fx_yujing_changfang.unity3d
4minute:UI_Bundles/ui/depends/atlas/heroeffect.unity3d
4minute:UI_Bundles/ui/depends/atlas/qualityeffect2.unity3d
4minute:UI_Bundles/ui/depends/atlas/unlock.unity3d
4minute:UI_Bundles/ui/prefabs/bag.unity3d
4minute:UI_Bundles/ui/atlas/equip.unity3d
4minute:UI_Bundles/ui/depends/atlas/itemico2.unity3d
4minute:UI_Bundles/ui/atlas/itemico2.unity3d
4minute:UI_Bundles/ui/atlas/hp.unity3d
4minute:World_Bundles/depends/assetsraw/animation/wing/wing_1.unity3d
4minute:World_Bundles/animation/wing/wing_1/effect/fx_wing_1_pre.unity3d
4minute:World_Bundles/animation/player/zhanshi/zhanshi_m_wuqi/zhanshi_m_wuqi_1/zhanshi_m_wuqi_1_pre.unity3d
4minute:UI_Bundles/ui/depends/atlas/bigbg/back_modeltips.unity3d
4minute:UI_Bundles/ui/depends/atlas/bigbg/vipdi.unity3d
4minute:UI_Bundles/ui/depends/atlas/heroico.unity3d
4minute:UI_Bundles/ui/depends/atlas/vip2.unity3d
4minute:UI_Bundles/ui/prefabs/uivip/firstres.unity3d
4minute:Lua_Bundles/lua/ui/uiviplua.unity3d
4minute:World_Bundles/depends/assetsraw/effect/textures/fire.unity3d
4minute:World_Bundles/effect/ui/uf_dazhaotixing.unity3d
4minute:World_Bundles/effect/skill/player/zhanshi_m_0/fx_zhanshi_vip_jineng.unity3d
4minute:UI_Bundles/ui/prefabs/setting/firstres.unity3d
4minute:Lua_Bundles/lua/ui/setting.unity3d
4minute:UI_Bundles/ui/depends/atlas/bigbg/back_tablist.unity3d
4minute:UI_Bundles/ui/depends/atlas/bigbg/bg_zq.unity3d
4minute:UI_Bundles/ui/depends/atlas/bigbg/loginsigin.unity3d
4minute:UI_Bundles/ui/depends/atlas/businessset.unity3d
4minute:UI_Bundles/ui/depends/atlas/fuli.unity3d
4minute:UI_Bundles/ui/prefabs/uifuli/firstres.unity3d
4minute:Lua_Bundles/lua/ui/uifuli.unity3d
4minute:UI_Bundles/ui/atlas/hero.unity3d
4minute:UI_Bundles/ui/atlas/businessset.unity3d
4minute:World_Bundles/depends/assetsraw/animation/shenmo/shenmo_010.unity3d
4minute:World_Bundles/animation/shenmo/shenmo_010/shenmo_010_pre_1.unity3d
4minute:World_Bundles/effect/ui/uf_lightcircle.unity3d
4minute:Lua_Bundles/lua/ui/uisevendaygoal.unity3d
4minute:World_Bundles/depends/assetsraw/scene/scene_fbx/thing/jinbixiang.unity3d
4minute:World_Bundles/depends/assetsraw/scene/scene_texture/jz/cs_yw/textures.unity3d
4minute:World_Bundles/depends/assetsraw/scene/scene_texture/thing/gy/textures.unity3d
4minute:World_Bundles/depends/assetsraw/scene/scene_texture/thing/textures.unity3d
4minute:World_Bundles/depends/assetsraw/scene/scene_material/thing/mats.unity3d
4minute:World_Bundles/animation/scene/jinbixiang_lan.unity3d
4minute:World_Bundles/animation/scene/jinbixiang_hong.unity3d
4minute:World_Bundles/effect/scence/sf_jinbibaoxiang.unity3d
4minute:World_Bundles/effect/scence/sf_jinbibaoxiang_vip.unity3d
4minute:World_Bundles/effect/ui/uf_fanli.unity3d
5minute:UI_Bundles/ui/depends/atlas/bigbg/lottery2.unity3d
5minute:UI_Bundles/ui/depends/atlas/bigbg/mallbg.unity3d
5minute:UI_Bundles/ui/prefabs/uirecharge/firstres.unity3d
5minute:Lua_Bundles/lua/ui/recharge.unity3d
5minute:UI_Bundles/ui/atlas/stoneico.unity3d
5minute:World_Bundles/depends/assetsraw/animation/npc/npc004_shangrennv.unity3d
5minute:World_Bundles/animation/npc/npc004_shangrennv/npc004_shangrennv_pre.unity3d
5minute:UI_Bundles/ui/materials.unity3d
5minute:UI_Bundles/ui/depends/atlas/emoji.unity3d
5minute:UI_Bundles/ui/prefabs/chat.unity3d
5minute:UI_Bundles/ui/atlas/emoji.unity3d
5minute:World_Bundles/depends/assetsraw/animation/wing/wing_17_fantianlun.unity3d
5minute:World_Bundles/animation/wing/wing_17_fantianlun/wing_17_fantianlun_pre.unity3d
5minute:UI_Bundles/ui/atlas/vip3.unity3d
5minute:World_Bundles/depends/assetsraw/animation/mount/mount_bawanglong_020.unity3d
5minute:World_Bundles/animation/mount/mount_bawanglong_020/zq_pf_bawanglong_pre.unity3d
5minute:UI_Bundles/ui/prefabs/uistrong/firstres.unity3d
5minute:Lua_Bundles/lua/ui/strong.unity3d
5minute:UI_Bundles/ui/depends/atlas/examset.unity3d
5minute:UI_Bundles/ui/prefabs/uiturntable/firstres.unity3d
5minute:Lua_Bundles/lua/ui/uiturntable.unity3d
5minute:World_Bundles/effect/ui/uf_xinyunlunpan.unity3d
6minute:UI_Bundles/ui/depends/atlas/arena.unity3d
6minute:UI_Bundles/ui/depends/atlas/newcommonout.unity3d
6minute:UI_Bundles/ui/prefabs/ride/firstres.unity3d
6minute:Lua_Bundles/lua/ui/ride.unity3d
6minute:World_Bundles/depends/assetsraw/animation/mount/mount_horse_002_1.unity3d
6minute:World_Bundles/animation/mount/mount_horse_002_1/mount_horse_002_1_pre.unity3d
6minute:World_Bundles/depends/assetsraw/animation/mount/mount_yezhu_014.unity3d
6minute:World_Bundles/animation/mount/mount_yezhu_014/mount_yezhu_014_pre.unity3d
6minute:World_Bundles/depends/assetsraw/animation/mount/mount_lang_003.unity3d
6minute:World_Bundles/animation/mount/mount_lang_003/mount_lang_003_pre.unity3d
6minute:World_Bundles/depends/assetsraw/animation/mount/mount_xunmenglong_015.unity3d
6minute:World_Bundles/animation/mount/mount_xunmenglong_015/mount_xunmenglong_015_pre.unity3d
6minute:World_Bundles/depends/assetsraw/animation/mount/mount_xiniu_004.unity3d
6minute:World_Bundles/animation/mount/mount_xiniu_004/mount_xiniu_004_pre.unity3d
6minute:World_Bundles/depends/assetsraw/animation/mount/mount_xiniu_010.unity3d
6minute:World_Bundles/animation/mount/mount_xiniu_010/mount_xiniu_010_pre.unity3d
6minute:World_Bundles/depends/assetsraw/animation/mount/mount_zhanlang_016.unity3d
6minute:World_Bundles/animation/mount/mount_zhanlang_016/mount_zhanlang_016_pre.unity3d
6minute:World_Bundles/depends/assetsraw/animation/mount/mount_lion_005.unity3d
6minute:World_Bundles/animation/mount/mount_lion_005/mount_lion_005_pre.unity3d
6minute:World_Bundles/depends/assetsraw/animation/mount/mount_tiger_013.unity3d
6minute:World_Bundles/animation/mount/mount_tiger_013/mount_tiger_013_pre.unity3d
6minute:World_Bundles/depends/assetsraw/animation/mount/mount_baozi.unity3d
6minute:World_Bundles/depends/assetsraw/animation/mount/mount_baozi_006.unity3d
6minute:World_Bundles/animation/mount/mount_baozi_006/mount_baozi_006_pre.unity3d
6minute:World_Bundles/depends/assetsraw/effect/textures/trail.unity3d
6minute:World_Bundles/depends/assetsraw/effect/textures/lgl/cs_zc_03_shuijing_01.unity3d
6minute:World_Bundles/effect/scence/cs_zc_02/cs_zc_03jingtipangfangwu.unity3d
6minute:World_Bundles/sound/scene/junlincheng.unity3d
6minute:World_Bundles/effect/scence/cs_zc_02/cs_zc_03jingti.unity3d
6minute:World_Bundles/effect/scence/cs_zc_02/cs_zc_03_shuijing_01.unity3d
6minute:World_Bundles/scenes/cs_zc_03_1.unity3d
6minute:Lua_Bundles/lua/ui/skill.unity3d
6minute:World_Bundles/effect/ui/uf_jinengshuxing_up.unity3d
6minute:UI_Bundles/ui/atlas/skilleffect.unity3d
6minute:World_Bundles/effect/ui/uf_jinengxuanze.unity3d
6minute:World_Bundles/effect/ui/uf_jinengtishi_up.unity3d
6minute:World_Bundles/effect/ui/uf_jinengshengji.unity3d
6minute:World_Bundles/depends/assetsraw/animation/npc/npc008_cat.unity3d
6minute:World_Bundles/animation/npc/npc008_cat/npc008_cat_pre.unity3d
6minute:World_Bundles/depends/assetsraw/animation/npc/npc012_xungengren.unity3d
6minute:World_Bundles/animation/npc/npc012_xungengren/npc012_xungengren_pre.unity3d
6minute:UI_Bundles/ui/depends/atlas/bigbg/bg_zy.unity3d
6minute:UI_Bundles/ui/depends/atlas/uifamiliar.unity3d
6minute:UI_Bundles/ui/prefabs/newwing/firstres.unity3d
6minute:Lua_Bundles/lua/ui/newwing.unity3d
6minute:World_Bundles/effect/ui/uf_zhumanshengji.unity3d
6minute:World_Bundles/depends/assetsraw/effect/textures/ui/materials/mats.unity3d
6minute:World_Bundles/effect/ui/uf_shengxingchenggong.unity3d
6minute:World_Bundles/effect/ui/uf_xingji.unity3d
7minute:UI_Bundles/ui/depends/atlas/map/1.unity3d
7minute:UI_Bundles/ui/depends/atlas/minimap.unity3d
7minute:UI_Bundles/ui/prefabs/map.unity3d
7minute:Lua_Bundles/lua/ui/map.unity3d
7minute:UI_Bundles/ui/depends/atlas/map/10.unity3d
7minute:UI_Bundles/ui/depends/atlas/map/12.unity3d
7minute:UI_Bundles/ui/atlas/map.unity3d
7minute:UI_Bundles/ui/atlas/minimap.unity3d
7minute:World_Bundles/depends/assetsraw/scene/scene_texture/jz/cs_fb_04/textures.unity3d
7minute:World_Bundles/depends/assetsraw/scene/scene_texture/zb/cs_yw_shamo/textures.unity3d
7minute:World_Bundles/depends/assetsraw/scene/scene_fbx/thing/materials/mats.unity3d
7minute:World_Bundles/animation/collection/cs_caijiwu_jinggai.unity3d
7minute:World_Bundles/depends/assetsraw/animation/npc/npc013_meimo.unity3d
7minute:World_Bundles/animation/npc/npc013_meimo/npc013_meimo_pre.unity3d
7minute:World_Bundles/effect/ui/uf_zhuangbei_shoujiwancheng.unity3d
7minute:World_Bundles/effect/ui/uf_qianghua_1k.unity3d
7minute:World_Bundles/effect/ui/uf_qianghuachenggong.unity3d
7minute:World_Bundles/depends/assetsraw/scene/cs_fb_06_zhengli/mesh.unity3d
7minute:World_Bundles/mapobj/guangxian_vfx02.unity3d
7minute:World_Bundles/sound/scene/fight.unity3d
7minute:World_Bundles/depends/assetsraw/scene/cs_fb_06_zhengli/perfabs.unity3d
7minute:World_Bundles/scenes/cs_fb_06.unity3d
7minute:UI_Bundles/ui/depends/assetsraw/effect/textures/flare/materials/mats.unity3d
7minute:UI_Bundles/ui/depends/atlas/fightui.unity3d
7minute:UI_Bundles/ui/depends/resdata/effect/animation/controllers.unity3d
7minute:UI_Bundles/ui/prefabs/dungeon/firstres.unity3d
7minute:Lua_Bundles/lua/ui/dungeon.unity3d
7minute:World_Bundles/animation/title/title_02zsvip.unity3d
7minute:UI_Bundles/ui/atlas/vip2.unity3d
7minute:World_Bundles/animation/player/cike/l_m_2_05/l_m_2_05_pre_show.unity3d
7minute:World_Bundles/depends/assetsraw/animation/shenmo/shenmo_005.unity3d
7minute:World_Bundles/animation/shenmo/shenmo_005/shenmo_005_pre_2.unity3d
7minute:World_Bundles/animation/scene/ca_fb_thing_baoshi01.unity3d
7minute:World_Bundles/animation/scene/ca_fb_thing_baoshi03.unity3d
8minute:World_Bundles/depends/assetsraw/animation/shenmo/shenmo_002.unity3d
8minute:World_Bundles/animation/shenmo/shenmo_002/shenmo_002_pre_2.unity3d
8minute:World_Bundles/depends/assetsraw/animation/mount/mount_dog_009.unity3d
8minute:World_Bundles/animation/mount/mount_dog_009/mount_dog_009_pre.unity3d
8minute:World_Bundles/depends/assetsraw/scene/scene_fbx/cs_fb_thing.unity3d
8minute:World_Bundles/animation/scene/ca_fb_thing_baoxiang.unity3d
8minute:UI_Bundles/ui/atlas/skillicon.unity3d
8minute:World_Bundles/animation/scene/ca_fb_thing_baoshi02.unity3d
8minute:UI_Bundles/ui/prefabs/tipskill/firstres.unity3d
8minute:Lua_Bundles/lua/ui/tipskill.unity3d
8minute:World_Bundles/depends/assetsraw/animation/monster/mon017_meimo.unity3d
8minute:World_Bundles/animation/monster/mon017_meimo/mon017_meimo_pre.unity3d
8minute:World_Bundles/depends/assetsraw/effect/skill/monster.unity3d
8minute:World_Bundles/depends/assetsraw/animation/wing/wing_1_1.unity3d
8minute:World_Bundles/depends/assetsraw/animation/wing/wing_1_1/textures.unity3d
8minute:World_Bundles/animation/wing/wing_1_1/effect/wing_1_1_pre.unity3d
8minute:UI_Bundles/ui/atlas/drop.unity3d
8minute:World_Bundles/forshader/rimramp.unity3d
8minute:World_Bundles/depends/assetsraw/animation/player/zhanshi/zhanshi_m_1.unity3d
8minute:World_Bundles/depends/assetsraw/effect/textures/ui/shu.unity3d
8minute:World_Bundles/depends/assetsraw/scene/cs_zc_02/fbx/ds.unity3d
8minute:World_Bundles/depends/assetsraw/scene/cs_zc_02/texture/ds/textures.unity3d
8minute:World_Bundles/depends/assetsraw/scene/scene_fbx/jz/materials/mats.unity3d
8minute:World_Bundles/depends/assetsraw/scene/scene_fbx/st/cs_yw_guowang.unity3d
8minute:World_Bundles/depends/assetsraw/scene/scene_fbx/thing/cs_yw_guowang.unity3d
8minute:World_Bundles/depends/assetsraw/scene/scene_texture/dm/cs_boss_dm/textures.unity3d
8minute:World_Bundles/depends/assetsraw/scene/scene_texture/dm/cs_yw_guowang_dm/textures.unity3d
8minute:World_Bundles/depends/assetsraw/scene/scene_fbx/water/fbxs.unity3d
8minute:World_Bundles/depends/assetsraw/scene/scene_fbx/zb/cs_yw_guowang.unity3d
8minute:World_Bundles/depends/assetsraw/scene/scene_texture/st/cs_yw_guowang/textures.unity3d
8minute:World_Bundles/depends/assetsraw/scene/scene_texture/water/textures.unity3d
8minute:World_Bundles/depends/assetsraw/scene/scene_texture/zb/cs_yw_guowang/textures.unity3d
8minute:World_Bundles/depends/t4mobj/terrains/texture/textures.unity3d
8minute:World_Bundles/sound/scene/forst.unity3d
8minute:World_Bundles/animation/player/zhanshi/zhanshi_m_1/zhanshi_m_1_pre.unity3d
8minute:World_Bundles/depends/assetsraw/animation/npc/npc003_junguan.unity3d
8minute:World_Bundles/depends/assetsraw/scene/cs_zc_02/scene_material/ds.unity3d
8minute:World_Bundles/depends/assetsraw/scene/scene_fbx/jz/cs_yw_guowang.unity3d
8minute:World_Bundles/depends/assetsraw/scene/scene_fbx/walksurface/materials/mats.unity3d
8minute:World_Bundles/depends/assetsraw/scene/scene_material/st/cs_yw_guowang.unity3d
8minute:World_Bundles/depends/assetsraw/scene/scene_material/jz/mats.unity3d
8minute:World_Bundles/depends/assetsraw/scene/scene_material/zb/cs_yw_guowang.unity3d
8minute:World_Bundles/depends/assetsraw/scene/scene_material/water/mats.unity3d
8minute:World_Bundles/effect/scence/cs_zc_01/sf_chuansongmen02.unity3d
8minute:World_Bundles/animation/npc/npc003_junguan/npc003_junguan_pre.unity3d
8minute:World_Bundles/depends/assetsraw/scene/scene_prefab/jz/cs_hd_guowang.unity3d
8minute:World_Bundles/scenes/cs_yw_forst01.unity3d
8minute:World_Bundles/effect/monster/mon017_meimo/mon017_meimo_attack001.unity3d
8minute:World_Bundles/effect/monster/mon017_meimo/mon017_meimo_attack002.unity3d
8minute:World_Bundles/effect/monster/mon017_meimo/mon017_meimo_skill001.unity3d
8minute:World_Bundles/effect/monster/jinglingjulong_boss/jinglingjulong_boss_attack001.unity3d
8minute:World_Bundles/effect/monster/jinglingjulong_boss/jinglingjulong_boss_skill002.unity3d
8minute:World_Bundles/effect/monster/morisiqishi_jihuang_boss/morisiqishi_jihuang_boss_skill001.unity3d
8minute:World_Bundles/effect/monster/morisiqishi_jihuang_boss/morisiqishi_jihuang_boss_skill002.unity3d
8minute:World_Bundles/effect/monster/shairennvyao_003_boss/shairennvyao_attack001.unity3d
8minute:World_Bundles/effect/monster/shairennvyao_003_boss/shairennvyao_skill001.unity3d
8minute:World_Bundles/animation/monster/mon019_jidilangzhu/mon019_jidilangzhu_pre.unity3d
9minute:World_Bundles/depends/assetsraw/animation/monster/mon006_xiongguai.unity3d
9minute:World_Bundles/animation/monster/mon006_xiongguai/mon006_xiongguai_pre.unity3d
9minute:World_Bundles/depends/assetsraw/scene/scene_texture/zb/textures.unity3d
9minute:World_Bundles/animation/collection/cs_caijiwu_rose.unity3d
9minute:World_Bundles/depends/assetsraw/animation/monster/mon024_menghuanzhulongcao.unity3d
9minute:World_Bundles/animation/monster/mon024_menghuanzhulongcao/mon024_menghuanzhulongcao_pre.unity3d
9minute:World_Bundles/depends/assetsraw/animation/npc/npc030_tuode.unity3d
10minute:World_Bundles/animation/npc/npc030_tuode/npc030_tuode_pre.unity3d
10minute:World_Bundles/depends/assetsraw/animation/monster/mon033_liulanglangren.unity3d
10minute:World_Bundles/animation/monster/mon033_liulanglangren/mon033_liulanglangren_pre.unity3d
10minute:UI_Bundles/ui/prefabs/uimall/firstres.unity3d
10minute:Lua_Bundles/lua/ui/uimall.unity3d
10minute:World_Bundles/effect/ui/uf_fenjiechenggong.unity3d
10minute:World_Bundles/depends/assetsraw/animation/npc/npc018_jinglingjisi.unity3d
10minute:World_Bundles/animation/npc/npc018_jinglingjisi/npc018_jinglingjisi_pre.unity3d
10minute:World_Bundles/depends/assetsraw/animation/monster/shairennvyao_001_boss.unity3d
10minute:World_Bundles/animation/monster/shairennvyao_001_boss/shairennvyao_pre.unity3d
10minute:World_Bundles/effect/skill/remain/fx_yujing_shanxing.unity3d
11minute:World_Bundles/depends/assetsraw/scene/scene_fbx/jz/cs_fb_05.unity3d
11minute:World_Bundles/depends/assetsraw/scene/scene_fbx/st/cs_yw_alg.unity3d
11minute:World_Bundles/depends/assetsraw/scene/scene_fbx/thing/gy_thing.unity3d
11minute:World_Bundles/depends/assetsraw/scene/scene_fbx/thing/scn.unity3d
11minute:World_Bundles/depends/assetsraw/scene/scene_fbx/zb/cs_fb_05.unity3d
11minute:World_Bundles/depends/assetsraw/scene/scene_texture/zb/cs_fb_05/textures.unity3d
11minute:World_Bundles/depends/assetsraw/scene/scene_fbx/zb/scn064.unity3d
11minute:World_Bundles/depends/assetsraw/scene/scene_texture/jz/scn_sp013_guowang/textures.unity3d
11minute:World_Bundles/depends/assetsraw/scene/scene_texture/thing/scn/textures.unity3d
11minute:World_Bundles/depends/icefire.unity3d
11minute:World_Bundles/depends/assetsraw/scene/scene_texture/skyboxes/sky13.unity3d
11minute:World_Bundles/depends/assetsraw/scene/scene_texture/st/scn022/textures.unity3d
11minute:World_Bundles/depends/assetsraw/scene/scene_texture/st/textures.unity3d
11minute:World_Bundles/depends/assetsraw/scene/scene_texture/dm/cs_fb_05/textures.unity3d
11minute:World_Bundles/depends/assetsraw/scene/scene_texture/dm/cs_yw_zhaozedm/textures.unity3d
11minute:World_Bundles/depends/assetsraw/scene/scene_texture/textures.unity3d
11minute:World_Bundles/depends/assetsraw/scene/scene_texture/yj/dzs/textures.unity3d
11minute:World_Bundles/depends/assetsraw/scene/scene_texture/yj/textures.unity3d
11minute:World_Bundles/sound/scene/guowangsenlin.unity3d
11minute:World_Bundles/depends/assetsraw/scene/scene_fbx/zb/materials/mats.unity3d
11minute:World_Bundles/depends/assetsraw/scene/scene_material/thing/scn.unity3d
11minute:World_Bundles/depends/assetsraw/scene/scene_texture/st/materials/mats.unity3d
11minute:World_Bundles/depends/t4mobj.unity3d
11minute:World_Bundles/scenes/cs_fb_05.unity3d
11minute:World_Bundles/depends/assetsraw/animation/monster/mon025_menghuanzhulongcao001.unity3d
11minute:World_Bundles/animation/monster/mon025_menghuanzhulongcao001/mon025_menghuanzhulongcao001_pre.unity3d
11minute:World_Bundles/depends/assetsraw/animation/monster/mon029_jinglingshouwei.unity3d
11minute:World_Bundles/animation/monster/mon029_jinglingshouwei/mon029_jinglingshouwe_pre.unity3d
11minute:World_Bundles/effect/scence/jq_usequencer/cs_fb_05/cs_fb_05_sequence.unity3d
11minute:UI_Bundles/ui/depends/atlas/cutscene.unity3d
11minute:UI_Bundles/ui/depends/atlas/dungeon.unity3d
11minute:UI_Bundles/ui/prefabs/common.unity3d
11minute:UI_Bundles/ui/atlas/cutscene.unity3d
12minute:World_Bundles/depends/assetsraw/animation/monster/mon036_heibao.unity3d
12minute:World_Bundles/animation/monster/mon036_heibao/mon036_heibao_pre.unity3d
12minute:UI_Bundles/ui/depends/atlas/bigbg/dengji.unity3d
12minute:UI_Bundles/ui/prefabs/uitouzi.unity3d
12minute:Lua_Bundles/lua/ui/licai.unity3d
12minute:UI_Bundles/ui/atlas/raw/dengji.unity3d
12minute:World_Bundles/depends/assetsraw/animation/npc/npc019_xierfu.unity3d
12minute:World_Bundles/animation/npc/npc019_xierfu/npc019_xierfu_pre.unity3d
12minute:World_Bundles/depends/assetsraw/animation/player/cike/cike_w_5.unity3d
12minute:World_Bundles/animation/player/cike/cike_w_5/cike_w_5_pre.unity3d
12minute:World_Bundles/animation/shenmo/shenmo_005/shenmo_005_pre_3.unity3d
12minute:World_Bundles/effect/common/fx_shading_12.unity3d
12minute:World_Bundles/depends/assetsraw/animation/wing/wing_13.unity3d
12minute:World_Bundles/animation/wing/wing_13/wing_13_pre.unity3d
12minute:World_Bundles/depends/assetsraw/animation/player/cike/cike_w_wq/cike_w_wuqi_15.unity3d
12minute:World_Bundles/animation/player/cike/cike_w_wq/cike_w_wuqi_15/cike_w_wuqi_15_pre.unity3d
12minute:World_Bundles/depends/assetsraw/animation/monster/jinglingjulong_boss.unity3d
12minute:World_Bundles/animation/monster/jinglingjulong_boss/jinglingjulong_boss_pre.unity3d
12minute:UI_Bundles/ui/depends/atlas/treasure.unity3d
12minute:UI_Bundles/ui/prefabs/treasure.unity3d
12minute:Lua_Bundles/lua/ui/treasure.unity3d
12minute:World_Bundles/effect/ui/uf_mibaoshouji.unity3d
12minute:UI_Bundles/ui/atlas/treasure.unity3d
12minute:World_Bundles/depends/assetsraw/animation/npc/npc032_sende.unity3d
12minute:World_Bundles/animation/npc/npc032_sende/npc032_sende_pre.unity3d
13minute:World_Bundles/depends/assetsraw/animation/monster/mon034_shuangyuelangren.unity3d
13minute:World_Bundles/animation/monster/mon034_shuangyuelangren/mon034_shuangyuelangren_pre.unity3d
13minute:UI_Bundles/ui/depends/atlas/bigbg/hero_bigback2.unity3d
13minute:UI_Bundles/ui/depends/atlas/fetter.unity3d
13minute:UI_Bundles/ui/prefabs/hero.unity3d
13minute:Lua_Bundles/lua/ui/hero.unity3d
13minute:World_Bundles/depends/assetsraw/animation/shenmo/shenmo_011.unity3d
13minute:World_Bundles/animation/shenmo/shenmo_011/shenmo_011_pre_ui.unity3d
13minute:UI_Bundles/ui/atlas/heroico.unity3d
13minute:UI_Bundles/ui/atlas/heroequip.unity3d
13minute:World_Bundles/animation/shenmo/shenmo_011/shenmo_011_pre.unity3d
13minute:World_Bundles/effect/ui/uf_deformation_vfx_1.unity3d
13minute:UI_Bundles/ui/prefabs/wing.unity3d
13minute:World_Bundles/effect/shenmo/shenmo_011_attack001.unity3d
13minute:UI_Bundles/ui/depends/atlas/tongji.unity3d
13minute:UI_Bundles/ui/prefabs/tongji.unity3d
13minute:Lua_Bundles/lua/ui/tongji.unity3d
13minute:World_Bundles/depends/assetsraw/animation/npc/npc031_jinglingwangzi_salai.unity3d
13minute:World_Bundles/animation/npc/npc031_jinglingwangzi_salai/npc031_jinglingwangzi_salai_pre.unity3d
13minute:World_Bundles/depends/assetsraw/animation/monster/mon031_gebulin002.unity3d
13minute:World_Bundles/animation/monster/mon031_gebulin002/mon031_gebulin002_pre.unity3d
13minute:World_Bundles/depends/assetsraw/animation/monster/morisiqishi_jihuang_boss.unity3d
13minute:World_Bundles/animation/monster/morisiqishi_jihuang_boss/morisiqishi_jihuang_boss_pre.unity3d
13minute:World_Bundles/effect/shenmo/shenmo_011_skill001.unity3d
13minute:World_Bundles/animation/scene/ca_fb_thing_baoshi.unity3d
13minute:World_Bundles/effect/ui/uf_wangzhevip11.unity3d
13minute:World_Bundles/animation/shenmo/shenmo_005/shenmo_005_pre_2_ui.unity3d
13minute:World_Bundles/effect/common/fx_shading_5.unity3d
13minute:Lua_Bundles/lua/ui/magickey.unity3d
13minute:World_Bundles/effect/ui/uf_shengjichenggong.unity3d
14minute:World_Bundles/depends/assetsraw/animation/player/cike/cike_w_wq/cike_w_wuqi_3.unity3d
14minute:World_Bundles/animation/player/cike/cike_w_wq/cike_w_wuqi_3/cike_w_wuqi_3_pre.unity3d
14minute:World_Bundles/animation/player/cike/cike_w_wq/cike_w_wuqi_3/cike_w_wuqi_3_ui.unity3d
14minute:UI_Bundles/ui/prefabs/compose.unity3d
14minute:Lua_Bundles/lua/ui/compose.unity3d
14minute:World_Bundles/effect/ui/uf_hechengchenggong.unity3d
14minute:UI_Bundles/ui/depends/atlas/bigbg/businessword2.unity3d
14minute:UI_Bundles/ui/depends/atlas/bigbg/ui_zadan_00_06.unity3d
14minute:UI_Bundles/ui/depends/atlas/bigbg/ui_zadan_beijing.unity3d
14minute:UI_Bundles/ui/depends/atlas/bigbg/ui_zadantaijie.unity3d
14minute:UI_Bundles/ui/depends/atlas/crosstaskset.unity3d
14minute:UI_Bundles/ui/prefabs/business.unity3d
14minute:Lua_Bundles/lua/ui/business.unity3d
14minute:Lua_Bundles/lua/ui/uimall/discountmall.unity3d
14minute:World_Bundles/animation/collection/cs_caijiwu_jinglingzhizhong.unity3d
15minute:UI_Bundles/ui/depends/atlas/title2.unity3d
15minute:UI_Bundles/ui/atlas/title2.unity3d
15minute:World_Bundles/depends/assetsraw/animation/monster/mon023_shuangtoumolang.unity3d
15minute:World_Bundles/animation/monster/mon023_shuangtoumolang/mon023_shuangtoujulang_pre.unity3d
16minute:World_Bundles/depends/assetsraw/animation/shenmo/shenmo_012.unity3d
16minute:World_Bundles/animation/shenmo/shenmo_012/shenmo_012_pre_ui.unity3d
16minute:World_Bundles/animation/shenmo/shenmo_012/shenmo_012_pre.unity3d
16minute:World_Bundles/animation/shenmo/shenmo_002/shenmo_002_pre_1_ui.unity3d
16minute:World_Bundles/effect/common/fx_shading_7.unity3d
16minute:World_Bundles/animation/shenmo/shenmo_002/shenmo_002_pre_1.unity3d
16minute:World_Bundles/animation/shenmo/shenmo_012/shenmo_012_pre_2_ui.unity3d
16minute:World_Bundles/animation/shenmo/shenmo_012/shenmo_012_pre_2.unity3d
17minute:World_Bundles/effect/scence/uf_zhilingjiantou.unity3d
17minute:World_Bundles/depends/assetsraw/scene/scene_fbx/thing/cs_alg.unity3d
17minute:World_Bundles/depends/assetsraw/scene/scene_fbx/thing/cs_yw_ailingu.unity3d
17minute:World_Bundles/depends/assetsraw/scene/scene_fbx/walksurface/fbxs.unity3d
17minute:World_Bundles/depends/assetsraw/scene/scene_texture/st/cs_yw_alg/textures.unity3d
17minute:World_Bundles/depends/assetsraw/scene/scene_texture/dm/cs_yw_dm/textures.unity3d
17minute:World_Bundles/depends/assetsraw/scene/scene_texture/dm/cs_yw_shamo_dm/textures.unity3d
17minute:World_Bundles/depends/assetsraw/scene/scene_texture/jz/cs_hd/textures.unity3d
17minute:World_Bundles/depends/assetsraw/scene/scene_texture/jz/textures.unity3d
17minute:World_Bundles/depends/assetsraw/scene/scene_texture/thing/cs_yw_zhaoze/textures.unity3d
17minute:World_Bundles/depends/assetsraw/scene/scene_fbx/zb/cs_alg.unity3d
17minute:World_Bundles/depends/assetsraw/scene/scene_fbx/zb/fbxs.unity3d
17minute:World_Bundles/depends/assetsraw/scene/scene_material/st/cs_yw_alg.unity3d
17minute:World_Bundles/depends/assetsraw/scene/scene_material/thing/cs_yw.unity3d
17minute:World_Bundles/depends/assetsraw/scene/scene_material/jz/cs_yw.unity3d
17minute:World_Bundles/depends/assetsraw/scene/scene_material/thing/cs_yw_zhaoze.unity3d
17minute:World_Bundles/depends/assetsraw/scene/scene_prefab/zb/cs_alg.unity3d
17minute:World_Bundles/depends/assetsraw/scene/scene_prefab/zb/prefabs.unity3d
17minute:World_Bundles/depends/assetsraw/scene/scene_prefab/st/cs_yw_algs.unity3d
17minute:World_Bundles/depends/assetsraw/scene/scene_fbx/thing/cs_yw_zhaoze.unity3d
17minute:World_Bundles/depends/assetsraw/scene/scene_prefab/thing/cs_yw_ailinggu.unity3d
17minute:World_Bundles/depends/assetsraw/scene/scene_prefab/thing/cs_yw_zhaoze.unity3d
17minute:World_Bundles/scenes/cs_yw_alg_01.unity3d
17minute:World_Bundles/effect/animation/tongkunvshi_skill001.unity3d
17minute:World_Bundles/effect/animation/yl.unity3d
17minute:World_Bundles/effect/monster/tongkunvshi_boss/tongkunvshi_boss_skill001.unity3d
17minute:World_Bundles/effect/monster/tongkunvshi_boss/tongkunvshi_boss_skill002.unity3d
17minute:World_Bundles/effect/monster/banrenma_boss/banrenma_boss_skill001.unity3d
17minute:World_Bundles/skill/camera/midshock.unity3d
17minute:World_Bundles/depends/assetsraw/animation/monster/mon039_niutourenzhanshi.unity3d
17minute:World_Bundles/animation/monster/mon039_niutourenzhanshi/mon039_niutourenzhanshi_pre.unity3d
17minute:World_Bundles/animation/collection/cs_caijiwu_yuechangshi.unity3d
17minute:World_Bundles/depends/assetsraw/animation/monster/mon040_poguzhezhanshi.unity3d
17minute:World_Bundles/animation/monster/mon040_poguzhezhanshi/mon040_poguzhezhanshi_pre.unity3d
17minute:World_Bundles/animation/shenmo/shenmo_011/shenmo_011_pre_2.unity3d
18minute:World_Bundles/depends/assetsraw/animation/monster/tongkunvshi_boss.unity3d
18minute:World_Bundles/animation/monster/tongkunvshi_boss/tongkunvshi_boss_pre.unity3d
18minute:World_Bundles/depends/assetsraw/scene/scene_texture/zb/shrub/gy.unity3d
18minute:World_Bundles/animation/collection/cs_caijiwu_huangyuanlan.unity3d
18minute:World_Bundles/depends/assetsraw/animation/monster/mon037_jumo.unity3d
18minute:World_Bundles/animation/monster/mon037_jumo/mon037_jumo_pre.unity3d
18minute:World_Bundles/animation/shenmo/shenmo_011/shenmo_011_pre_2_ui.unity3d
18minute:UI_Bundles/ui/prefabs/shenbing.unity3d
18minute:Lua_Bundles/lua/ui/shenbing.unity3d
18minute:World_Bundles/effect/skill/buff/fx_nangua_huizhuansishen.unity3d
18minute:World_Bundles/animation/player/cike/cike_w_wq/cike_w_wuqi_4/cike_w_wuqi_4_pre.unity3d
18minute:World_Bundles/depends/assetsraw/animation/player/cike/cike_w_wq/cike_w_wuqi_5.unity3d
18minute:World_Bundles/animation/player/cike/cike_w_wq/cike_w_wuqi_5/cike_w_wuqi_5_pre.unity3d
18minute:World_Bundles/animation/player/cike/cike_w_wq/cike_w_wuqi_5/cike_w_wuqi_5_ui.unity3d
18minute:World_Bundles/effect/ui/uf_tongjibaoxianglingqu.unity3d
19minute:World_Bundles/effect/ui/uf_mingrentang.unity3d
20minute:World_Bundles/depends/assetsraw/animation/npc/npc027_longqishi.unity3d
20minute:World_Bundles/animation/npc/npc027_longqishi/npc027_longqishi_pre.unity3d
20minute:World_Bundles/animation/monster/mon016_binglang/mon016_binglang_pre.unity3d
20minute:World_Bundles/depends/assetsraw/animation/npc/npc024_tiger.unity3d
20minute:World_Bundles/animation/npc/npc024_tiger/npc024_tiger_pre.unity3d
21minute:World_Bundles/depends/assetsraw/scene/scene_fbx/thing/cs_fb_nghy.unity3d
21minute:World_Bundles/depends/assetsraw/scene/scene_fbx/thing/cs_yw_wuji.unity3d
21minute:World_Bundles/depends/assetsraw/scene/scene_texture/jz/cs_fb/textures.unity3d
21minute:World_Bundles/depends/assetsraw/scene/scene_texture/dm/cs_fb_bswy_dm/textures.unity3d
21minute:World_Bundles/depends/assetsraw/scene/scene_texture/thing/cs_fb_bswy/textures.unity3d
21minute:World_Bundles/depends/assetsraw/scene/scene_texture/jz/scn042/textures.unity3d
21minute:World_Bundles/depends/assetsraw/scene/scene_texture/thing/scn042/textures.unity3d
21minute:World_Bundles/depends/assetsraw/scene/scene_texture/dm/cs_fb_nghydm/textures.unity3d
21minute:World_Bundles/depends/assetsraw/scene/scene_material/thing/cs_fb.unity3d
21minute:World_Bundles/depends/assetsraw/scene/scene_material/thing/cs_fb_bswy.unity3d
21minute:World_Bundles/depends/assetsraw/scene/scene_material/thing/gy_tt_jixue.unity3d
21minute:World_Bundles/depends/assetsraw/scene/scene_material/thing/scn042.unity3d
21minute:World_Bundles/depends/assetsraw/scene/scene_material/zb/mats.unity3d
21minute:World_Bundles/depends/assetsraw/scene/scene_prefab/thing/cs_fb_nghy.unity3d
21minute:World_Bundles/depends/assetsraw/scene/scene_fbx/thing/cs_fb_bswy.unity3d
21minute:World_Bundles/depends/assetsraw/scene/scene_fbx/thing/fbxs.unity3d
21minute:World_Bundles/depends/assetsraw/scene/scene_fbx/zb/cs_yw_zhaoze.unity3d
21minute:World_Bundles/depends/assetsraw/scene/scene_prefab/thing/cs_fb_bswy.unity3d
21minute:World_Bundles/depends/assetsraw/scene/scene_prefab/zb/cs_yw_zhaoze.unity3d
21minute:World_Bundles/depends/assetsraw/scene/scene_prefab/thing/cs_yw_wujian.unity3d
21minute:World_Bundles/scenes/cs_fb_11.unity3d
21minute:World_Bundles/depends/assetsraw/effect/models/mesh_pqliushui001.fbm/textures.unity3d
21minute:World_Bundles/depends/assetsraw/animation/monster/mon012_bingshuanghuanling002.unity3d
21minute:World_Bundles/animation/monster/mon012_bingshuanghuanling002/mon012_bingshuanghuanling002_pre.unity3d
21minute:UI_Bundles/ui/prefabs/uimain.unity3d
21minute:UI_Bundles/ui/depends/atlas/bigbg/di6.unity3d
21minute:UI_Bundles/ui/depends/atlas/magkey.unity3d
21minute:UI_Bundles/ui/prefabs/expfuben.unity3d
21minute:Lua_Bundles/lua/ui/expfuben.unity3d
21minute:Lua_Bundles/lua/ui/daily.unity3d
22minute:UI_Bundles/ui/prefabs/activity.unity3d
22minute:Lua_Bundles/lua/ui/activity.unity3d
22minute:UI_Bundles/ui/depends/atlas/artifact.unity3d
22minute:UI_Bundles/ui/depends/atlas/zhenfaset.unity3d
22minute:UI_Bundles/ui/prefabs/bossfuben.unity3d
22minute:Lua_Bundles/lua/ui/bossfuben.unity3d
22minute:UI_Bundles/ui/atlas/tongji.unity3d
22minute:World_Bundles/depends/assetsraw/animation/monster/mon002_kuloufa.unity3d
22minute:World_Bundles/depends/assetsraw/scene/cs_fb_01/texture/textures.unity3d
22minute:World_Bundles/depends/assetsraw/scene/scene_fbx/thing/scn013.unity3d
22minute:World_Bundles/depends/assetsraw/scene/scene_fbx/thing/scn071.unity3d
22minute:World_Bundles/animation/monster/mon002_kuloufa/mon002_kuloufa_pre.unity3d
22minute:World_Bundles/depends/assetsraw/scene/cs_fb_01/fbx.unity3d
22minute:World_Bundles/scenes/cs_fb_01.unity3d
22minute:World_Bundles/depends/assetsraw/animation/player/cike/cike_w_4.unity3d
22minute:World_Bundles/animation/player/cike/cike_w_4/cike_w_4_pre.unity3d
22minute:UI_Bundles/ui/depends/assetsraw/animation/player/zhanshi/zhanshi_m_6/textures.unity3d
22minute:UI_Bundles/ui/depends/atlas/bigbg/di9.unity3d
22minute:UI_Bundles/ui/depends/atlas/bigbg/kuanghuabg.unity3d
23minute:UI_Bundles/ui/depends/atlas/stone.unity3d
23minute:UI_Bundles/ui/prefabs/equip.unity3d
23minute:UI_Bundles/ui/atlas/stone.unity3d
23minute:World_Bundles/effect/ui/uf_mochongshangzhen.unity3d
23minute:Lua_Bundles/lua/ui/activity/boss.unity3d
23minute:World_Bundles/effect/ui/uf_tanbao_vfx.unity3d
23minute:World_Bundles/animation/monster/cike_boss/cike_boss_pre_ui.unity3d
23minute:World_Bundles/depends/assetsraw/animation/monster/yanmo_boss.unity3d
23minute:World_Bundles/animation/monster/yanmo_boss/yanmo_boss_pre.unity3d
23minute:World_Bundles/depends/assetsraw/scene/scene_fbx/cs_fb_04.unity3d
23minute:World_Bundles/depends/assetsraw/scene/scene_fbx/jz/fbxs.unity3d
23minute:World_Bundles/depends/assetsraw/scene/scene_fbx/jz/sscn033.unity3d
23minute:World_Bundles/depends/assetsraw/scene/scene_fbx/qt/fbxs.unity3d
23minute:World_Bundles/depends/assetsraw/scene/scene_fbx/qt/scn033.unity3d
23minute:World_Bundles/depends/assetsraw/scene/scene_fbx/scn033.unity3d
23minute:World_Bundles/depends/assetsraw/scene/scene_fbx/thing/gy.unity3d
23minute:World_Bundles/depends/assetsraw/scene/scene_fbx/thing/scn022.unity3d
23minute:World_Bundles/depends/assetsraw/scene/scene_fbx/thing/scn033.unity3d
23minute:World_Bundles/depends/assetsraw/scene/scene_texture/dm/gy_dm/textures.unity3d
23minute:World_Bundles/depends/assetsraw/scene/scene_texture/dm/scn033/textures.unity3d
23minute:World_Bundles/depends/assetsraw/scene/scene_texture/dm/scn033_dm_dimian/textures.unity3d
23minute:World_Bundles/depends/assetsraw/scene/scene_texture/dm/textures.unity3d
23minute:World_Bundles/depends/assetsraw/scene/scene_texture/jz/scn033_jz/textures.unity3d
23minute:World_Bundles/depends/assetsraw/scene/scene_texture/qt/textures.unity3d
23minute:World_Bundles/depends/assetsraw/scene/scene_texture/thing/scn022/textures.unity3d
23minute:World_Bundles/depends/assetsraw/scene/scene_material/jz/scn033.unity3d
23minute:World_Bundles/depends/assetsraw/scene/scene_material/terrain.unity3d
23minute:World_Bundles/depends/assetsraw/scene/scene_material/thing/scn022.unity3d
23minute:World_Bundles/depends/assetsraw/scene/scene_material/thing/scn033.unity3d
23minute:World_Bundles/depends/assetsraw/scene/scene_texture/jz/materials/mats.unity3d
23minute:World_Bundles/depends/assetsraw/scene/scene_fbx/thing/scn023.unity3d
23minute:World_Bundles/scenes/cs_fb_04.unity3d
23minute:World_Bundles/depends/assetsraw/animation/monster/snowqueen_boss.unity3d
23minute:World_Bundles/animation/monster/snowqueen_boss/snowqueen_boss_pre.unity3d
23minute:World_Bundles/depends/assetsraw/animation/monster/fengkuangjiangjun_boss.unity3d
23minute:World_Bundles/animation/monster/fengkuangjiangjun_boss/fengkuangjiangjun_boss_pre.unity3d
23minute:World_Bundles/depends/assetsraw/animation/monster/gedan_boss.unity3d
23minute:World_Bundles/animation/monster/gedan_boss/gedan_boss_pre.unity3d
24minute:World_Bundles/effect/monster/gedan_boss/gedan_boss_skill002.unity3d
24minute:World_Bundles/depends/assetsraw/animation/player/cike/cike_w_wq/cike_w_wuqi_2.unity3d
24minute:World_Bundles/animation/player/cike/cike_w_wq/cike_w_wuqi_2/cike_w_wuqi_2_pre.unity3d
25minute:World_Bundles/depends/assetsraw/animation/wing/wing_2.unity3d
25minute:World_Bundles/animation/wing/wing_2/effect/fx_wing_2_pre.unity3d
26minute:World_Bundles/animation/collection/cs_caijiwu_huoba.unity3d
26minute:World_Bundles/depends/assetsraw/animation/monster/mon035_banrenma.unity3d
26minute:World_Bundles/animation/monster/mon035_banrenma/mon035_banrenma_pre.unity3d
26minute:UI_Bundles/ui/atlas/yunyingpic.unity3d
27minute:UI_Bundles/ui/depends/atlas/ytjzbg/back_ytjz_map.unity3d
27minute:UI_Bundles/ui/depends/atlas/ytjzmap/map_ytjz_7.unity3d
27minute:UI_Bundles/ui/depends/atlas/ytjzmap/map_ytjz_7_select.unity3d
27minute:UI_Bundles/ui/depends/atlas/ytjzmap/map_ytjz_7_small.unity3d
27minute:UI_Bundles/ui/prefabs/ytjz.unity3d
27minute:Lua_Bundles/lua/ui/ytjz.unity3d
27minute:UI_Bundles/ui/atlas/ytjzmap.unity3d
27minute:UI_Bundles/ui/atlas/ytjzbg.unity3d
27minute:World_Bundles/depends/assetsraw/animation/monster/banrenma_boss.unity3d
27minute:World_Bundles/animation/monster/banrenma_boss/banrenma_boss_pre.unity3d
27minute:World_Bundles/depends/assetsraw/animation/monster/mon010_emo001.unity3d
27minute:World_Bundles/animation/monster/mon010_emo001/mon010_emo001_pre.unity3d
28minute:World_Bundles/depends/assetsraw/animation/monster/suiguzhe_boss.unity3d
28minute:World_Bundles/animation/monster/suiguzhe_boss/suiguzhe_boss_pre.unity3d
28minute:World_Bundles/animation/shenmo/shenmo_010/shenmo_010_pre_3_ui.unity3d
28minute:World_Bundles/depends/assetsraw/animation/shenmo/shenmo_009.unity3d
28minute:World_Bundles/animation/shenmo/shenmo_009/shenmo_009_pre_3_ui.unity3d
28minute:World_Bundles/animation/shenmo/shenmo_009/shenmo_009_pre_3.unity3d
28minute:World_Bundles/animation/shenmo/shenmo_010/shenmo_010_pre_3.unity3d
28minute:UI_Bundles/ui/depends/atlas/bigbg/secrecttreasurert/rendertextures.unity3d
28minute:UI_Bundles/ui/prefabs/roleinfo.unity3d
28minute:UI_Bundles/ui/prefabs/roleinfo/itemneigong.unity3d
28minute:World_Bundles/effect/ui/uf_zhanxinghuxi.unity3d
28minute:World_Bundles/effect/ui/uf_zhanxing.unity3d
29minute:UI_Bundles/ui/atlas/xtjiban.unity3d
29minute:World_Bundles/animation/collection/cs_caijiwu_zhanxingtu.unity3d
29minute:World_Bundles/depends/assetsraw/animation/mount/mount_saozhou003.unity3d
29minute:World_Bundles/animation/mount/mount_saozhou003/mount_saozhou003_pre.unity3d
29minute:World_Bundles/depends/assetsraw/scene/scene_fbx/jz/scn042.unity3d
29minute:World_Bundles/depends/assetsraw/scene/scene_fbx/scn042.unity3d
29minute:World_Bundles/depends/assetsraw/scene/scene_fbx/st/cs_yw_shamo.unity3d
29minute:World_Bundles/depends/assetsraw/scene/scene_fbx/thing/jjcc.unity3d
29minute:World_Bundles/depends/assetsraw/scene/scene_fbx/thing/scn000.unity3d
29minute:World_Bundles/depends/assetsraw/scene/scene_fbx/thing/scn042.unity3d
29minute:World_Bundles/depends/assetsraw/scene/scene_texture/thing/jjcc/textures.unity3d
29minute:World_Bundles/depends/assetsraw/scene/scene_texture/dm/scn/textures.unity3d
29minute:World_Bundles/depends/assetsraw/scene/scene_texture/texture/textures.unity3d
29minute:World_Bundles/depends/assetsraw/scene/scene_texture/dm/cs_yw_xuedi/textures.unity3d
29minute:World_Bundles/effect/scence/xue.unity3d
29minute:World_Bundles/sound/scene/juejingchangcheng.unity3d
29minute:World_Bundles/depends/assetsraw/scene/scene_material/jz/jjcc.unity3d
29minute:World_Bundles/depends/assetsraw/scene/scene_material/jz/scn042.unity3d
29minute:World_Bundles/depends/assetsraw/scene/scene_material/st/mats.unity3d
29minute:World_Bundles/effect/scence/xuex.unity3d
29minute:World_Bundles/depends/assetsraw/scene/scene_prefab/thing/gy_thing.unity3d
29minute:World_Bundles/depends/assetsraw/scene/scene_prefab/jz/scn42.unity3d
29minute:World_Bundles/depends/assetsraw/scene/scene_prefab/thing/scn042.unity3d
29minute:World_Bundles/scenes/cs_yw_xuedi01.unity3d
29minute:World_Bundles/effect/monster/fengkuangjiangjun_boss/fengkuangjiangjun_boss_attack001.unity3d
29minute:World_Bundles/effect/monster/fengkuangjiangjun_boss/fengkuangjiangjun_boss_skill001.unity3d
29minute:World_Bundles/effect/animation/kulou_a.unity3d
29minute:World_Bundles/effect/animation/kulou_02.unity3d
29minute:World_Bundles/effect/monster/fengkuangjiangjun_boss/fengkuangjiangjun_boss_skill002.unity3d
29minute:World_Bundles/effect/monster/gedan_boss/gedan_boss_attack001.unity3d
29minute:World_Bundles/effect/monster/gedan_boss/gedan_boss_skill001.unity3d
29minute:World_Bundles/effect/monster/mon018_busiwuyao/mon018_busiwuyao_attack001.unity3d
31minute:World_Bundles/effect/ui/uf_shenmo_zhuanshen_vfx.unity3d
31minute:World_Bundles/animation/collection/cs_caijiwu_liangshidai.unity3d
31minute:World_Bundles/depends/assetsraw/animation/npc/npc025_heijinjiangjun.unity3d
31minute:World_Bundles/animation/npc/npc025_heijinjiangjun/npc025_heijinjiangjun_pre.unity3d
31minute:World_Bundles/depends/assetsraw/scene/scene_texture/thing/cs_caijiwu/textures.unity3d
31minute:World_Bundles/animation/collection/cs_caijiwu_jianshi.unity3d
31minute:UI_Bundles/ui/depends/atlas/bigbg/hero_bigback.unity3d
31minute:UI_Bundles/ui/prefabs/zhuangbeifb.unity3d
31minute:Lua_Bundles/lua/ui/zhuangbeifb.unity3d
31minute:UI_Bundles/ui/prefabs/cailiaofb.unity3d
31minute:Lua_Bundles/lua/ui/cailiaofb.unity3d
32minute:World_Bundles/depends/assetsraw/animation/mount/mount_motuoche_008.unity3d
32minute:World_Bundles/animation/mount/mount_motuoche_008/mount_motuoche_008_pre.unity3d
32minute:World_Bundles/depends/assetsraw/animation/mount/mount_feixingqi_021.unity3d
32minute:World_Bundles/animation/mount/mount_feixingqi_021/mount_feixingqi_021_pre.unity3d
32minute:World_Bundles/animation/shenmo/shenmo_005/shenmo_005_pre_3_ui.unity3d
32minute:World_Bundles/animation/shenmo/shenmo_002/shenmo_002_pre_2_ui.unity3d
32minute:World_Bundles/effect/skill/huanling/bianshen_huoyan_1/bianshen_huoyan_1_skill002.unity3d
32minute:World_Bundles/effect/skill/huanling/bianshen_huoyan_1/bianshen_huoyan_1_skill004.unity3d
33minute:World_Bundles/effect/animation/rongyanguai 1.unity3d
33minute:World_Bundles/effect/animation/rongyanguai.unity3d
33minute:World_Bundles/effect/animation/gameobject 3.unity3d
33minute:World_Bundles/effect/skill/huanling/bianshen_huoyan_1/bianshen_huoyan_1_skill003.unity3d
33minute:World_Bundles/skill/camera/bigshock.unity3d
33minute:World_Bundles/depends/assetsraw/effect/textures/lgl/zhanshi_m_0_attack01_03.unity3d
33minute:World_Bundles/effect/skill/huanling/bianshen_huoyan_1/bianshen_huoyan_1_skill001.unity3d
33minute:World_Bundles/effect/skill/huanling/bianshen_huoyan_1/bianshen_huoyan_1_attack01.unity3d
33minute:World_Bundles/effect/skill/huanling/bianshen_huoyan_1/bianshen_huoyan_1_attack02.unity3d
33minute:World_Bundles/effect/animation/zhanshi_tuci_niuqu.unity3d
33minute:World_Bundles/effect/animation/uv_niuqu.unity3d
33minute:World_Bundles/effect/skill/huanling/bianshen_huoyan_1/bianshen_huoyan_1_attack03.unity3d
33minute:UI_Bundles/ui/prefabs/herotitle.unity3d
33minute:World_Bundles/depends/assetsraw/animation/monster/zhaozezhizhunv_boss.unity3d
33minute:World_Bundles/animation/monster/zhaozezhizhunv_boss/zhaozezhizhunv_boss_pre.unity3d
34minute:World_Bundles/animation/player/cike/cike_w_wq/cike_w_wuqi_6/cike_w_wuqi_6_ui.unity3d
34minute:World_Bundles/depends/assetsraw/animation/player/cike/cike_w_wq/cike_w_wuqi_7.unity3d
34minute:World_Bundles/animation/player/cike/cike_w_wq/cike_w_wuqi_7/cike_w_wuqi_7_ui.unity3d
34minute:World_Bundles/depends/assetsraw/animation/player/cike/cike_w_wq/cike_w_wuqi_8.unity3d
34minute:World_Bundles/animation/player/cike/cike_w_wq/cike_w_wuqi_8/cike_w_wuqi_8_ui.unity3d
34minute:World_Bundles/depends/assetsraw/animation/player/cike/cike_w_wq/cike_w_wuqi_9.unity3d
34minute:World_Bundles/animation/player/cike/cike_w_wq/cike_w_wuqi_9/cike_w_wuqi_9_ui.unity3d
34minute:World_Bundles/animation/player/cike/cike_w_wq/cike_w_wuqi_10/cike_w_wuqi_10_ui.unity3d
34minute:World_Bundles/depends/assetsraw/animation/player/cike/cike_w_wq/cike_w_wuqi_11.unity3d
34minute:World_Bundles/depends/assetsraw/animation/player/zhanshi/zhanshi_m_wuqi/zhanshi_m_wuqi_11.unity3d
34minute:World_Bundles/animation/player/cike/cike_w_wq/cike_w_wuqi_11/cike_w_wuqi_11_ui.unity3d
34minute:World_Bundles/depends/assetsraw/animation/player/cike/cike_w_wq/cike_w_wuqi_12.unity3d
34minute:World_Bundles/depends/assetsraw/animation/player/zhanshi/zhanshi_m_wuqi/zhanshi_m_wuqi_12.unity3d
34minute:World_Bundles/animation/player/cike/cike_w_wq/cike_w_wuqi_12/cike_w_wuqi_12_ui.unity3d
34minute:World_Bundles/depends/assetsraw/animation/player/cike/cike_w_wq/cike_w_wuqi_13.unity3d
34minute:World_Bundles/animation/player/cike/cike_w_wq/cike_w_wuqi_13/cike_w_wuqi_13_ui.unity3d
34minute:World_Bundles/depends/assetsraw/animation/player/cike/cike_w_wq/cike_w_wuqi_14.unity3d
34minute:World_Bundles/animation/player/cike/cike_w_wq/cike_w_wuqi_14/cike_w_wuqi_14_ui.unity3d
34minute:World_Bundles/animation/player/cike/cike_w_wq/cike_w_wuqi_15/cike_w_wuqi_15_ui.unity3d
34minute:World_Bundles/depends/assetsraw/animation/player/cike/cike_w_wq/cike_w_wuqi_16.unity3d
34minute:World_Bundles/depends/assetsraw/animation/player/zhanshi/zhanshi_m_wuqi/zhanshi_m_wuqi_17.unity3d
34minute:World_Bundles/animation/player/cike/cike_w_wq/cike_w_wuqi_16/cike_w_wuqi_16_ui.unity3d
34minute:World_Bundles/depends/assetsraw/animation/player/cike/cike_w_wq/cike_w_wuqi_17.unity3d
34minute:World_Bundles/animation/player/cike/cike_w_wq/cike_w_wuqi_17/cike_w_wuqi_17_ui.unity3d
35minute:UI_Bundles/ui/depends/atlas/buff.unity3d
35minute:UI_Bundles/ui/prefabs/buffrecord.unity3d
35minute:Lua_Bundles/lua/ui/buffrecord.unity3d
35minute:UI_Bundles/ui/atlas/buff.unity3d
36minute:World_Bundles/depends/assetsraw/animation/monster/mon026_jianyushouweiairen.unity3d
36minute:World_Bundles/animation/monster/mon026_jianyushouweiairen/mon026_jianyushouweiairen_pre.unity3d
37minute:World_Bundles/depends/assetsraw/animation/monster/mon038_juewangyouling.unity3d
37minute:World_Bundles/animation/monster/mon038_juewangyouling/mon038_juewangyouling_pre.unity3d
37minute:World_Bundles/depends/assetsraw/animation/npc/npc028_bingxuelulu.unity3d
37minute:World_Bundles/animation/npc/npc028_bingxuelulu/npc028_bingxuelulu_pre.unity3d
37minute:UI_Bundles/ui/depends/atlas/reslevel.unity3d
37minute:UI_Bundles/ui/prefabs/reslevel.unity3d
37minute:Lua_Bundles/lua/ui/reslevel.unity3d
37minute:UI_Bundles/ui/atlas/reslevel.unity3d
37minute:World_Bundles/depends/assetsraw/scene/scene_fbx/st/sc_fb_bswy.unity3d
37minute:World_Bundles/depends/assetsraw/scene/scene_fbx/zb/cs_fb_bswy.unity3d
37minute:World_Bundles/depends/assetsraw/scene/scene_texture/st/cs_fb_bswy/textures.unity3d
37minute:World_Bundles/depends/assetsraw/scene/scene_fbx/thing/cs_yw_longgu.unity3d
37minute:World_Bundles/depends/assetsraw/scene/scene_fbx/jz/cs_fb_bswy.unity3d
37minute:World_Bundles/depends/assetsraw/scene/scene_material/st/cs_fb_bswy.unity3d
37minute:World_Bundles/depends/assetsraw/scene/scene_prefab/thing/cs_yw_longgu.unity3d
37minute:World_Bundles/scenes/cs_fb_07.unity3d
38minute:World_Bundles/depends/assetsraw/animation/monster/diyuzhanshen_boss.unity3d
38minute:World_Bundles/animation/monster/diyuzhanshen_boss/diyuzhanshen_boss_pre.unity3d
38minute:World_Bundles/effect/monster/mon002_kuloufa/mon002_kuloufa_attack001_fly.unity3d
38minute:World_Bundles/skill/cell/firefly.unity3d
38minute:World_Bundles/skill/fire/fashiboss.unity3d
38minute:World_Bundles/depends/assetsraw/animation/monster/mon010_emo002.unity3d
38minute:World_Bundles/animation/monster/mon010_emo002/mon010_emo002_pre.unity3d
38minute:World_Bundles/depends/assetsraw/animation/monster/mon011_manrenzhanshi.unity3d
38minute:World_Bundles/animation/monster/mon011_manrenzhanshi/mon011_manrenzhanshi_pre.unity3d
38minute:World_Bundles/depends/assetsraw/animation/monster/mon018_busiwuyao.unity3d
38minute:World_Bundles/animation/monster/mon018_busiwuyao/mon018_busiwuyao_pre.unity3d
41minute:UI_Bundles/ui/depends/atlas/bigbg/pedestal2.unity3d
41minute:UI_Bundles/ui/prefabs/arena.unity3d
41minute:Lua_Bundles/lua/ui/arena.unity3d
41minute:World_Bundles/depends/assetsraw/animation/player/zhanshi/zhanshi_m_wuqi/zhanshi_m_wuqi_0.unity3d
41minute:World_Bundles/animation/player/zhanshi/zhanshi_m_wuqi/zhanshi_m_wuqi_0/zhanshi_m_wuqi_0_pre.unity3d
41minute:World_Bundles/depends/assetsraw/animation/player/zhanshi/zhanshi_m_2.unity3d
41minute:World_Bundles/animation/player/zhanshi/zhanshi_m_2/zhanshi_m_2_pre.unity3d
41minute:World_Bundles/depends/assetsraw/animation/player/zhanshi/zhanshi_m_3.unity3d
41minute:World_Bundles/animation/player/zhanshi/zhanshi_m_3/zhanshi_m_3_pre.unity3d
41minute:World_Bundles/depends/assetsraw/animation/player/zhanshi/zhanshi_m_wuqi/zhanshi_m_wuqi_5.unity3d
41minute:World_Bundles/animation/player/zhanshi/zhanshi_m_wuqi/zhanshi_m_wuqi_5/zhanshi_m_wuqi_5_pre.unity3d
41minute:World_Bundles/animation/player/cike/cike_w_6/cike_w_6_pre.unity3d
41minute:World_Bundles/animation/player/cike/cike_w_wq/cike_w_wuqi_12/cike_w_wuqi_12_pre.unity3d
41minute:World_Bundles/depends/assetsraw/animation/wing/wing_9.unity3d
41minute:World_Bundles/depends/assetsraw/animation/wing/wing_9/textures.unity3d
41minute:World_Bundles/animation/wing/wing_9/effect/fx_wing_9_pre.unity3d
41minute:World_Bundles/depends/assetsraw/animation/player/zhanshi/l_m_1_03.unity3d
41minute:World_Bundles/animation/player/zhanshi/l_m_1_03/l_m_1_03_pre.unity3d
41minute:World_Bundles/depends/assetsraw/animation/player/zhanshi/zhanshi_m_wuqi/l_w_1_03.unity3d
41minute:World_Bundles/depends/assetsraw/effect/textures/lgl/fx_buff_xuanyun.unity3d
41minute:World_Bundles/animation/player/zhanshi/zhanshi_m_wuqi/l_w_1_03/l_w_1_03_pre.unity3d
41minute:World_Bundles/depends/assetsraw/animation/wing/wing_8.unity3d
41minute:World_Bundles/animation/wing/wing_8/effect/fx_wing_8_pre.unity3d
41minute:UI_Bundles/ui/atlas/arena.unity3d
41minute:UI_Bundles/ui/depends/atlas/bigbg/hongb1.unity3d
41minute:UI_Bundles/ui/depends/atlas/guild.unity3d
41minute:UI_Bundles/ui/depends/atlas/oneyuan.unity3d
41minute:UI_Bundles/ui/prefabs/guild.unity3d
41minute:Lua_Bundles/lua/ui/guild.unity3d
43minute:World_Bundles/effect/ui/uf_guanxingtai_zhandou.unity3d
